Log file opened on Wed May 22 11:58:26 2019
Host: dx7-biophys-02  pid: 31703  rank ID: 0  number of ranks:  1
                   :-) GROMACS - gmx mdrun, VERSION 5.1.4 (-:

                            GROMACS is written by:
     Emile Apol      Rossen Apostolov  Herman J.C. Berendsen    Par Bjelkmar   
 Aldert van Buuren   Rudi van Drunen     Anton Feenstra   Sebastian Fritsch 
  Gerrit Groenhof   Christoph Junghans   Anca Hamuraru    Vincent Hindriksen
 Dimitrios Karkoulis    Peter Kasson        Jiri Kraus      Carsten Kutzner  
    Per Larsson      Justin A. Lemkul   Magnus Lundborg   Pieter Meulenhoff 
   Erik Marklund      Teemu Murtola       Szilard Pall       Sander Pronk   
   Roland Schulz     Alexey Shvetsov     Michael Shirts     Alfons Sijbers  
   Peter Tieleman    Teemu Virolainen  Christian Wennberg    Maarten Wolf   
                           and the project leaders:
        Mark Abraham, Berk Hess, Erik Lindahl, and David van der Spoel

Copyright (c) 1991-2000, University of Groningen, The Netherlands.
Copyright (c) 2001-2015, The GROMACS development team at
Uppsala University, Stockholm University and
the Royal Institute of Technology, Sweden.
check out http://www.gromacs.org for more information.

GROMACS is free software; you can redistribute it and/or modify it
under the terms of the GNU Lesser General Public License
as published by the Free Software Foundation; either version 2.1
of the License, or (at your option) any later version.

GROMACS:      gmx mdrun, VERSION 5.1.4
Executable:   /opt/gromacs-5.1.4/bin/gmx
Data prefix:  /opt/gromacs-5.1.4
Command line:
  gmx mdrun -v -deffnm md_1ns

GROMACS version:    VERSION 5.1.4
Precision:          single
Memory model:       64 bit
MPI library:        thread_mpi
OpenMP support:     enabled (GMX_OPENMP_MAX_THREADS = 32)
GPU support:        enabled
OpenCL support:     disabled
invsqrt routine:    gmx_software_invsqrt(x)
SIMD instructions:  AVX2_256
FFT library:        fftw-3.3.4-sse2-avx
RDTSCP usage:       enabled
C++11 compilation:  disabled
TNG support:        enabled
Tracing support:    disabled
Built on:           Fri 28 Apr 11:19:58 EEST 2017
Built by:           wkulig@dx7-biophys-02 [CMAKE]
Build OS/arch:      Linux 4.8.0-49-generic x86_64
Build CPU vendor:   GenuineIntel
Build CPU brand:    Intel(R) Core(TM) i7-7700K CPU @ 4.20GHz
Build CPU family:   6   Model: 158   Stepping: 9
Build CPU features: aes apic avx avx2 clfsh cmov cx8 cx16 f16c fma htt lahf_lm mmx msr nonstop_tsc pcid pclmuldq pdcm pdpe1gb popcnt pse rdrnd rdtscp sse2 sse3 sse4.1 sse4.2 ssse3 tdt x2apic
C compiler:         /usr/bin/cc GNU 5.4.0
C compiler flags:    -march=core-avx2    -Wextra -Wno-missing-field-initializers -Wno-sign-compare -Wpointer-arith -Wall -Wno-unused -Wunused-value -Wunused-parameter  -O3 -DNDEBUG -funroll-all-loops -fexcess-precision=fast  -Wno-array-bounds 
C++ compiler:       /usr/bin/c++ GNU 5.4.0
C++ compiler flags:  -march=core-avx2    -Wextra -Wno-missing-field-initializers -Wpointer-arith -Wall -Wno-unused-function  -O3 -DNDEBUG -funroll-all-loops -fexcess-precision=fast  -Wno-array-bounds 
Boost version:      1.58.0 (external)
CUDA compiler:      /usr/local/cuda/bin/nvcc nvcc: NVIDIA (R) Cuda compiler driver;Copyright (c) 2005-2016 NVIDIA Corporation;Built on Tue_Jan_10_13:22:03_CST_2017;Cuda compilation tools, release 8.0, V8.0.61
CUDA compiler flags:-gencode;arch=compute_20,code=sm_20;-gencode;arch=compute_30,code=sm_30;-gencode;arch=compute_35,code=sm_35;-gencode;arch=compute_37,code=sm_37;-gencode;arch=compute_50,code=sm_50;-gencode;arch=compute_52,code=sm_52;-gencode;arch=compute_60,code=sm_60;-gencode;arch=compute_61,code=sm_61;-gencode;arch=compute_60,code=compute_60;-gencode;arch=compute_61,code=compute_61;-use_fast_math;-D_FORCE_INLINES; ;-march=core-avx2;-Wextra;-Wno-missing-field-initializers;-Wpointer-arith;-Wall;-Wno-unused-function;-O3;-DNDEBUG;-funroll-all-loops;-fexcess-precision=fast;-Wno-array-bounds;
CUDA driver:        9.0
CUDA runtime:       8.0


Running on 1 node with total 4 cores, 8 logical cores, 1 compatible GPU
Hardware detected:
  CPU info:
    Vendor: GenuineIntel
    Brand:  Intel(R) Core(TM) i7-7700K CPU @ 4.20GHz
    Family:  6  model: 158  stepping:  9
    CPU features: aes apic avx avx2 clfsh cmov cx8 cx16 f16c fma htt lahf_lm mmx msr nonstop_tsc pcid pclmuldq pdcm pdpe1gb popcnt pse rdrnd rdtscp sse2 sse3 sse4.1 sse4.2 ssse3 tdt x2apic
    SIMD instructions most likely to fit this hardware: AVX2_256
    SIMD instructions selected at GROMACS compile time: AVX2_256
  GPU info:
    Number of GPUs detected: 1
    #0: NVIDIA GeForce GTX 1070, compute cap.: 6.1, ECC:  no, stat: compatible


++++ PLEASE READ AND CITE THE FOLLOWING REFERENCE ++++
M. J. Abraham, T. Murtola, R. Schulz, S. Páll, J. C. Smith, B. Hess, E.
Lindahl
GROMACS: High performance molecular simulations through multi-level
parallelism from laptops to supercomputers
SoftwareX 1 (2015) pp. 19-25
-------- -------- --- Thank You --- -------- --------


++++ PLEASE READ AND CITE THE FOLLOWING REFERENCE ++++
S. Páll, M. J. Abraham, C. Kutzner, B. Hess, E. Lindahl
Tackling Exascale Software Challenges in Molecular Dynamics Simulations with
GROMACS
In S. Markidis & E. Laure (Eds.), Solving Software Challenges for Exascale 8759 (2015) pp. 3-27
-------- -------- --- Thank You --- -------- --------


++++ PLEASE READ AND CITE THE FOLLOWING REFERENCE ++++
S. Pronk, S. Páll, R. Schulz, P. Larsson, P. Bjelkmar, R. Apostolov, M. R.
Shirts, J. C. Smith, P. M. Kasson, D. van der Spoel, B. Hess, and E. Lindahl
GROMACS 4.5: a high-throughput and highly parallel open source molecular
simulation toolkit
Bioinformatics 29 (2013) pp. 845-54
-------- -------- --- Thank You --- -------- --------


++++ PLEASE READ AND CITE THE FOLLOWING REFERENCE ++++
B. Hess and C. Kutzner and D. van der Spoel and E. Lindahl
GROMACS 4: Algorithms for highly efficient, load-balanced, and scalable
molecular simulation
J. Chem. Theory Comput. 4 (2008) pp. 435-447
-------- -------- --- Thank You --- -------- --------


++++ PLEASE READ AND CITE THE FOLLOWING REFERENCE ++++
D. van der Spoel, E. Lindahl, B. Hess, G. Groenhof, A. E. Mark and H. J. C.
Berendsen
GROMACS: Fast, Flexible and Free
J. Comp. Chem. 26 (2005) pp. 1701-1719
-------- -------- --- Thank You --- -------- --------


++++ PLEASE READ AND CITE THE FOLLOWING REFERENCE ++++
E. Lindahl and B. Hess and D. van der Spoel
GROMACS 3.0: A package for molecular simulation and trajectory analysis
J. Mol. Mod. 7 (2001) pp. 306-317
-------- -------- --- Thank You --- -------- --------


++++ PLEASE READ AND CITE THE FOLLOWING REFERENCE ++++
H. J. C. Berendsen, D. van der Spoel and R. van Drunen
GROMACS: A message-passing parallel molecular dynamics implementation
Comp. Phys. Comm. 91 (1995) pp. 43-56
-------- -------- --- Thank You --- -------- --------


For optimal performance with a GPU nstlist (now 10) should be larger.
The optimum depends on your CPU and GPU resources.
You might want to try several nstlist values.
Changing nstlist from 10 to 40, rlist from 1 to 1.099

Input Parameters:
   integrator                     = md
   tinit                          = 0
   dt                             = 0.002
   nsteps                         = 500000
   init-step                      = 0
   simulation-part                = 1
   comm-mode                      = Linear
   nstcomm                        = 100
   bd-fric                        = 0
   ld-seed                        = 2129926237
   emtol                          = 10
   emstep                         = 0.01
   niter                          = 20
   fcstep                         = 0
   nstcgsteep                     = 1000
   nbfgscorr                      = 10
   rtpi                           = 0.05
   nstxout                        = 0
   nstvout                        = 0
   nstfout                        = 0
   nstlog                         = 5000
   nstcalcenergy                  = 100
   nstenergy                      = 5000
   nstxout-compressed             = 5000
   compressed-x-precision         = 1000
   cutoff-scheme                  = Verlet
   nstlist                        = 40
   ns-type                        = Grid
   pbc                            = xyz
   periodic-molecules             = FALSE
   verlet-buffer-tolerance        = 0.005
   rlist                          = 1.099
   rlistlong                      = 1.099
   nstcalclr                      = 10
   coulombtype                    = PME
   coulomb-modifier               = Potential-shift
   rcoulomb-switch                = 0
   rcoulomb                       = 1
   epsilon-r                      = 1
   epsilon-rf                     = inf
   vdw-type                       = Cut-off
   vdw-modifier                   = Potential-shift
   rvdw-switch                    = 0
   rvdw                           = 1
   DispCorr                       = EnerPres
   table-extension                = 1
   fourierspacing                 = 0.16
   fourier-nx                     = 64
   fourier-ny                     = 64
   fourier-nz                     = 160
   pme-order                      = 4
   ewald-rtol                     = 1e-05
   ewald-rtol-lj                  = 0.001
   lj-pme-comb-rule               = Geometric
   ewald-geometry                 = 0
   epsilon-surface                = 0
   implicit-solvent               = No
   gb-algorithm                   = Still
   nstgbradii                     = 1
   rgbradii                       = 1
   gb-epsilon-solvent             = 80
   gb-saltconc                    = 0
   gb-obc-alpha                   = 1
   gb-obc-beta                    = 0.8
   gb-obc-gamma                   = 4.85
   gb-dielectric-offset           = 0.009
   sa-algorithm                   = Ace-approximation
   sa-surface-tension             = 2.05016
   tcoupl                         = V-rescale
   nsttcouple                     = 10
   nh-chain-length                = 0
   print-nose-hoover-chain-variables = FALSE
   pcoupl                         = Parrinello-Rahman
   pcoupltype                     = Isotropic
   nstpcouple                     = 10
   tau-p                          = 2
   compressibility (3x3):
      compressibility[    0]={ 4.50000e-05,  0.00000e+00,  0.00000e+00}
      compressibility[    1]={ 0.00000e+00,  4.50000e-05,  0.00000e+00}
      compressibility[    2]={ 0.00000e+00,  0.00000e+00,  4.50000e-05}
   ref-p (3x3):
      ref-p[    0]={ 1.00000e+00,  0.00000e+00,  0.00000e+00}
      ref-p[    1]={ 0.00000e+00,  1.00000e+00,  0.00000e+00}
      ref-p[    2]={ 0.00000e+00,  0.00000e+00,  1.00000e+00}
   refcoord-scaling               = No
   posres-com (3):
      posres-com[0]= 0.00000e+00
      posres-com[1]= 0.00000e+00
      posres-com[2]= 0.00000e+00
   posres-comB (3):
      posres-comB[0]= 0.00000e+00
      posres-comB[1]= 0.00000e+00
      posres-comB[2]= 0.00000e+00
   QMMM                           = FALSE
   QMconstraints                  = 0
   QMMMscheme                     = 0
   MMChargeScaleFactor            = 1
qm-opts:
   ngQM                           = 0
   constraint-algorithm           = Lincs
   continuation                   = TRUE
   Shake-SOR                      = FALSE
   shake-tol                      = 0.0001
   lincs-order                    = 4
   lincs-iter                     = 1
   lincs-warnangle                = 30
   nwall                          = 0
   wall-type                      = 9-3
   wall-r-linpot                  = -1
   wall-atomtype[0]               = -1
   wall-atomtype[1]               = -1
   wall-density[0]                = 0
   wall-density[1]                = 0
   wall-ewald-zfac                = 3
   pull                           = FALSE
   rotation                       = FALSE
   interactiveMD                  = FALSE
   disre                          = No
   disre-weighting                = Conservative
   disre-mixed                    = FALSE
   dr-fc                          = 1000
   dr-tau                         = 0
   nstdisreout                    = 100
   orire-fc                       = 0
   orire-tau                      = 0
   nstorireout                    = 100
   free-energy                    = no
   cos-acceleration               = 0
   deform (3x3):
      deform[    0]={ 0.00000e+00,  0.00000e+00,  0.00000e+00}
      deform[    1]={ 0.00000e+00,  0.00000e+00,  0.00000e+00}
      deform[    2]={ 0.00000e+00,  0.00000e+00,  0.00000e+00}
   simulated-tempering            = FALSE
   E-x:
      n = 0
   E-xt:
      n = 0
   E-y:
      n = 0
   E-yt:
      n = 0
   E-z:
      n = 0
   E-zt:
      n = 0
   swapcoords                     = no
   adress                         = FALSE
   userint1                       = 0
   userint2                       = 0
   userint3                       = 0
   userint4                       = 0
   userreal1                      = 0
   userreal2                      = 0
   userreal3                      = 0
   userreal4                      = 0
grpopts:
   nrdf:     19943.9      477039
   ref-t:         300         300
   tau-t:         0.1         0.1
annealing:          No          No
annealing-npoints:           0           0
   acc:	           0           0           0
   nfreeze:           N           N           N
   energygrp-flags[  0]: 0

Using 1 MPI thread
Using 8 OpenMP threads 

1 compatible GPU is present, with ID 0
1 GPU auto-selected for this run.
Mapping of GPU ID to the 1 PP rank in this node: 0

Will do PME sum in reciprocal space for electrostatic interactions.

++++ PLEASE READ AND CITE THE FOLLOWING REFERENCE ++++
U. Essmann, L. Perera, M. L. Berkowitz, T. Darden, H. Lee and L. G. Pedersen 
A smooth particle mesh Ewald method
J. Chem. Phys. 103 (1995) pp. 8577-8592
-------- -------- --- Thank You --- -------- --------

Will do ordinary reciprocal space Ewald sum.
Using a Gaussian width (1/beta) of 0.320163 nm for Ewald
Cut-off's:   NS: 1.099   Coulomb: 1   LJ: 1
Long Range LJ corr.: <C6> 3.0761e-04
System total charge: 0.000
Generated table with 1049 data points for Ewald.
Tabscale = 500 points/nm
Generated table with 1049 data points for LJ6.
Tabscale = 500 points/nm
Generated table with 1049 data points for LJ12.
Tabscale = 500 points/nm
Generated table with 1049 data points for 1-4 COUL.
Tabscale = 500 points/nm
Generated table with 1049 data points for 1-4 LJ6.
Tabscale = 500 points/nm
Generated table with 1049 data points for 1-4 LJ12.
Tabscale = 500 points/nm
Potential shift: LJ r^-12: -1.000e+00 r^-6: -1.000e+00, Ewald -1.000e-05
Initialized non-bonded Ewald correction tables, spacing: 9.33e-04 size: 1073


Using GPU 8x8 non-bonded kernels

Pinning threads with an auto-selected logical core stride of 1

Initializing LINear Constraint Solver

++++ PLEASE READ AND CITE THE FOLLOWING REFERENCE ++++
B. Hess and H. Bekker and H. J. C. Berendsen and J. G. E. M. Fraaije
LINCS: A Linear Constraint Solver for molecular simulations
J. Comp. Chem. 18 (1997) pp. 1463-1472
-------- -------- --- Thank You --- -------- --------

The number of constraints is 4008

++++ PLEASE READ AND CITE THE FOLLOWING REFERENCE ++++
S. Miyamoto and P. A. Kollman
SETTLE: An Analytical Version of the SHAKE and RATTLE Algorithms for Rigid
Water Models
J. Comp. Chem. 13 (1992) pp. 952-962
-------- -------- --- Thank You --- -------- --------

Center of mass motion removal mode is Linear
We have the following groups for center of mass motion removal:
  0:  rest

++++ PLEASE READ AND CITE THE FOLLOWING REFERENCE ++++
G. Bussi, D. Donadio and M. Parrinello
Canonical sampling through velocity rescaling
J. Chem. Phys. 126 (2007) pp. 014101
-------- -------- --- Thank You --- -------- --------

There are: 246360 Atoms
Initial temperature: 0 K

Started mdrun on rank 0 Wed May 22 11:58:27 2019
           Step           Time         Lambda
              0        0.00000        0.00000

   Energies (kJ/mol)
           Bond          Angle    Proper Dih. Ryckaert-Bell.          LJ-14
    9.77776e+02    3.45270e+03    2.78606e+02    7.46146e+03    9.92994e+03
     Coulomb-14        LJ (SR)  Disper. corr.   Coulomb (SR)   Coul. recip.
    5.09085e+04    7.80025e+05   -3.12442e+04   -5.38137e+06    1.91472e+04
      Potential    Kinetic En.   Total Energy    Temperature Pres. DC (bar)
   -4.54044e+06    2.59388e+03   -4.53784e+06    1.25547e+00   -2.07781e+02
 Pressure (bar)   Constr. rmsd
   -6.04228e+03    2.23513e-06

step   80: timed with pme grid 64 64 160, coulomb cutoff 1.000: 2120.2 M-cycles
step  160: timed with pme grid 60 60 144, coulomb cutoff 1.085: 1937.2 M-cycles
step  240: timed with pme grid 52 52 128, coulomb cutoff 1.221: 2023.7 M-cycles
step  320: timed with pme grid 48 48 120, coulomb cutoff 1.302: 2227.7 M-cycles
step  400: timed with pme grid 52 52 128, coulomb cutoff 1.221: 2005.4 M-cycles
step  480: timed with pme grid 52 52 144, coulomb cutoff 1.202: 1955.0 M-cycles
step  560: timed with pme grid 56 56 144, coulomb cutoff 1.116: 1893.2 M-cycles
step  640: timed with pme grid 60 60 144, coulomb cutoff 1.085: 1957.0 M-cycles
step  720: timed with pme grid 60 60 160, coulomb cutoff 1.042: 1979.3 M-cycles
step  800: timed with pme grid 64 64 160, coulomb cutoff 1.000: 2123.9 M-cycles
              optimal pme grid 56 56 144, coulomb cutoff 1.116
           Step           Time         Lambda
           5000       10.00000        0.00000

   Energies (kJ/mol)
           Bond          Angle    Proper Dih. Ryckaert-Bell.          LJ-14
    6.15441e+03    1.50491e+04    1.00188e+03    8.72595e+03    1.07732e+04
     Coulomb-14        LJ (SR)  Disper. corr.   Coulomb (SR)   Coul. recip.
    5.10612e+04    7.23706e+05   -3.18178e+04   -4.72596e+06    1.45873e+04
      Potential    Kinetic En.   Total Energy    Temperature Pres. DC (bar)
   -3.92672e+06    6.19849e+05   -3.30687e+06    3.00013e+02   -2.15470e+02
 Pressure (bar)   Constr. rmsd
    4.46505e+01    4.37574e-06

           Step           Time         Lambda
          10000       20.00000        0.00000

   Energies (kJ/mol)
           Bond          Angle    Proper Dih. Ryckaert-Bell.          LJ-14
    5.90398e+03    1.56003e+04    1.02133e+03    8.53059e+03    1.08092e+04
     Coulomb-14        LJ (SR)  Disper. corr.   Coulomb (SR)   Coul. recip.
    5.11536e+04    7.22231e+05   -3.18387e+04   -4.72755e+06    1.45604e+04
      Potential    Kinetic En.   Total Energy    Temperature Pres. DC (bar)
   -3.92958e+06    6.21149e+05   -3.30843e+06    3.00642e+02   -2.15753e+02
 Pressure (bar)   Constr. rmsd
    1.67293e+01    4.57525e-06

           Step           Time         Lambda
          15000       30.00000        0.00000

   Energies (kJ/mol)
           Bond          Angle    Proper Dih. Ryckaert-Bell.          LJ-14
    5.68256e+03    1.50609e+04    9.76472e+02    8.64315e+03    1.08786e+04
     Coulomb-14        LJ (SR)  Disper. corr.   Coulomb (SR)   Coul. recip.
    5.10270e+04    7.23001e+05   -3.18665e+04   -4.72793e+06    1.46234e+04
      Potential    Kinetic En.   Total Energy    Temperature Pres. DC (bar)
   -3.92990e+06    6.21437e+05   -3.30846e+06    3.00782e+02   -2.16130e+02
 Pressure (bar)   Constr. rmsd
    7.25685e+01    4.49166e-06

           Step           Time         Lambda
          20000       40.00000        0.00000

   Energies (kJ/mol)
           Bond          Angle    Proper Dih. Ryckaert-Bell.          LJ-14
    5.85639e+03    1.50835e+04    9.10647e+02    8.70633e+03    1.08475e+04
     Coulomb-14        LJ (SR)  Disper. corr.   Coulomb (SR)   Coul. recip.
    5.10865e+04    7.23944e+05   -3.18133e+04   -4.72718e+06    1.45649e+04
      Potential    Kinetic En.   Total Energy    Temperature Pres. DC (bar)
   -3.92799e+06    6.18791e+05   -3.30920e+06    2.99501e+02   -2.15409e+02
 Pressure (bar)   Constr. rmsd
    5.05662e+01    4.56469e-06

           Step           Time         Lambda
          25000       50.00000        0.00000

   Energies (kJ/mol)
           Bond          Angle    Proper Dih. Ryckaert-Bell.          LJ-14
    5.68935e+03    1.52542e+04    9.98989e+02    8.57551e+03    1.08820e+04
     Coulomb-14        LJ (SR)  Disper. corr.   Coulomb (SR)   Coul. recip.
    5.10879e+04    7.20304e+05   -3.17974e+04   -4.72415e+06    1.44032e+04
      Potential    Kinetic En.   Total Energy    Temperature Pres. DC (bar)
   -3.92875e+06    6.18098e+05   -3.31066e+06    2.99166e+02   -2.15194e+02
 Pressure (bar)   Constr. rmsd
   -3.64180e+01    4.54721e-06

           Step           Time         Lambda
          30000       60.00000        0.00000

   Energies (kJ/mol)
           Bond          Angle    Proper Dih. Ryckaert-Bell.          LJ-14
    5.83917e+03    1.53703e+04    1.02813e+03    8.42262e+03    1.08576e+04
     Coulomb-14        LJ (SR)  Disper. corr.   Coulomb (SR)   Coul. recip.
    5.12411e+04    7.23365e+05   -3.18528e+04   -4.73026e+06    1.43892e+04
      Potential    Kinetic En.   Total Energy    Temperature Pres. DC (bar)
   -3.93160e+06    6.20676e+05   -3.31092e+06    3.00414e+02   -2.15944e+02
 Pressure (bar)   Constr. rmsd
    2.26682e+01    4.51578e-06

           Step           Time         Lambda
          35000       70.00000        0.00000

   Energies (kJ/mol)
           Bond          Angle    Proper Dih. Ryckaert-Bell.          LJ-14
    5.59637e+03    1.50851e+04    1.02759e+03    8.56812e+03    1.07028e+04
     Coulomb-14        LJ (SR)  Disper. corr.   Coulomb (SR)   Coul. recip.
    5.11206e+04    7.21059e+05   -3.18769e+04   -4.72492e+06    1.44645e+04
      Potential    Kinetic En.   Total Energy    Temperature Pres. DC (bar)
   -3.92918e+06    6.18457e+05   -3.31072e+06    2.99340e+02   -2.16270e+02
 Pressure (bar)   Constr. rmsd
    6.65460e+00    4.71067e-06

           Step           Time         Lambda
          40000       80.00000        0.00000

   Energies (kJ/mol)
           Bond          Angle    Proper Dih. Ryckaert-Bell.          LJ-14
    5.72383e+03    1.52256e+04    9.54048e+02    8.57287e+03    1.10400e+04
     Coulomb-14        LJ (SR)  Disper. corr.   Coulomb (SR)   Coul. recip.
    5.12473e+04    7.18723e+05   -3.17733e+04   -4.72269e+06    1.46956e+04
      Potential    Kinetic En.   Total Energy    Temperature Pres. DC (bar)
   -3.92828e+06    6.20736e+05   -3.30754e+06    3.00443e+02   -2.14869e+02
 Pressure (bar)   Constr. rmsd
   -5.43685e+01    4.37475e-06

           Step           Time         Lambda
          45000       90.00000        0.00000

   Energies (kJ/mol)
           Bond          Angle    Proper Dih. Ryckaert-Bell.          LJ-14
    5.81033e+03    1.51789e+04    1.00053e+03    8.40690e+03    1.07781e+04
     Coulomb-14        LJ (SR)  Disper. corr.   Coulomb (SR)   Coul. recip.
    5.12580e+04    7.22527e+05   -3.18820e+04   -4.72816e+06    1.44546e+04
      Potential    Kinetic En.   Total Energy    Temperature Pres. DC (bar)
   -3.93063e+06    6.19757e+05   -3.31087e+06    2.99969e+02   -2.16339e+02
 Pressure (bar)   Constr. rmsd
    5.20026e+01    4.57462e-06

           Step           Time         Lambda
          50000      100.00000        0.00000

   Energies (kJ/mol)
           Bond          Angle    Proper Dih. Ryckaert-Bell.          LJ-14
    5.88198e+03    1.52410e+04    9.94775e+02    8.56297e+03    1.06836e+04
     Coulomb-14        LJ (SR)  Disper. corr.   Coulomb (SR)   Coul. recip.
    5.10732e+04    7.20412e+05   -3.18409e+04   -4.72228e+06    1.45358e+04
      Potential    Kinetic En.   Total Energy    Temperature Pres. DC (bar)
   -3.92674e+06    6.18457e+05   -3.30828e+06    2.99339e+02   -2.15782e+02
 Pressure (bar)   Constr. rmsd
   -3.30785e+01    4.65974e-06

           Step           Time         Lambda
          55000      110.00000        0.00000

   Energies (kJ/mol)
           Bond          Angle    Proper Dih. Ryckaert-Bell.          LJ-14
    5.76766e+03    1.55206e+04    9.65258e+02    8.33429e+03    1.10284e+04
     Coulomb-14        LJ (SR)  Disper. corr.   Coulomb (SR)   Coul. recip.
    5.13316e+04    7.24079e+05   -3.18409e+04   -4.72779e+06    1.45711e+04
      Potential    Kinetic En.   Total Energy    Temperature Pres. DC (bar)
   -3.92803e+06    6.22921e+05   -3.30511e+06    3.01500e+02   -2.15782e+02
 Pressure (bar)   Constr. rmsd
    8.64503e+01    4.60356e-06

           Step           Time         Lambda
          60000      120.00000        0.00000

   Energies (kJ/mol)
           Bond          Angle    Proper Dih. Ryckaert-Bell.          LJ-14
    5.99975e+03    1.53326e+04    8.89960e+02    8.56827e+03    1.06740e+04
     Coulomb-14        LJ (SR)  Disper. corr.   Coulomb (SR)   Coul. recip.
    5.11802e+04    7.18658e+05   -3.18452e+04   -4.72168e+06    1.48282e+04
      Potential    Kinetic En.   Total Energy    Temperature Pres. DC (bar)
   -3.92739e+06    6.21615e+05   -3.30578e+06    3.00868e+02   -2.15840e+02
 Pressure (bar)   Constr. rmsd
   -2.80449e+01    4.47569e-06

           Step           Time         Lambda
          65000      130.00000        0.00000

   Energies (kJ/mol)
           Bond          Angle    Proper Dih. Ryckaert-Bell.          LJ-14
    5.63259e+03    1.51025e+04    1.01130e+03    8.83292e+03    1.10258e+04
     Coulomb-14        LJ (SR)  Disper. corr.   Coulomb (SR)   Coul. recip.
    5.13686e+04    7.23014e+05   -3.18359e+04   -4.72543e+06    1.44103e+04
      Potential    Kinetic En.   Total Energy    Temperature Pres. DC (bar)
   -3.92687e+06    6.20994e+05   -3.30587e+06    3.00567e+02   -2.15715e+02
 Pressure (bar)   Constr. rmsd
    9.56563e+01    4.45083e-06

           Step           Time         Lambda
          70000      140.00000        0.00000

Writing checkpoint, step 70000 at Wed May 22 12:13:28 2019


   Energies (kJ/mol)
           Bond          Angle    Proper Dih. Ryckaert-Bell.          LJ-14
    5.86585e+03    1.50724e+04    1.02840e+03    8.46900e+03    1.09719e+04
     Coulomb-14        LJ (SR)  Disper. corr.   Coulomb (SR)   Coul. recip.
    5.13538e+04    7.17199e+05   -3.18800e+04   -4.71955e+06    1.44659e+04
      Potential    Kinetic En.   Total Energy    Temperature Pres. DC (bar)
   -3.92701e+06    6.18846e+05   -3.30816e+06    2.99528e+02   -2.16312e+02
 Pressure (bar)   Constr. rmsd
   -2.82774e+01    4.56975e-06

           Step           Time         Lambda
          75000      150.00000        0.00000

   Energies (kJ/mol)
           Bond          Angle    Proper Dih. Ryckaert-Bell.          LJ-14
    5.94993e+03    1.51745e+04    9.77794e+02    8.72224e+03    1.08583e+04
     Coulomb-14        LJ (SR)  Disper. corr.   Coulomb (SR)   Coul. recip.
    5.13238e+04    7.16876e+05   -3.18071e+04   -4.71882e+06    1.43930e+04
      Potential    Kinetic En.   Total Energy    Temperature Pres. DC (bar)
   -3.92636e+06    6.18966e+05   -3.30739e+06    2.99586e+02   -2.15326e+02
 Pressure (bar)   Constr. rmsd
   -9.10267e+01    4.55460e-06

           Step           Time         Lambda
          80000      160.00000        0.00000

   Energies (kJ/mol)
           Bond          Angle    Proper Dih. Ryckaert-Bell.          LJ-14
    5.84380e+03    1.52496e+04    9.66287e+02    8.39268e+03    1.06777e+04
     Coulomb-14        LJ (SR)  Disper. corr.   Coulomb (SR)   Coul. recip.
    5.12081e+04    7.23126e+05   -3.18192e+04   -4.72640e+06    1.46200e+04
      Potential    Kinetic En.   Total Energy    Temperature Pres. DC (bar)
   -3.92813e+06    6.19800e+05   -3.30833e+06    2.99989e+02   -2.15489e+02
 Pressure (bar)   Constr. rmsd
    4.78667e+01    4.58811e-06

           Step           Time         Lambda
          85000      170.00000        0.00000

   Energies (kJ/mol)
           Bond          Angle    Proper Dih. Ryckaert-Bell.          LJ-14
    5.92209e+03    1.48609e+04    9.81173e+02    8.54032e+03    1.08499e+04
     Coulomb-14        LJ (SR)  Disper. corr.   Coulomb (SR)   Coul. recip.
    5.12649e+04    7.21659e+05   -3.18269e+04   -4.72788e+06    1.45069e+04
      Potential    Kinetic En.   Total Energy    Temperature Pres. DC (bar)
   -3.93112e+06    6.19656e+05   -3.31146e+06    2.99919e+02   -2.15594e+02
 Pressure (bar)   Constr. rmsd
   -1.77830e+01    4.41748e-06

           Step           Time         Lambda
          90000      180.00000        0.00000

   Energies (kJ/mol)
           Bond          Angle    Proper Dih. Ryckaert-Bell.          LJ-14
    5.74405e+03    1.50994e+04    1.05673e+03    8.36896e+03    1.08493e+04
     Coulomb-14        LJ (SR)  Disper. corr.   Coulomb (SR)   Coul. recip.
    5.12378e+04    7.18626e+05   -3.18569e+04   -4.72220e+06    1.45546e+04
      Potential    Kinetic En.   Total Energy    Temperature Pres. DC (bar)
   -3.92852e+06    6.18560e+05   -3.30996e+06    2.99389e+02   -2.15999e+02
 Pressure (bar)   Constr. rmsd
   -1.35431e+01    4.49619e-06

           Step           Time         Lambda
          95000      190.00000        0.00000

   Energies (kJ/mol)
           Bond          Angle    Proper Dih. Ryckaert-Bell.          LJ-14
    5.85619e+03    1.50954e+04    9.55271e+02    8.44863e+03    1.09408e+04
     Coulomb-14        LJ (SR)  Disper. corr.   Coulomb (SR)   Coul. recip.
    5.12789e+04    7.25560e+05   -3.18586e+04   -4.73176e+06    1.44683e+04
      Potential    Kinetic En.   Total Energy    Temperature Pres. DC (bar)
   -3.93101e+06    6.18112e+05   -3.31290e+06    2.99172e+02   -2.16023e+02
 Pressure (bar)   Constr. rmsd
    9.64986e+01    4.68026e-06

           Step           Time         Lambda
         100000      200.00000        0.00000

   Energies (kJ/mol)
           Bond          Angle    Proper Dih. Ryckaert-Bell.          LJ-14
    5.94267e+03    1.56183e+04    1.02586e+03    8.47227e+03    1.08935e+04
     Coulomb-14        LJ (SR)  Disper. corr.   Coulomb (SR)   Coul. recip.
    5.14980e+04    7.21108e+05   -3.18239e+04   -4.72545e+06    1.46216e+04
      Potential    Kinetic En.   Total Energy    Temperature Pres. DC (bar)
   -3.92809e+06    6.20186e+05   -3.30790e+06    3.00176e+02   -2.15553e+02
 Pressure (bar)   Constr. rmsd
    8.20030e+00    4.53640e-06

           Step           Time         Lambda
         105000      210.00000        0.00000

   Energies (kJ/mol)
           Bond          Angle    Proper Dih. Ryckaert-Bell.          LJ-14
    5.71866e+03    1.52450e+04    1.03078e+03    8.52741e+03    1.07625e+04
     Coulomb-14        LJ (SR)  Disper. corr.   Coulomb (SR)   Coul. recip.
    5.11116e+04    7.20909e+05   -3.18145e+04   -4.72345e+06    1.45875e+04
      Potential    Kinetic En.   Total Energy    Temperature Pres. DC (bar)
   -3.92737e+06    6.18998e+05   -3.30837e+06    2.99601e+02   -2.15426e+02
 Pressure (bar)   Constr. rmsd
   -1.53412e-01    4.41906e-06

           Step           Time         Lambda
         110000      220.00000        0.00000

   Energies (kJ/mol)
           Bond          Angle    Proper Dih. Ryckaert-Bell.          LJ-14
    5.75234e+03    1.54189e+04    9.89645e+02    8.55081e+03    1.07109e+04
     Coulomb-14        LJ (SR)  Disper. corr.   Coulomb (SR)   Coul. recip.
    5.09515e+04    7.21710e+05   -3.18098e+04   -4.72588e+06    1.44357e+04
      Potential    Kinetic En.   Total Energy    Temperature Pres. DC (bar)
   -3.92917e+06    6.22330e+05   -3.30684e+06    3.01214e+02   -2.15362e+02
 Pressure (bar)   Constr. rmsd
   -8.50955e+00    4.50145e-06

           Step           Time         Lambda
         115000      230.00000        0.00000

   Energies (kJ/mol)
           Bond          Angle    Proper Dih. Ryckaert-Bell.          LJ-14
    5.88758e+03    1.55054e+04    9.39647e+02    8.29947e+03    1.07432e+04
     Coulomb-14        LJ (SR)  Disper. corr.   Coulomb (SR)   Coul. recip.
    5.09999e+04    7.20719e+05   -3.18829e+04   -4.72519e+06    1.46787e+04
      Potential    Kinetic En.   Total Energy    Temperature Pres. DC (bar)
   -3.92930e+06    6.22721e+05   -3.30658e+06    3.01403e+02   -2.16352e+02
 Pressure (bar)   Constr. rmsd
   -5.95709e+00    4.61925e-06

           Step           Time         Lambda
         120000      240.00000        0.00000

   Energies (kJ/mol)
           Bond          Angle    Proper Dih. Ryckaert-Bell.          LJ-14
    6.22706e+03    1.49977e+04    9.42469e+02    8.48307e+03    1.07048e+04
     Coulomb-14        LJ (SR)  Disper. corr.   Coulomb (SR)   Coul. recip.
    5.10991e+04    7.18573e+05   -3.18639e+04   -4.72051e+06    1.43979e+04
      Potential    Kinetic En.   Total Energy    Temperature Pres. DC (bar)
   -3.92695e+06    6.19621e+05   -3.30733e+06    2.99903e+02   -2.16095e+02
 Pressure (bar)   Constr. rmsd
   -5.97865e+01    4.64182e-06

           Step           Time         Lambda
         125000      250.00000        0.00000

   Energies (kJ/mol)
           Bond          Angle    Proper Dih. Ryckaert-Bell.          LJ-14
    5.97841e+03    1.53993e+04    9.82112e+02    8.27738e+03    1.08302e+04
     Coulomb-14        LJ (SR)  Disper. corr.   Coulomb (SR)   Coul. recip.
    5.12363e+04    7.21268e+05   -3.18800e+04   -4.72190e+06    1.45396e+04
      Potential    Kinetic En.   Total Energy    Temperature Pres. DC (bar)
   -3.92526e+06    6.20291e+05   -3.30497e+06    3.00227e+02   -2.16312e+02
 Pressure (bar)   Constr. rmsd
    3.42173e+01    4.55017e-06

           Step           Time         Lambda
         130000      260.00000        0.00000

   Energies (kJ/mol)
           Bond          Angle    Proper Dih. Ryckaert-Bell.          LJ-14
    5.84677e+03    1.52429e+04    1.02762e+03    8.21755e+03    1.08767e+04
     Coulomb-14        LJ (SR)  Disper. corr.   Coulomb (SR)   Coul. recip.
    5.11185e+04    7.22452e+05   -3.18632e+04   -4.72665e+06    1.46579e+04
      Potential    Kinetic En.   Total Energy    Temperature Pres. DC (bar)
   -3.92908e+06    6.18575e+05   -3.31050e+06    2.99396e+02   -2.16085e+02
 Pressure (bar)   Constr. rmsd
    6.49732e+01    4.71401e-06

           Step           Time         Lambda
         135000      270.00000        0.00000

   Energies (kJ/mol)
           Bond          Angle    Proper Dih. Ryckaert-Bell.          LJ-14
    5.69934e+03    1.51951e+04    1.02628e+03    8.18287e+03    1.09028e+04
     Coulomb-14        LJ (SR)  Disper. corr.   Coulomb (SR)   Coul. recip.
    5.12041e+04    7.19994e+05   -3.18606e+04   -4.72566e+06    1.47088e+04
      Potential    Kinetic En.   Total Energy    Temperature Pres. DC (bar)
   -3.93061e+06    6.19591e+05   -3.31102e+06    2.99888e+02   -2.16049e+02
 Pressure (bar)   Constr. rmsd
    5.27637e+00    4.42863e-06

           Step           Time         Lambda
         140000      280.00000        0.00000

   Energies (kJ/mol)
           Bond          Angle    Proper Dih. Ryckaert-Bell.          LJ-14
    6.05104e+03    1.50064e+04    9.58747e+02    8.50190e+03    1.06992e+04
     Coulomb-14        LJ (SR)  Disper. corr.   Coulomb (SR)   Coul. recip.
    5.11297e+04    7.22243e+05   -3.18203e+04   -4.72585e+06    1.45693e+04
      Potential    Kinetic En.   Total Energy    Temperature Pres. DC (bar)
   -3.92851e+06    6.19919e+05   -3.30859e+06    3.00047e+02   -2.15504e+02
 Pressure (bar)   Constr. rmsd
   -7.70714e+00    4.44062e-06

           Step           Time         Lambda
         145000      290.00000        0.00000

   Energies (kJ/mol)
           Bond          Angle    Proper Dih. Ryckaert-Bell.          LJ-14
    5.75126e+03    1.50881e+04    9.48601e+02    8.39708e+03    1.08563e+04
     Coulomb-14        LJ (SR)  Disper. corr.   Coulomb (SR)   Coul. recip.
    5.12146e+04    7.20227e+05   -3.18587e+04   -4.72521e+06    1.44393e+04
      Potential    Kinetic En.   Total Energy    Temperature Pres. DC (bar)
   -3.93015e+06    6.19894e+05   -3.31025e+06    3.00035e+02   -2.16024e+02
 Pressure (bar)   Constr. rmsd
    5.96594e+00    4.57652e-06

Writing checkpoint, step 146120 at Wed May 22 12:28:28 2019


           Step           Time         Lambda
         150000      300.00000        0.00000

   Energies (kJ/mol)
           Bond          Angle    Proper Dih. Ryckaert-Bell.          LJ-14
    5.87660e+03    1.51878e+04    9.63030e+02    8.29862e+03    1.09654e+04
     Coulomb-14        LJ (SR)  Disper. corr.   Coulomb (SR)   Coul. recip.
    5.12402e+04    7.18899e+05   -3.17779e+04   -4.71930e+06    1.47519e+04
      Potential    Kinetic En.   Total Energy    Temperature Pres. DC (bar)
   -3.92490e+06    6.19438e+05   -3.30546e+06    2.99814e+02   -2.14931e+02
 Pressure (bar)   Constr. rmsd
   -2.36708e+01    4.57416e-06

           Step           Time         Lambda
         155000      310.00000        0.00000

   Energies (kJ/mol)
           Bond          Angle    Proper Dih. Ryckaert-Bell.          LJ-14
    5.81208e+03    1.54581e+04    9.26974e+02    8.12758e+03    1.07553e+04
     Coulomb-14        LJ (SR)  Disper. corr.   Coulomb (SR)   Coul. recip.
    5.10642e+04    7.18251e+05   -3.18308e+04   -4.72118e+06    1.44631e+04
      Potential    Kinetic En.   Total Energy    Temperature Pres. DC (bar)
   -3.92815e+06    6.21167e+05   -3.30699e+06    3.00651e+02   -2.15646e+02
 Pressure (bar)   Constr. rmsd
   -5.32609e+01    4.76812e-06

           Step           Time         Lambda
         160000      320.00000        0.00000

   Energies (kJ/mol)
           Bond          Angle    Proper Dih. Ryckaert-Bell.          LJ-14
    5.87366e+03    1.57918e+04    9.72106e+02    8.27006e+03    1.08265e+04
     Coulomb-14        LJ (SR)  Disper. corr.   Coulomb (SR)   Coul. recip.
    5.11316e+04    7.16966e+05   -3.18093e+04   -4.71916e+06    1.45721e+04
      Potential    Kinetic En.   Total Energy    Temperature Pres. DC (bar)
   -3.92657e+06    6.23121e+05   -3.30345e+06    3.01597e+02   -2.15355e+02
 Pressure (bar)   Constr. rmsd
   -7.31066e+01    4.64966e-06

           Step           Time         Lambda
         165000      330.00000        0.00000

   Energies (kJ/mol)
           Bond          Angle    Proper Dih. Ryckaert-Bell.          LJ-14
    6.05394e+03    1.52387e+04    1.00844e+03    8.24846e+03    1.09180e+04
     Coulomb-14        LJ (SR)  Disper. corr.   Coulomb (SR)   Coul. recip.
    5.12348e+04    7.21275e+05   -3.18571e+04   -4.72432e+06    1.46481e+04
      Potential    Kinetic En.   Total Energy    Temperature Pres. DC (bar)
   -3.92755e+06    6.18427e+05   -3.30912e+06    2.99325e+02   -2.16001e+02
 Pressure (bar)   Constr. rmsd
    3.96696e+01    4.39331e-06

           Step           Time         Lambda
         170000      340.00000        0.00000

   Energies (kJ/mol)
           Bond          Angle    Proper Dih. Ryckaert-Bell.          LJ-14
    5.88142e+03    1.55333e+04    9.49488e+02    8.29353e+03    1.06440e+04
     Coulomb-14        LJ (SR)  Disper. corr.   Coulomb (SR)   Coul. recip.
    5.11621e+04    7.19878e+05   -3.18252e+04   -4.71982e+06    1.45958e+04
      Potential    Kinetic En.   Total Energy    Temperature Pres. DC (bar)
   -3.92470e+06    6.19748e+05   -3.30496e+06    2.99964e+02   -2.15570e+02
 Pressure (bar)   Constr. rmsd
   -1.78979e+01    4.74354e-06

           Step           Time         Lambda
         175000      350.00000        0.00000

   Energies (kJ/mol)
           Bond          Angle    Proper Dih. Ryckaert-Bell.          LJ-14
    5.77290e+03    1.51408e+04    9.70614e+02    8.30118e+03    1.09560e+04
     Coulomb-14        LJ (SR)  Disper. corr.   Coulomb (SR)   Coul. recip.
    5.12378e+04    7.19909e+05   -3.18340e+04   -4.72223e+06    1.45018e+04
      Potential    Kinetic En.   Total Energy    Temperature Pres. DC (bar)
   -3.92727e+06    6.21332e+05   -3.30594e+06    3.00731e+02   -2.15689e+02
 Pressure (bar)   Constr. rmsd
   -3.20369e+00    4.60410e-06

           Step           Time         Lambda
         180000      360.00000        0.00000

   Energies (kJ/mol)
           Bond          Angle    Proper Dih. Ryckaert-Bell.          LJ-14
    5.82078e+03    1.54977e+04    9.57404e+02    8.08511e+03    1.07136e+04
     Coulomb-14        LJ (SR)  Disper. corr.   Coulomb (SR)   Coul. recip.
    5.12881e+04    7.18255e+05   -3.18421e+04   -4.72331e+06    1.45516e+04
      Potential    Kinetic En.   Total Energy    Temperature Pres. DC (bar)
   -3.92999e+06    6.20412e+05   -3.30958e+06    3.00286e+02   -2.15799e+02
 Pressure (bar)   Constr. rmsd
   -7.40352e+01    4.56201e-06

           Step           Time         Lambda
         185000      370.00000        0.00000

   Energies (kJ/mol)
           Bond          Angle    Proper Dih. Ryckaert-Bell.          LJ-14
    6.04377e+03    1.52014e+04    9.88499e+02    8.15183e+03    1.07208e+04
     Coulomb-14        LJ (SR)  Disper. corr.   Coulomb (SR)   Coul. recip.
    5.10373e+04    7.19013e+05   -3.18722e+04   -4.72253e+06    1.46583e+04
      Potential    Kinetic En.   Total Energy    Temperature Pres. DC (bar)
   -3.92858e+06    6.19924e+05   -3.30866e+06    3.00049e+02   -2.16206e+02
 Pressure (bar)   Constr. rmsd
   -3.04471e+01    4.60822e-06

           Step           Time         Lambda
         190000      380.00000        0.00000

   Energies (kJ/mol)
           Bond          Angle    Proper Dih. Ryckaert-Bell.          LJ-14
    5.79934e+03    1.56380e+04    9.68978e+02    8.24171e+03    1.08954e+04
     Coulomb-14        LJ (SR)  Disper. corr.   Coulomb (SR)   Coul. recip.
    5.11284e+04    7.24156e+05   -3.18781e+04   -4.72929e+06    1.45855e+04
      Potential    Kinetic En.   Total Energy    Temperature Pres. DC (bar)
   -3.92976e+06    6.20249e+05   -3.30951e+06    3.00207e+02   -2.16286e+02
 Pressure (bar)   Constr. rmsd
    9.66200e+01    4.54821e-06

           Step           Time         Lambda
         195000      390.00000        0.00000

   Energies (kJ/mol)
           Bond          Angle    Proper Dih. Ryckaert-Bell.          LJ-14
    5.90630e+03    1.54357e+04    1.00331e+03    8.15229e+03    1.07251e+04
     Coulomb-14        LJ (SR)  Disper. corr.   Coulomb (SR)   Coul. recip.
    5.11628e+04    7.22454e+05   -3.18337e+04   -4.72307e+06    1.45372e+04
      Potential    Kinetic En.   Total Energy    Temperature Pres. DC (bar)
   -3.92553e+06    6.21581e+05   -3.30395e+06    3.00851e+02   -2.15686e+02
 Pressure (bar)   Constr. rmsd
    4.53541e+01    4.71931e-06

           Step           Time         Lambda
         200000      400.00000        0.00000

   Energies (kJ/mol)
           Bond          Angle    Proper Dih. Ryckaert-Bell.          LJ-14
    6.00399e+03    1.54498e+04    9.97872e+02    8.16406e+03    1.06668e+04
     Coulomb-14        LJ (SR)  Disper. corr.   Coulomb (SR)   Coul. recip.
    5.10616e+04    7.20343e+05   -3.18344e+04   -4.72392e+06    1.44064e+04
      Potential    Kinetic En.   Total Energy    Temperature Pres. DC (bar)
   -3.92866e+06    6.19946e+05   -3.30872e+06    3.00060e+02   -2.15694e+02
 Pressure (bar)   Constr. rmsd
   -1.80849e+01    4.53568e-06

           Step           Time         Lambda
         205000      410.00000        0.00000

   Energies (kJ/mol)
           Bond          Angle    Proper Dih. Ryckaert-Bell.          LJ-14
    5.89294e+03    1.50279e+04    9.59226e+02    8.11022e+03    1.08413e+04
     Coulomb-14        LJ (SR)  Disper. corr.   Coulomb (SR)   Coul. recip.
    5.12114e+04    7.20694e+05   -3.18945e+04   -4.72823e+06    1.44474e+04
      Potential    Kinetic En.   Total Energy    Temperature Pres. DC (bar)
   -3.93294e+06    6.19606e+05   -3.31333e+06    2.99895e+02   -2.16508e+02
 Pressure (bar)   Constr. rmsd
   -1.47222e+01    4.46430e-06

           Step           Time         Lambda
         210000      420.00000        0.00000

   Energies (kJ/mol)
           Bond          Angle    Proper Dih. Ryckaert-Bell.          LJ-14
    5.91000e+03    1.54714e+04    9.53146e+02    8.10258e+03    1.07570e+04
     Coulomb-14        LJ (SR)  Disper. corr.   Coulomb (SR)   Coul. recip.
    5.10773e+04    7.18233e+05   -3.18095e+04   -4.72071e+06    1.45866e+04
      Potential    Kinetic En.   Total Energy    Temperature Pres. DC (bar)
   -3.92743e+06    6.19314e+05   -3.30811e+06    2.99754e+02   -2.15358e+02
 Pressure (bar)   Constr. rmsd
   -8.58482e+01    4.62008e-06

           Step           Time         Lambda
         215000      430.00000        0.00000

   Energies (kJ/mol)
           Bond          Angle    Proper Dih. Ryckaert-Bell.          LJ-14
    5.61761e+03    1.53509e+04    8.92215e+02    8.17144e+03    1.08985e+04
     Coulomb-14        LJ (SR)  Disper. corr.   Coulomb (SR)   Coul. recip.
    5.12441e+04    7.22966e+05   -3.18434e+04   -4.72881e+06    1.46382e+04
      Potential    Kinetic En.   Total Energy    Temperature Pres. DC (bar)
   -3.93088e+06    6.18734e+05   -3.31214e+06    2.99474e+02   -2.15816e+02
 Pressure (bar)   Constr. rmsd
    8.10861e+00    4.47307e-06

           Step           Time         Lambda
         220000      440.00000        0.00000

   Energies (kJ/mol)
           Bond          Angle    Proper Dih. Ryckaert-Bell.          LJ-14
    5.95373e+03    1.52383e+04    1.00217e+03    8.17010e+03    1.08333e+04
     Coulomb-14        LJ (SR)  Disper. corr.   Coulomb (SR)   Coul. recip.
    5.10602e+04    7.18725e+05   -3.18231e+04   -4.71937e+06    1.44105e+04
      Potential    Kinetic En.   Total Energy    Temperature Pres. DC (bar)
   -3.92580e+06    6.19820e+05   -3.30598e+06    2.99999e+02   -2.15542e+02
 Pressure (bar)   Constr. rmsd
   -3.34538e+01    4.49010e-06

Writing checkpoint, step 221000 at Wed May 22 12:43:28 2019


           Step           Time         Lambda
         225000      450.00000        0.00000

   Energies (kJ/mol)
           Bond          Angle    Proper Dih. Ryckaert-Bell.          LJ-14
    5.69634e+03    1.54257e+04    9.58062e+02    8.14586e+03    1.08659e+04
     Coulomb-14        LJ (SR)  Disper. corr.   Coulomb (SR)   Coul. recip.
    5.13284e+04    7.21965e+05   -3.18070e+04   -4.72813e+06    1.45802e+04
      Potential    Kinetic En.   Total Energy    Temperature Pres. DC (bar)
   -3.93097e+06    6.19675e+05   -3.31130e+06    2.99929e+02   -2.15324e+02
 Pressure (bar)   Constr. rmsd
   -2.51882e+01    4.46052e-06

           Step           Time         Lambda
         230000      460.00000        0.00000

   Energies (kJ/mol)
           Bond          Angle    Proper Dih. Ryckaert-Bell.          LJ-14
    5.99735e+03    1.51462e+04    1.04913e+03    7.94636e+03    1.07582e+04
     Coulomb-14        LJ (SR)  Disper. corr.   Coulomb (SR)   Coul. recip.
    5.09980e+04    7.20101e+05   -3.17797e+04   -4.72525e+06    1.45577e+04
      Potential    Kinetic En.   Total Energy    Temperature Pres. DC (bar)
   -3.93047e+06    6.20340e+05   -3.31013e+06    3.00251e+02   -2.14955e+02
 Pressure (bar)   Constr. rmsd
   -5.12736e+01    4.46237e-06

           Step           Time         Lambda
         235000      470.00000        0.00000

   Energies (kJ/mol)
           Bond          Angle    Proper Dih. Ryckaert-Bell.          LJ-14
    5.81815e+03    1.57213e+04    9.68333e+02    8.09818e+03    1.06939e+04
     Coulomb-14        LJ (SR)  Disper. corr.   Coulomb (SR)   Coul. recip.
    5.09889e+04    7.21779e+05   -3.18801e+04   -4.72390e+06    1.46977e+04
      Potential    Kinetic En.   Total Energy    Temperature Pres. DC (bar)
   -3.92701e+06    6.20427e+05   -3.30659e+06    3.00293e+02   -2.16313e+02
 Pressure (bar)   Constr. rmsd
    5.75962e+01    4.67485e-06

           Step           Time         Lambda
         240000      480.00000        0.00000

   Energies (kJ/mol)
           Bond          Angle    Proper Dih. Ryckaert-Bell.          LJ-14
    5.90892e+03    1.50691e+04    9.07948e+02    8.17680e+03    1.09293e+04
     Coulomb-14        LJ (SR)  Disper. corr.   Coulomb (SR)   Coul. recip.
    5.11574e+04    7.18254e+05   -3.18458e+04   -4.72138e+06    1.42651e+04
      Potential    Kinetic En.   Total Energy    Temperature Pres. DC (bar)
   -3.92856e+06    6.16894e+05   -3.31167e+06    2.98583e+02   -2.15849e+02
 Pressure (bar)   Constr. rmsd
   -3.33109e+01    4.52200e-06

           Step           Time         Lambda
         245000      490.00000        0.00000

   Energies (kJ/mol)
           Bond          Angle    Proper Dih. Ryckaert-Bell.          LJ-14
    5.76788e+03    1.49349e+04    9.42401e+02    7.87381e+03    1.09247e+04
     Coulomb-14        LJ (SR)  Disper. corr.   Coulomb (SR)   Coul. recip.
    5.12100e+04    7.22253e+05   -3.19007e+04   -4.72762e+06    1.44765e+04
      Potential    Kinetic En.   Total Energy    Temperature Pres. DC (bar)
   -3.93114e+06    6.18214e+05   -3.31293e+06    2.99222e+02   -2.16594e+02
 Pressure (bar)   Constr. rmsd
    5.75336e+01    4.54992e-06

           Step           Time         Lambda
         250000      500.00000        0.00000

   Energies (kJ/mol)
           Bond          Angle    Proper Dih. Ryckaert-Bell.          LJ-14
    5.97571e+03    1.55178e+04    9.19305e+02    8.17914e+03    1.07747e+04
     Coulomb-14        LJ (SR)  Disper. corr.   Coulomb (SR)   Coul. recip.
    5.11178e+04    7.19712e+05   -3.18169e+04   -4.71929e+06    1.44869e+04
      Potential    Kinetic En.   Total Energy    Temperature Pres. DC (bar)
   -3.92442e+06    6.22260e+05   -3.30216e+06    3.01180e+02   -2.15458e+02
 Pressure (bar)   Constr. rmsd
    3.66605e+00    4.49779e-06

           Step           Time         Lambda
         255000      510.00000        0.00000

   Energies (kJ/mol)
           Bond          Angle    Proper Dih. Ryckaert-Bell.          LJ-14
    5.84425e+03    1.51558e+04    9.33289e+02    8.04318e+03    1.06632e+04
     Coulomb-14        LJ (SR)  Disper. corr.   Coulomb (SR)   Coul. recip.
    5.10430e+04    7.20470e+05   -3.18378e+04   -4.72325e+06    1.44210e+04
      Potential    Kinetic En.   Total Energy    Temperature Pres. DC (bar)
   -3.92852e+06    6.18310e+05   -3.31021e+06    2.99268e+02   -2.15740e+02
 Pressure (bar)   Constr. rmsd
   -1.94484e+01    4.44959e-06

           Step           Time         Lambda
         260000      520.00000        0.00000

   Energies (kJ/mol)
           Bond          Angle    Proper Dih. Ryckaert-Bell.          LJ-14
    5.68237e+03    1.55811e+04    1.00565e+03    8.31655e+03    1.07343e+04
     Coulomb-14        LJ (SR)  Disper. corr.   Coulomb (SR)   Coul. recip.
    5.08125e+04    7.23007e+05   -3.18724e+04   -4.72598e+06    1.46110e+04
      Potential    Kinetic En.   Total Energy    Temperature Pres. DC (bar)
   -3.92810e+06    6.18970e+05   -3.30913e+06    2.99588e+02   -2.16210e+02
 Pressure (bar)   Constr. rmsd
    4.32996e+01    4.56042e-06

           Step           Time         Lambda
         265000      530.00000        0.00000

   Energies (kJ/mol)
           Bond          Angle    Proper Dih. Ryckaert-Bell.          LJ-14
    5.75450e+03    1.52275e+04    1.00390e+03    7.99549e+03    1.08375e+04
     Coulomb-14        LJ (SR)  Disper. corr.   Coulomb (SR)   Coul. recip.
    5.08325e+04    7.20943e+05   -3.18095e+04   -4.72450e+06    1.46349e+04
      Potential    Kinetic En.   Total Energy    Temperature Pres. DC (bar)
   -3.92908e+06    6.20179e+05   -3.30890e+06    3.00173e+02   -2.15358e+02
 Pressure (bar)   Constr. rmsd
    2.47895e+01    4.55048e-06

           Step           Time         Lambda
         270000      540.00000        0.00000

   Energies (kJ/mol)
           Bond          Angle    Proper Dih. Ryckaert-Bell.          LJ-14
    5.97486e+03    1.55111e+04    1.02000e+03    8.05283e+03    1.08938e+04
     Coulomb-14        LJ (SR)  Disper. corr.   Coulomb (SR)   Coul. recip.
    5.10710e+04    7.22691e+05   -3.18480e+04   -4.72510e+06    1.45209e+04
      Potential    Kinetic En.   Total Energy    Temperature Pres. DC (bar)
   -3.92721e+06    6.20741e+05   -3.30647e+06    3.00445e+02   -2.15879e+02
 Pressure (bar)   Constr. rmsd
    3.75157e+01    4.49891e-06

           Step           Time         Lambda
         275000      550.00000        0.00000

   Energies (kJ/mol)
           Bond          Angle    Proper Dih. Ryckaert-Bell.          LJ-14
    5.88382e+03    1.52095e+04    1.03774e+03    8.09954e+03    1.09702e+04
     Coulomb-14        LJ (SR)  Disper. corr.   Coulomb (SR)   Coul. recip.
    5.11554e+04    7.23865e+05   -3.18508e+04   -4.72847e+06    1.45333e+04
      Potential    Kinetic En.   Total Energy    Temperature Pres. DC (bar)
   -3.92956e+06    6.21851e+05   -3.30771e+06    3.00982e+02   -2.15917e+02
 Pressure (bar)   Constr. rmsd
    3.43977e+01    4.62860e-06

           Step           Time         Lambda
         280000      560.00000        0.00000

   Energies (kJ/mol)
           Bond          Angle    Proper Dih. Ryckaert-Bell.          LJ-14
    6.02512e+03    1.53402e+04    9.16449e+02    7.97292e+03    1.08168e+04
     Coulomb-14        LJ (SR)  Disper. corr.   Coulomb (SR)   Coul. recip.
    5.10203e+04    7.24529e+05   -3.18468e+04   -4.73062e+06    1.44826e+04
      Potential    Kinetic En.   Total Energy    Temperature Pres. DC (bar)
   -3.93136e+06    6.19173e+05   -3.31219e+06    2.99686e+02   -2.15863e+02
 Pressure (bar)   Constr. rmsd
    6.15278e+01    4.62522e-06

           Step           Time         Lambda
         285000      570.00000        0.00000

   Energies (kJ/mol)
           Bond          Angle    Proper Dih. Ryckaert-Bell.          LJ-14
    6.18025e+03    1.55613e+04    9.45100e+02    8.26752e+03    1.07018e+04
     Coulomb-14        LJ (SR)  Disper. corr.   Coulomb (SR)   Coul. recip.
    5.10953e+04    7.24982e+05   -3.18203e+04   -4.72956e+06    1.46680e+04
      Potential    Kinetic En.   Total Energy    Temperature Pres. DC (bar)
   -3.92898e+06    6.19506e+05   -3.30947e+06    2.99847e+02   -2.15504e+02
 Pressure (bar)   Constr. rmsd
    3.89900e+01    4.53848e-06

           Step           Time         Lambda
         290000      580.00000        0.00000

   Energies (kJ/mol)
           Bond          Angle    Proper Dih. Ryckaert-Bell.          LJ-14
    5.96555e+03    1.54155e+04    1.01526e+03    8.16664e+03    1.08093e+04
     Coulomb-14        LJ (SR)  Disper. corr.   Coulomb (SR)   Coul. recip.
    5.10518e+04    7.19352e+05   -3.18649e+04   -4.72181e+06    1.46092e+04
      Potential    Kinetic En.   Total Energy    Temperature Pres. DC (bar)
   -3.92729e+06    6.20567e+05   -3.30672e+06    3.00361e+02   -2.16108e+02
 Pressure (bar)   Constr. rmsd
    3.12680e+00    4.75844e-06

           Step           Time         Lambda
         295000      590.00000        0.00000

   Energies (kJ/mol)
           Bond          Angle    Proper Dih. Ryckaert-Bell.          LJ-14
    5.79748e+03    1.54331e+04    1.02589e+03    7.94754e+03    1.09102e+04
     Coulomb-14        LJ (SR)  Disper. corr.   Coulomb (SR)   Coul. recip.
    5.11734e+04    7.19094e+05   -3.18578e+04   -4.72359e+06    1.45282e+04
      Potential    Kinetic En.   Total Energy    Temperature Pres. DC (bar)
   -3.92953e+06    6.21192e+05   -3.30834e+06    3.00663e+02   -2.16012e+02
 Pressure (bar)   Constr. rmsd
   -2.71352e+01    4.48989e-06

Writing checkpoint, step 295560 at Wed May 22 12:58:28 2019


           Step           Time         Lambda
         300000      600.00000        0.00000

   Energies (kJ/mol)
           Bond          Angle    Proper Dih. Ryckaert-Bell.          LJ-14
    5.75349e+03    1.55096e+04    9.96527e+02    8.15446e+03    1.08370e+04
     Coulomb-14        LJ (SR)  Disper. corr.   Coulomb (SR)   Coul. recip.
    5.11601e+04    7.19493e+05   -3.18126e+04   -4.72420e+06    1.45709e+04
      Potential    Kinetic En.   Total Energy    Temperature Pres. DC (bar)
   -3.92953e+06    6.22558e+05   -3.30698e+06    3.01324e+02   -2.15400e+02
 Pressure (bar)   Constr. rmsd
   -4.53822e+01    4.63640e-06

           Step           Time         Lambda
         305000      610.00000        0.00000

   Energies (kJ/mol)
           Bond          Angle    Proper Dih. Ryckaert-Bell.          LJ-14
    5.70528e+03    1.53821e+04    8.84604e+02    8.19438e+03    1.08909e+04
     Coulomb-14        LJ (SR)  Disper. corr.   Coulomb (SR)   Coul. recip.
    5.10935e+04    7.22098e+05   -3.18112e+04   -4.72552e+06    1.47681e+04
      Potential    Kinetic En.   Total Energy    Temperature Pres. DC (bar)
   -3.92831e+06    6.20794e+05   -3.30752e+06    3.00470e+02   -2.15381e+02
 Pressure (bar)   Constr. rmsd
    2.46792e+01    4.43436e-06

           Step           Time         Lambda
         310000      620.00000        0.00000

   Energies (kJ/mol)
           Bond          Angle    Proper Dih. Ryckaert-Bell.          LJ-14
    6.02000e+03    1.53867e+04    9.44063e+02    8.09108e+03    1.09116e+04
     Coulomb-14        LJ (SR)  Disper. corr.   Coulomb (SR)   Coul. recip.
    5.13089e+04    7.18999e+05   -3.18399e+04   -4.72178e+06    1.44889e+04
      Potential    Kinetic En.   Total Energy    Temperature Pres. DC (bar)
   -3.92747e+06    6.16391e+05   -3.31108e+06    2.98339e+02   -2.15769e+02
 Pressure (bar)   Constr. rmsd
   -5.66009e+01    4.27321e-06

           Step           Time         Lambda
         315000      630.00000        0.00000

   Energies (kJ/mol)
           Bond          Angle    Proper Dih. Ryckaert-Bell.          LJ-14
    5.81212e+03    1.52123e+04    1.05215e+03    7.92613e+03    1.07130e+04
     Coulomb-14        LJ (SR)  Disper. corr.   Coulomb (SR)   Coul. recip.
    5.10849e+04    7.19510e+05   -3.18228e+04   -4.72480e+06    1.46115e+04
      Potential    Kinetic En.   Total Energy    Temperature Pres. DC (bar)
   -3.93070e+06    6.16993e+05   -3.31371e+06    2.98631e+02   -2.15538e+02
 Pressure (bar)   Constr. rmsd
   -7.03505e+01    4.47715e-06

           Step           Time         Lambda
         320000      640.00000        0.00000

   Energies (kJ/mol)
           Bond          Angle    Proper Dih. Ryckaert-Bell.          LJ-14
    6.11731e+03    1.53892e+04    1.04611e+03    8.04524e+03    1.07221e+04
     Coulomb-14        LJ (SR)  Disper. corr.   Coulomb (SR)   Coul. recip.
    5.10959e+04    7.17902e+05   -3.18297e+04   -4.71864e+06    1.47413e+04
      Potential    Kinetic En.   Total Energy    Temperature Pres. DC (bar)
   -3.92541e+06    6.20213e+05   -3.30519e+06    3.00189e+02   -2.15631e+02
 Pressure (bar)   Constr. rmsd
   -4.45223e+01    4.39601e-06

           Step           Time         Lambda
         325000      650.00000        0.00000

   Energies (kJ/mol)
           Bond          Angle    Proper Dih. Ryckaert-Bell.          LJ-14
    5.73540e+03    1.51719e+04    9.66875e+02    8.12681e+03    1.08552e+04
     Coulomb-14        LJ (SR)  Disper. corr.   Coulomb (SR)   Coul. recip.
    5.12193e+04    7.23706e+05   -3.19197e+04   -4.72926e+06    1.44309e+04
      Potential    Kinetic En.   Total Energy    Temperature Pres. DC (bar)
   -3.93096e+06    6.19264e+05   -3.31170e+06    2.99730e+02   -2.16851e+02
 Pressure (bar)   Constr. rmsd
    1.06040e+02    4.59881e-06

           Step           Time         Lambda
         330000      660.00000        0.00000

   Energies (kJ/mol)
           Bond          Angle    Proper Dih. Ryckaert-Bell.          LJ-14
    5.82052e+03    1.49888e+04    9.87284e+02    7.98060e+03    1.08370e+04
     Coulomb-14        LJ (SR)  Disper. corr.   Coulomb (SR)   Coul. recip.
    5.11765e+04    7.21227e+05   -3.17970e+04   -4.72485e+06    1.42476e+04
      Potential    Kinetic En.   Total Energy    Temperature Pres. DC (bar)
   -3.92938e+06    6.18440e+05   -3.31094e+06    2.99331e+02   -2.15188e+02
 Pressure (bar)   Constr. rmsd
    3.58507e+00    4.46603e-06

           Step           Time         Lambda
         335000      670.00000        0.00000

   Energies (kJ/mol)
           Bond          Angle    Proper Dih. Ryckaert-Bell.          LJ-14
    5.82910e+03    1.56507e+04    1.00958e+03    8.09051e+03    1.08035e+04
     Coulomb-14        LJ (SR)  Disper. corr.   Coulomb (SR)   Coul. recip.
    5.11392e+04    7.22076e+05   -3.18139e+04   -4.72330e+06    1.46704e+04
      Potential    Kinetic En.   Total Energy    Temperature Pres. DC (bar)
   -3.92585e+06    6.17351e+05   -3.30850e+06    2.98804e+02   -2.15417e+02
 Pressure (bar)   Constr. rmsd
    5.82529e+01    4.68089e-06

           Step           Time         Lambda
         340000      680.00000        0.00000

   Energies (kJ/mol)
           Bond          Angle    Proper Dih. Ryckaert-Bell.          LJ-14
    5.75118e+03    1.52350e+04    1.05514e+03    8.06269e+03    1.08382e+04
     Coulomb-14        LJ (SR)  Disper. corr.   Coulomb (SR)   Coul. recip.
    5.09751e+04    7.19774e+05   -3.17642e+04   -4.72557e+06    1.44402e+04
      Potential    Kinetic En.   Total Energy    Temperature Pres. DC (bar)
   -3.93121e+06    6.20444e+05   -3.31076e+06    3.00301e+02   -2.14746e+02
 Pressure (bar)   Constr. rmsd
   -8.10423e+01    4.67382e-06

           Step           Time         Lambda
         345000      690.00000        0.00000

   Energies (kJ/mol)
           Bond          Angle    Proper Dih. Ryckaert-Bell.          LJ-14
    5.97659e+03    1.52622e+04    9.55954e+02    7.88655e+03    1.08606e+04
     Coulomb-14        LJ (SR)  Disper. corr.   Coulomb (SR)   Coul. recip.
    5.11209e+04    7.20883e+05   -3.18554e+04   -4.72297e+06    1.45423e+04
      Potential    Kinetic En.   Total Energy    Temperature Pres. DC (bar)
   -3.92733e+06    6.19240e+05   -3.30809e+06    2.99718e+02   -2.15979e+02
 Pressure (bar)   Constr. rmsd
    1.03950e+01    4.40323e-06

           Step           Time         Lambda
         350000      700.00000        0.00000

   Energies (kJ/mol)
           Bond          Angle    Proper Dih. Ryckaert-Bell.          LJ-14
    6.12104e+03    1.56154e+04    1.03176e+03    8.10891e+03    1.07163e+04
     Coulomb-14        LJ (SR)  Disper. corr.   Coulomb (SR)   Coul. recip.
    5.11497e+04    7.19384e+05   -3.18207e+04   -4.71978e+06    1.46922e+04
      Potential    Kinetic En.   Total Energy    Temperature Pres. DC (bar)
   -3.92478e+06    6.21106e+05   -3.30368e+06    3.00622e+02   -2.15510e+02
 Pressure (bar)   Constr. rmsd
   -5.76977e+01    4.53458e-06

           Step           Time         Lambda
         355000      710.00000        0.00000

   Energies (kJ/mol)
           Bond          Angle    Proper Dih. Ryckaert-Bell.          LJ-14
    5.80248e+03    1.55436e+04    9.54343e+02    8.14291e+03    1.09318e+04
     Coulomb-14        LJ (SR)  Disper. corr.   Coulomb (SR)   Coul. recip.
    5.11740e+04    7.26656e+05   -3.18566e+04   -4.73019e+06    1.45490e+04
      Potential    Kinetic En.   Total Energy    Temperature Pres. DC (bar)
   -3.92829e+06    6.20506e+05   -3.30779e+06    3.00331e+02   -2.15996e+02
 Pressure (bar)   Constr. rmsd
    1.58913e+02    4.47812e-06

           Step           Time         Lambda
         360000      720.00000        0.00000

   Energies (kJ/mol)
           Bond          Angle    Proper Dih. Ryckaert-Bell.          LJ-14
    5.72103e+03    1.52756e+04    9.69718e+02    8.16806e+03    1.07669e+04
     Coulomb-14        LJ (SR)  Disper. corr.   Coulomb (SR)   Coul. recip.
    5.11457e+04    7.16093e+05   -3.18512e+04   -4.71555e+06    1.44734e+04
      Potential    Kinetic En.   Total Energy    Temperature Pres. DC (bar)
   -3.92479e+06    6.17568e+05   -3.30722e+06    2.98909e+02   -2.15922e+02
 Pressure (bar)   Constr. rmsd
   -4.58414e+01    4.73404e-06

           Step           Time         Lambda
         365000      730.00000        0.00000

   Energies (kJ/mol)
           Bond          Angle    Proper Dih. Ryckaert-Bell.          LJ-14
    5.94510e+03    1.51625e+04    9.46560e+02    7.95652e+03    1.07581e+04
     Coulomb-14        LJ (SR)  Disper. corr.   Coulomb (SR)   Coul. recip.
    5.10915e+04    7.17531e+05   -3.18520e+04   -4.71944e+06    1.45251e+04
      Potential    Kinetic En.   Total Energy    Temperature Pres. DC (bar)
   -3.92737e+06    6.18501e+05   -3.30887e+06    2.99360e+02   -2.15933e+02
 Pressure (bar)   Constr. rmsd
   -5.38917e+01    4.49337e-06

Writing checkpoint, step 369680 at Wed May 22 13:13:28 2019


           Step           Time         Lambda
         370000      740.00000        0.00000

   Energies (kJ/mol)
           Bond          Angle    Proper Dih. Ryckaert-Bell.          LJ-14
    5.66197e+03    1.53926e+04    9.30364e+02    8.26971e+03    1.10000e+04
     Coulomb-14        LJ (SR)  Disper. corr.   Coulomb (SR)   Coul. recip.
    5.13565e+04    7.24275e+05   -3.18376e+04   -4.72859e+06    1.44838e+04
      Potential    Kinetic En.   Total Energy    Temperature Pres. DC (bar)
   -3.92906e+06    6.17366e+05   -3.31169e+06    2.98811e+02   -2.15738e+02
 Pressure (bar)   Constr. rmsd
    8.96303e+01    4.62053e-06

           Step           Time         Lambda
         375000      750.00000        0.00000

   Energies (kJ/mol)
           Bond          Angle    Proper Dih. Ryckaert-Bell.          LJ-14
    5.88535e+03    1.52617e+04    9.34934e+02    7.97616e+03    1.06759e+04
     Coulomb-14        LJ (SR)  Disper. corr.   Coulomb (SR)   Coul. recip.
    5.09381e+04    7.25913e+05   -3.18093e+04   -4.72851e+06    1.44337e+04
      Potential    Kinetic En.   Total Energy    Temperature Pres. DC (bar)
   -3.92830e+06    6.18861e+05   -3.30943e+06    2.99535e+02   -2.15355e+02
 Pressure (bar)   Constr. rmsd
    5.91435e+01    4.53275e-06

           Step           Time         Lambda
         380000      760.00000        0.00000

   Energies (kJ/mol)
           Bond          Angle    Proper Dih. Ryckaert-Bell.          LJ-14
    5.96033e+03    1.52596e+04    1.06053e+03    8.06699e+03    1.09247e+04
     Coulomb-14        LJ (SR)  Disper. corr.   Coulomb (SR)   Coul. recip.
    5.10783e+04    7.21884e+05   -3.18905e+04   -4.72611e+06    1.46178e+04
      Potential    Kinetic En.   Total Energy    Temperature Pres. DC (bar)
   -3.92915e+06    6.20586e+05   -3.30856e+06    3.00370e+02   -2.16454e+02
 Pressure (bar)   Constr. rmsd
    6.19950e+01    4.41175e-06

           Step           Time         Lambda
         385000      770.00000        0.00000

   Energies (kJ/mol)
           Bond          Angle    Proper Dih. Ryckaert-Bell.          LJ-14
    5.73684e+03    1.53784e+04    8.88023e+02    8.18332e+03    1.09064e+04
     Coulomb-14        LJ (SR)  Disper. corr.   Coulomb (SR)   Coul. recip.
    5.12552e+04    7.18993e+05   -3.18542e+04   -4.72132e+06    1.44410e+04
      Potential    Kinetic En.   Total Energy    Temperature Pres. DC (bar)
   -3.92739e+06    6.21443e+05   -3.30595e+06    3.00785e+02   -2.15963e+02
 Pressure (bar)   Constr. rmsd
   -5.30460e+00    4.56931e-06

           Step           Time         Lambda
         390000      780.00000        0.00000

   Energies (kJ/mol)
           Bond          Angle    Proper Dih. Ryckaert-Bell.          LJ-14
    5.62156e+03    1.53529e+04    9.81084e+02    8.22557e+03    1.09085e+04
     Coulomb-14        LJ (SR)  Disper. corr.   Coulomb (SR)   Coul. recip.
    5.13402e+04    7.20807e+05   -3.18261e+04   -4.72683e+06    1.45106e+04
      Potential    Kinetic En.   Total Energy    Temperature Pres. DC (bar)
   -3.93090e+06    6.19591e+05   -3.31131e+06    2.99888e+02   -2.15582e+02
 Pressure (bar)   Constr. rmsd
   -5.32781e+01    4.62336e-06

           Step           Time         Lambda
         395000      790.00000        0.00000

   Energies (kJ/mol)
           Bond          Angle    Proper Dih. Ryckaert-Bell.          LJ-14
    5.85070e+03    1.51693e+04    9.88612e+02    8.23131e+03    1.09368e+04
     Coulomb-14        LJ (SR)  Disper. corr.   Coulomb (SR)   Coul. recip.
    5.13124e+04    7.22169e+05   -3.18903e+04   -4.72864e+06    1.43821e+04
      Potential    Kinetic En.   Total Energy    Temperature Pres. DC (bar)
   -3.93149e+06    6.20433e+05   -3.31106e+06    3.00296e+02   -2.16453e+02
 Pressure (bar)   Constr. rmsd
    2.21766e+01    4.63695e-06

           Step           Time         Lambda
         400000      800.00000        0.00000

   Energies (kJ/mol)
           Bond          Angle    Proper Dih. Ryckaert-Bell.          LJ-14
    5.93688e+03    1.52891e+04    9.85772e+02    8.30921e+03    1.09061e+04
     Coulomb-14        LJ (SR)  Disper. corr.   Coulomb (SR)   Coul. recip.
    5.10071e+04    7.16019e+05   -3.18208e+04   -4.71538e+06    1.46697e+04
      Potential    Kinetic En.   Total Energy    Temperature Pres. DC (bar)
   -3.92407e+06    6.21133e+05   -3.30294e+06    3.00634e+02   -2.15510e+02
 Pressure (bar)   Constr. rmsd
   -5.11039e+01    4.66490e-06

           Step           Time         Lambda
         405000      810.00000        0.00000

   Energies (kJ/mol)
           Bond          Angle    Proper Dih. Ryckaert-Bell.          LJ-14
    5.61617e+03    1.53593e+04    1.01975e+03    8.08552e+03    1.08258e+04
     Coulomb-14        LJ (SR)  Disper. corr.   Coulomb (SR)   Coul. recip.
    5.11249e+04    7.21647e+05   -3.18717e+04   -4.72706e+06    1.45097e+04
      Potential    Kinetic En.   Total Energy    Temperature Pres. DC (bar)
   -3.93074e+06    6.20500e+05   -3.31024e+06    3.00328e+02   -2.16200e+02
 Pressure (bar)   Constr. rmsd
    1.87353e+01    4.54757e-06

           Step           Time         Lambda
         410000      820.00000        0.00000

   Energies (kJ/mol)
           Bond          Angle    Proper Dih. Ryckaert-Bell.          LJ-14
    5.95279e+03    1.52232e+04    9.70849e+02    8.15127e+03    1.07516e+04
     Coulomb-14        LJ (SR)  Disper. corr.   Coulomb (SR)   Coul. recip.
    5.13451e+04    7.20457e+05   -3.18416e+04   -4.72501e+06    1.44412e+04
      Potential    Kinetic En.   Total Energy    Temperature Pres. DC (bar)
   -3.92956e+06    6.19224e+05   -3.31033e+06    2.99711e+02   -2.15792e+02
 Pressure (bar)   Constr. rmsd
   -3.11692e+01    4.32975e-06

           Step           Time         Lambda
         415000      830.00000        0.00000

   Energies (kJ/mol)
           Bond          Angle    Proper Dih. Ryckaert-Bell.          LJ-14
    5.73986e+03    1.54991e+04    9.38213e+02    8.21979e+03    1.08321e+04
     Coulomb-14        LJ (SR)  Disper. corr.   Coulomb (SR)   Coul. recip.
    5.11204e+04    7.20686e+05   -3.18287e+04   -4.72484e+06    1.47433e+04
      Potential    Kinetic En.   Total Energy    Temperature Pres. DC (bar)
   -3.92890e+06    6.20859e+05   -3.30804e+06    3.00502e+02   -2.15618e+02
 Pressure (bar)   Constr. rmsd
   -2.53669e+01    4.48404e-06

           Step           Time         Lambda
         420000      840.00000        0.00000

   Energies (kJ/mol)
           Bond          Angle    Proper Dih. Ryckaert-Bell.          LJ-14
    5.69710e+03    1.54774e+04    9.64566e+02    8.24768e+03    1.09276e+04
     Coulomb-14        LJ (SR)  Disper. corr.   Coulomb (SR)   Coul. recip.
    5.14072e+04    7.20931e+05   -3.17899e+04   -4.72180e+06    1.46373e+04
      Potential    Kinetic En.   Total Energy    Temperature Pres. DC (bar)
   -3.92530e+06    6.21274e+05   -3.30402e+06    3.00703e+02   -2.15092e+02
 Pressure (bar)   Constr. rmsd
    8.62102e+00    4.60313e-06

           Step           Time         Lambda
         425000      850.00000        0.00000

   Energies (kJ/mol)
           Bond          Angle    Proper Dih. Ryckaert-Bell.          LJ-14
    5.94468e+03    1.54186e+04    9.59097e+02    8.26418e+03    1.07833e+04
     Coulomb-14        LJ (SR)  Disper. corr.   Coulomb (SR)   Coul. recip.
    5.12789e+04    7.19568e+05   -3.19256e+04   -4.72165e+06    1.45163e+04
      Potential    Kinetic En.   Total Energy    Temperature Pres. DC (bar)
   -3.92684e+06    6.18798e+05   -3.30805e+06    2.99505e+02   -2.16931e+02
 Pressure (bar)   Constr. rmsd
    3.48648e+01    4.59432e-06

           Step           Time         Lambda
         430000      860.00000        0.00000

   Energies (kJ/mol)
           Bond          Angle    Proper Dih. Ryckaert-Bell.          LJ-14
    5.66590e+03    1.55059e+04    1.01020e+03    8.25387e+03    1.08626e+04
     Coulomb-14        LJ (SR)  Disper. corr.   Coulomb (SR)   Coul. recip.
    5.13625e+04    7.19824e+05   -3.18456e+04   -4.72547e+06    1.44788e+04
      Potential    Kinetic En.   Total Energy    Temperature Pres. DC (bar)
   -3.93035e+06    6.19898e+05   -3.31045e+06    3.00037e+02   -2.15846e+02
 Pressure (bar)   Constr. rmsd
   -4.00221e+01    4.50470e-06

           Step           Time         Lambda
         435000      870.00000        0.00000

   Energies (kJ/mol)
           Bond          Angle    Proper Dih. Ryckaert-Bell.          LJ-14
    5.84693e+03    1.50815e+04    1.00719e+03    8.29594e+03    1.08663e+04
     Coulomb-14        LJ (SR)  Disper. corr.   Coulomb (SR)   Coul. recip.
    5.12963e+04    7.16705e+05   -3.18542e+04   -4.72063e+06    1.47382e+04
      Potential    Kinetic En.   Total Energy    Temperature Pres. DC (bar)
   -3.92864e+06    6.19633e+05   -3.30901e+06    2.99908e+02   -2.15962e+02
 Pressure (bar)   Constr. rmsd
   -5.00710e+01    4.45836e-06

           Step           Time         Lambda
         440000      880.00000        0.00000

   Energies (kJ/mol)
           Bond          Angle    Proper Dih. Ryckaert-Bell.          LJ-14
    5.87384e+03    1.56674e+04    1.01397e+03    8.21111e+03    1.09480e+04
     Coulomb-14        LJ (SR)  Disper. corr.   Coulomb (SR)   Coul. recip.
    5.12713e+04    7.19074e+05   -3.17985e+04   -4.72280e+06    1.46474e+04
      Potential    Kinetic En.   Total Energy    Temperature Pres. DC (bar)
   -3.92790e+06    6.21078e+05   -3.30682e+06    3.00608e+02   -2.15209e+02
 Pressure (bar)   Constr. rmsd
   -7.96776e+01    4.56804e-06

Writing checkpoint, step 443600 at Wed May 22 13:28:28 2019


           Step           Time         Lambda
         445000      890.00000        0.00000

   Energies (kJ/mol)
           Bond          Angle    Proper Dih. Ryckaert-Bell.          LJ-14
    5.98385e+03    1.52783e+04    1.01121e+03    8.29709e+03    1.07322e+04
     Coulomb-14        LJ (SR)  Disper. corr.   Coulomb (SR)   Coul. recip.
    5.12926e+04    7.19171e+05   -3.18317e+04   -4.72168e+06    1.44871e+04
      Potential    Kinetic En.   Total Energy    Temperature Pres. DC (bar)
   -3.92726e+06    6.19060e+05   -3.30820e+06    2.99631e+02   -2.15658e+02
 Pressure (bar)   Constr. rmsd
   -4.11494e+01    4.52796e-06

           Step           Time         Lambda
         450000      900.00000        0.00000

   Energies (kJ/mol)
           Bond          Angle    Proper Dih. Ryckaert-Bell.          LJ-14
    5.86944e+03    1.51972e+04    9.34833e+02    8.31099e+03    1.07644e+04
     Coulomb-14        LJ (SR)  Disper. corr.   Coulomb (SR)   Coul. recip.
    5.12568e+04    7.23045e+05   -3.18330e+04   -4.73176e+06    1.45663e+04
      Potential    Kinetic En.   Total Energy    Temperature Pres. DC (bar)
   -3.93365e+06    6.19444e+05   -3.31421e+06    2.99817e+02   -2.15676e+02
 Pressure (bar)   Constr. rmsd
   -5.01019e+00    4.64712e-06

           Step           Time         Lambda
         455000      910.00000        0.00000

   Energies (kJ/mol)
           Bond          Angle    Proper Dih. Ryckaert-Bell.          LJ-14
    5.95441e+03    1.54279e+04    9.61935e+02    8.19660e+03    1.07745e+04
     Coulomb-14        LJ (SR)  Disper. corr.   Coulomb (SR)   Coul. recip.
    5.10553e+04    7.23885e+05   -3.18308e+04   -4.72664e+06    1.42172e+04
      Potential    Kinetic En.   Total Energy    Temperature Pres. DC (bar)
   -3.92800e+06    6.19458e+05   -3.30854e+06    2.99824e+02   -2.15646e+02
 Pressure (bar)   Constr. rmsd
    6.25553e+01    4.26163e-06

           Step           Time         Lambda
         460000      920.00000        0.00000

   Energies (kJ/mol)
           Bond          Angle    Proper Dih. Ryckaert-Bell.          LJ-14
    5.81851e+03    1.50584e+04    1.04744e+03    8.34774e+03    1.09676e+04
     Coulomb-14        LJ (SR)  Disper. corr.   Coulomb (SR)   Coul. recip.
    5.11719e+04    7.23974e+05   -3.18525e+04   -4.73114e+06    1.42712e+04
      Potential    Kinetic En.   Total Energy    Temperature Pres. DC (bar)
   -3.93233e+06    6.20920e+05   -3.31141e+06    3.00532e+02   -2.15940e+02
 Pressure (bar)   Constr. rmsd
    4.73879e+01    4.48983e-06

           Step           Time         Lambda
         465000      930.00000        0.00000

   Energies (kJ/mol)
           Bond          Angle    Proper Dih. Ryckaert-Bell.          LJ-14
    5.83732e+03    1.51442e+04    9.95519e+02    8.25773e+03    1.07824e+04
     Coulomb-14        LJ (SR)  Disper. corr.   Coulomb (SR)   Coul. recip.
    5.11945e+04    7.20713e+05   -3.18694e+04   -4.72534e+06    1.45021e+04
      Potential    Kinetic En.   Total Energy    Temperature Pres. DC (bar)
   -3.92979e+06    6.18364e+05   -3.31142e+06    2.99294e+02   -2.16169e+02
 Pressure (bar)   Constr. rmsd
    1.20947e+01    4.67350e-06

           Step           Time         Lambda
         470000      940.00000        0.00000

   Energies (kJ/mol)
           Bond          Angle    Proper Dih. Ryckaert-Bell.          LJ-14
    5.89428e+03    1.50233e+04    1.03832e+03    8.30059e+03    1.10309e+04
     Coulomb-14        LJ (SR)  Disper. corr.   Coulomb (SR)   Coul. recip.
    5.13213e+04    7.20233e+05   -3.18206e+04   -4.72080e+06    1.44991e+04
      Potential    Kinetic En.   Total Energy    Temperature Pres. DC (bar)
   -3.92528e+06    6.20095e+05   -3.30519e+06    3.00132e+02   -2.15508e+02
 Pressure (bar)   Constr. rmsd
    2.11468e+01    4.46776e-06

           Step           Time         Lambda
         475000      950.00000        0.00000

   Energies (kJ/mol)
           Bond          Angle    Proper Dih. Ryckaert-Bell.          LJ-14
    5.75750e+03    1.54914e+04    9.93458e+02    8.27196e+03    1.08542e+04
     Coulomb-14        LJ (SR)  Disper. corr.   Coulomb (SR)   Coul. recip.
    5.13645e+04    7.21585e+05   -3.18329e+04   -4.72549e+06    1.44001e+04
      Potential    Kinetic En.   Total Energy    Temperature Pres. DC (bar)
   -3.92860e+06    6.20829e+05   -3.30778e+06    3.00487e+02   -2.15675e+02
 Pressure (bar)   Constr. rmsd
    3.66958e+01    4.58776e-06

           Step           Time         Lambda
         480000      960.00000        0.00000

   Energies (kJ/mol)
           Bond          Angle    Proper Dih. Ryckaert-Bell.          LJ-14
    5.82869e+03    1.53840e+04    9.69758e+02    8.24832e+03    1.07968e+04
     Coulomb-14        LJ (SR)  Disper. corr.   Coulomb (SR)   Coul. recip.
    5.11248e+04    7.23482e+05   -3.18799e+04   -4.72794e+06    1.45793e+04
      Potential    Kinetic En.   Total Energy    Temperature Pres. DC (bar)
   -3.92940e+06    6.22227e+05   -3.30718e+06    3.01164e+02   -2.16311e+02
 Pressure (bar)   Constr. rmsd
    5.14066e+01    4.65296e-06

           Step           Time         Lambda
         485000      970.00000        0.00000

   Energies (kJ/mol)
           Bond          Angle    Proper Dih. Ryckaert-Bell.          LJ-14
    5.88971e+03    1.53638e+04    9.50729e+02    8.14466e+03    1.07873e+04
     Coulomb-14        LJ (SR)  Disper. corr.   Coulomb (SR)   Coul. recip.
    5.11736e+04    7.19215e+05   -3.18872e+04   -4.72370e+06    1.45311e+04
      Potential    Kinetic En.   Total Energy    Temperature Pres. DC (bar)
   -3.92954e+06    6.19296e+05   -3.31024e+06    2.99745e+02   -2.16410e+02
 Pressure (bar)   Constr. rmsd
   -4.21527e+01    4.61838e-06

           Step           Time         Lambda
         490000      980.00000        0.00000

   Energies (kJ/mol)
           Bond          Angle    Proper Dih. Ryckaert-Bell.          LJ-14
    5.96395e+03    1.52820e+04    9.89069e+02    8.05021e+03    1.08261e+04
     Coulomb-14        LJ (SR)  Disper. corr.   Coulomb (SR)   Coul. recip.
    5.12457e+04    7.21241e+05   -3.18740e+04   -4.72486e+06    1.44895e+04
      Potential    Kinetic En.   Total Energy    Temperature Pres. DC (bar)
   -3.92864e+06    6.20585e+05   -3.30806e+06    3.00369e+02   -2.16232e+02
 Pressure (bar)   Constr. rmsd
    2.33761e+01    4.53222e-06

           Step           Time         Lambda
         495000      990.00000        0.00000

   Energies (kJ/mol)
           Bond          Angle    Proper Dih. Ryckaert-Bell.          LJ-14
    5.83887e+03    1.53646e+04    9.39158e+02    8.11395e+03    1.08260e+04
     Coulomb-14        LJ (SR)  Disper. corr.   Coulomb (SR)   Coul. recip.
    5.11513e+04    7.18306e+05   -3.18006e+04   -4.71953e+06    1.44066e+04
      Potential    Kinetic En.   Total Energy    Temperature Pres. DC (bar)
   -3.92638e+06    6.20904e+05   -3.30548e+06    3.00524e+02   -2.15237e+02
 Pressure (bar)   Constr. rmsd
   -3.47972e+01    4.64020e-06

           Step           Time         Lambda
         500000     1000.00000        0.00000

Writing checkpoint, step 500000 at Wed May 22 13:42:02 2019


   Energies (kJ/mol)
           Bond          Angle    Proper Dih. Ryckaert-Bell.          LJ-14
    6.02829e+03    1.55124e+04    1.05053e+03    8.06492e+03    1.07702e+04
     Coulomb-14        LJ (SR)  Disper. corr.   Coulomb (SR)   Coul. recip.
    5.12446e+04    7.19172e+05   -3.18220e+04   -4.71914e+06    1.46429e+04
      Potential    Kinetic En.   Total Energy    Temperature Pres. DC (bar)
   -3.92448e+06    6.20411e+05   -3.30407e+06    3.00285e+02   -2.15527e+02
 Pressure (bar)   Constr. rmsd
   -3.63262e+01    4.54106e-06

	<======  ###############  ==>
	<====  A V E R A G E S  ====>
	<==  ###############  ======>

	Statistics over 500001 steps using 5001 frames

   Energies (kJ/mol)
           Bond          Angle    Proper Dih. Ryckaert-Bell.          LJ-14
    5.86967e+03    1.52907e+04    9.84791e+02    8.25892e+03    1.08278e+04
     Coulomb-14        LJ (SR)  Disper. corr.   Coulomb (SR)   Coul. recip.
    5.11622e+04    7.20866e+05   -3.18410e+04   -4.72464e+06    1.45285e+04
      Potential    Kinetic En.   Total Energy    Temperature Pres. DC (bar)
   -3.92869e+06    6.19597e+05   -3.30909e+06    2.99891e+02   -2.15784e+02
 Pressure (bar)   Constr. rmsd
    8.59683e-01    0.00000e+00

          Box-X          Box-Y          Box-Z
    9.93722e+00    9.93722e+00    2.48430e+01

   Total Virial (kJ/mol)
    2.06799e+05    1.35476e+01    2.75909e+01
    1.35478e+01    2.06598e+05    2.27954e+01
    2.71611e+01    2.07248e+01    2.06032e+05

   Pressure (bar)
   -9.75830e-01    7.14687e-01   -1.35217e+00
    7.14655e-01    1.04296e+00    6.01104e-02
   -1.34630e+00    8.82500e-02    2.51192e+00

      T-Protein  T-non-Protein
    3.00029e+02    2.99885e+02


       P P   -   P M E   L O A D   B A L A N C I N G

 PP/PME load balancing changed the cut-off and PME settings:
           particle-particle                    PME
            rcoulomb  rlist            grid      spacing   1/beta
   initial  1.000 nm  1.099 nm      64  64 160   0.156 nm  0.320 nm
   final    1.116 nm  1.215 nm      56  56 144   0.179 nm  0.357 nm
 cost-ratio           1.35             0.69
 (note that these numbers concern only part of the total PP and PME load)


	M E G A - F L O P S   A C C O U N T I N G

 NB=Group-cutoff nonbonded kernels    NxN=N-by-N cluster Verlet kernels
 RF=Reaction-Field  VdW=Van der Waals  QSTab=quadratic-spline table
 W3=SPC/TIP3p  W4=TIP4p (single or pairs)
 V&F=Potential and force  V=Potential only  F=Force only

 Computing:                               M-Number         M-Flops  % Flops
-----------------------------------------------------------------------------
 Pair Search distance check          507269.749104     4565427.742     0.1
 NxN Ewald Elec. + LJ [F]         130127061.426304  8588386054.136    96.5
 NxN Ewald Elec. + LJ [V&F]         1314692.872448   140672137.352     1.6
 1,4 nonbonded interactions           10498.020996      944821.890     0.0
 Calc Weights                        369540.739080    13303466.607     0.1
 Spread Q Bspline                   7883535.767040    15767071.534     0.2
 Gather F Bspline                   7883535.767040    47301214.602     0.5
 3D-FFT                             8483601.122800    67868808.982     0.8
 Solve PME                             1568.097856      100358.263     0.0
 Shift-X                               3079.746360       18478.478     0.0
 Bonds                                 2016.004032      118944.238     0.0
 Angles                                7274.014548     1222034.444     0.0
 Propers                                767.001534      175643.351     0.0
 RB-Dihedrals                          8190.016380     2022934.046     0.0
 Virial                               12320.496405      221768.935     0.0
 Stop-CM                               1232.046360       12320.464     0.0
 Calc-Ekin                            24636.492720      665185.303     0.0
 Lincs                                 2004.004008      120240.240     0.0
 Lincs-Mat                            10752.021504       43008.086     0.0
 Constraint-V                        123051.246102      984409.969     0.0
 Constraint-Vir                       12104.942094      290518.610     0.0
 Settle                               39681.079362    12816988.634     0.1
-----------------------------------------------------------------------------
 Total                                              8897621835.907   100.0
-----------------------------------------------------------------------------


     R E A L   C Y C L E   A N D   T I M E   A C C O U N T I N G

On 1 MPI rank, each using 8 OpenMP threads

 Computing:          Num   Num      Call    Wall time         Giga-Cycles
                     Ranks Threads  Count      (s)         total sum    %
-----------------------------------------------------------------------------
 Neighbor search        1    8      12501     213.684       7179.850   3.4
 Launch GPU ops.        1    8     500001      37.156       1248.462   0.6
 Force                  1    8     500001     378.330      12712.005   6.1
 PME mesh               1    8     500001    3547.890     119210.205  57.1
 Wait GPU local         1    8     500001      16.333        548.807   0.3
 NB X/F buffer ops.     1    8     987501     326.783      10980.013   5.3
 Write traj.            1    8        106       2.869         96.385   0.0
 Update                 1    8     500001     719.436      24173.288  11.6
 Constraints            1    8     500001     730.251      24536.670  11.8
 Rest                                         242.160       8136.636   3.9
-----------------------------------------------------------------------------
 Total                                       6214.893     208822.322 100.0
-----------------------------------------------------------------------------
 Breakdown of PME mesh computation
-----------------------------------------------------------------------------
 PME spread/gather      1    8    1000002    3062.123     102888.277  49.3
 PME 3D-FFT             1    8    1000002     426.281      14323.171   6.9
 PME solve Elec         1    8     500001      53.215       1788.031   0.9
-----------------------------------------------------------------------------

 GPU timings
-----------------------------------------------------------------------------
 Computing:                         Count  Wall t (s)      ms/step       %
-----------------------------------------------------------------------------
 Pair list H2D                      12501      13.615        1.089     0.4
 X / q H2D                         500001     184.487        0.369     5.7
 Nonbonded F kernel                485000    2807.040        5.788    86.2
 Nonbonded F+ene k.                  2500      20.645        8.258     0.6
 Nonbonded F+prune k.               10000      68.976        6.898     2.1
 Nonbonded F+ene+prune k.            2501      25.030       10.008     0.8
 F D2H                             500001     135.569        0.271     4.2
-----------------------------------------------------------------------------
 Total                                       3255.362        6.511   100.0
-----------------------------------------------------------------------------

Force evaluation time GPU/CPU: 6.511 ms/7.852 ms = 0.829
For optimal performance this ratio should be close to 1!

               Core t (s)   Wall t (s)        (%)
       Time:    48651.822     6214.893      782.8
                         1h43:34
                 (ns/day)    (hour/ns)
Performance:       13.902        1.726
Finished mdrun on rank 0 Wed May 22 13:42:02 2019
