                      :-) GROMACS - gmx mdrun, 2020.6 (-:

                            GROMACS is written by:
     Emile Apol      Rossen Apostolov      Paul Bauer     Herman J.C. Berendsen
    Par Bjelkmar      Christian Blau   Viacheslav Bolnykh     Kevin Boyd    
 Aldert van Buuren   Rudi van Drunen     Anton Feenstra       Alan Gray     
  Gerrit Groenhof     Anca Hamuraru    Vincent Hindriksen  M. Eric Irrgang  
  Aleksei Iupinov   Christoph Junghans     Joe Jordan     Dimitrios Karkoulis
    Peter Kasson        Jiri Kraus      Carsten Kutzner      Per Larsson    
  Justin A. Lemkul    Viveca Lindahl    Magnus Lundborg     Erik Marklund   
    Pascal Merz     Pieter Meulenhoff    Teemu Murtola       Szilard Pall   
    Sander Pronk      Roland Schulz      Michael Shirts    Alexey Shvetsov  
   Alfons Sijbers     Peter Tieleman      Jon Vincent      Teemu Virolainen 
 Christian Wennberg    Maarten Wolf      Artem Zhmurov   
                           and the project leaders:
        Mark Abraham, Berk Hess, Erik Lindahl, and David van der Spoel

Copyright (c) 1991-2000, University of Groningen, The Netherlands.
Copyright (c) 2001-2019, The GROMACS development team at
Uppsala University, Stockholm University and
the Royal Institute of Technology, Sweden.
check out http://www.gromacs.org for more information.

GROMACS is free software; you can redistribute it and/or modify it
under the terms of the GNU Lesser General Public License
as published by the Free Software Foundation; either version 2.1
of the License, or (at your option) any later version.

GROMACS:      gmx mdrun, version 2020.6
Executable:   /home/group/cubbli/opt/gromacs-2020.6/bin/gmx
Data prefix:  /home/group/cubbli/opt/gromacs-2020.6
Working dir:  /home/local/ksekorsh/Documents/year01/2022SommerStudents/ProLipids2019/Lab2/bilayer
Process ID:   51942
Command line:
  gmx mdrun -v -deffnm leaflet_1_comp -dlb yes -nt 8

GROMACS version:    2020.6
Verified release checksum is 2f568d8884e039acbc6b68722432516e0628be00c847969b7c905c8b53ef826f
Precision:          single
Memory model:       64 bit
MPI library:        thread_mpi
OpenMP support:     enabled (GMX_OPENMP_MAX_THREADS = 64)
GPU support:        CUDA
SIMD instructions:  AVX2_256
FFT library:        fftw-3.3.8-sse2-avx-avx2-avx2_128
RDTSCP usage:       enabled
TNG support:        enabled
Hwloc support:      hwloc-2.1.0
Tracing support:    disabled
C compiler:         /usr/bin/gcc-10 GNU 10.2.0
C compiler flags:   -mavx2 -mfma -fexcess-precision=fast -funroll-all-loops -O3 -DNDEBUG
C++ compiler:       /usr/bin/g++-10 GNU 10.2.0
C++ compiler flags: -mavx2 -mfma -fexcess-precision=fast -funroll-all-loops -fopenmp -O3 -DNDEBUG
CUDA compiler:      /usr/local/cuda-11.2/bin/nvcc nvcc: NVIDIA (R) Cuda compiler driver;Copyright (c) 2005-2021 NVIDIA Corporation;Built on Sun_Feb_14_21:12:58_PST_2021;Cuda compilation tools, release 11.2, V11.2.152;Build cuda_11.2.r11.2/compiler.29618528_0
CUDA compiler flags:-gencode;arch=compute_35,code=sm_35;-gencode;arch=compute_37,code=sm_37;-gencode;arch=compute_50,code=sm_50;-gencode;arch=compute_52,code=sm_52;-gencode;arch=compute_60,code=sm_60;-gencode;arch=compute_61,code=sm_61;-gencode;arch=compute_70,code=sm_70;-Wno-deprecated-gpu-targets;-gencode;arch=compute_35,code=compute_35;-gencode;arch=compute_50,code=compute_50;-gencode;arch=compute_52,code=compute_52;-gencode;arch=compute_60,code=compute_60;-gencode;arch=compute_61,code=compute_61;-gencode;arch=compute_70,code=compute_70;-gencode;arch=compute_75,code=compute_75;-gencode;arch=compute_80,code=compute_80;-use_fast_math;-D_FORCE_INLINES;-mavx2 -mfma -fexcess-precision=fast -funroll-all-loops -fopenmp -O3 -DNDEBUG
CUDA driver:        11.60
CUDA runtime:       11.20


Running on 1 node with total 8 cores, 16 logical cores, 1 compatible GPU
Hardware detected:
  CPU info:
    Vendor: Intel
    Brand:  Intel(R) Xeon(R) W-2145 CPU @ 3.70GHz
    Family: 6   Model: 85   Stepping: 4
    Features: aes apic avx avx2 avx512f avx512cd avx512bw avx512vl clfsh cmov cx8 cx16 f16c fma hle htt intel lahf mmx msr nonstop_tsc pcid pclmuldq pdcm pdpe1gb popcnt pse rdrnd rdtscp rtm sse2 sse3 sse4.1 sse4.2 ssse3 tdt x2apic
    Number of AVX-512 FMA units: 2
  Hardware topology: Full, with devices
    Sockets, cores, and logical processors:
      Socket  0: [   0   8] [   1   9] [   2  10] [   3  11] [   4  12] [   5  13] [   6  14] [   7  15]
    Numa nodes:
      Node  0 (33300992000 bytes mem):   0   8   1   9   2  10   3  11   4  12   5  13   6  14   7  15
      Latency:
               0
         0  1.00
    Caches:
      L1: 32768 bytes, linesize 64 bytes, assoc. 8, shared 2 ways
      L2: 1048576 bytes, linesize 64 bytes, assoc. 16, shared 2 ways
      L3: 11534336 bytes, linesize 64 bytes, assoc. 11, shared 16 ways
    PCI devices:
      0000:00:17.0  Id: 8086:a282  Class: 0x0106  Numa: 0
      0000:00:1f.6  Id: 8086:15b7  Class: 0x0200  Numa: 0
      0000:17:00.0  Id: 8086:24fd  Class: 0x0280  Numa: 0
      0000:18:00.0  Id: 144d:a808  Class: 0x0108  Numa: 0
      0000:65:00.0  Id: 10de:1e82  Class: 0x0300  Numa: 0
  GPU info:
    Number of GPUs detected: 1
    #0: NVIDIA NVIDIA GeForce RTX 2080, compute cap.: 7.5, ECC:  no, stat: compatible

Highest SIMD level requested by all nodes in run: AVX_512
SIMD instructions selected at compile time:       AVX2_256
This program was compiled for different hardware than you are running on,
which could influence performance. This build might have been configured on a
login node with only a single AVX-512 FMA unit (in which case AVX2 is faster),
while the node you are running on has dual AVX-512 FMA units.

++++ PLEASE READ AND CITE THE FOLLOWING REFERENCE ++++
M. J. Abraham, T. Murtola, R. Schulz, S. Páll, J. C. Smith, B. Hess, E.
Lindahl
GROMACS: High performance molecular simulations through multi-level
parallelism from laptops to supercomputers
SoftwareX 1 (2015) pp. 19-25
-------- -------- --- Thank You --- -------- --------


++++ PLEASE READ AND CITE THE FOLLOWING REFERENCE ++++
S. Páll, M. J. Abraham, C. Kutzner, B. Hess, E. Lindahl
Tackling Exascale Software Challenges in Molecular Dynamics Simulations with
GROMACS
In S. Markidis & E. Laure (Eds.), Solving Software Challenges for Exascale 8759 (2015) pp. 3-27
-------- -------- --- Thank You --- -------- --------


++++ PLEASE READ AND CITE THE FOLLOWING REFERENCE ++++
S. Pronk, S. Páll, R. Schulz, P. Larsson, P. Bjelkmar, R. Apostolov, M. R.
Shirts, J. C. Smith, P. M. Kasson, D. van der Spoel, B. Hess, and E. Lindahl
GROMACS 4.5: a high-throughput and highly parallel open source molecular
simulation toolkit
Bioinformatics 29 (2013) pp. 845-54
-------- -------- --- Thank You --- -------- --------


++++ PLEASE READ AND CITE THE FOLLOWING REFERENCE ++++
B. Hess and C. Kutzner and D. van der Spoel and E. Lindahl
GROMACS 4: Algorithms for highly efficient, load-balanced, and scalable
molecular simulation
J. Chem. Theory Comput. 4 (2008) pp. 435-447
-------- -------- --- Thank You --- -------- --------


++++ PLEASE READ AND CITE THE FOLLOWING REFERENCE ++++
D. van der Spoel, E. Lindahl, B. Hess, G. Groenhof, A. E. Mark and H. J. C.
Berendsen
GROMACS: Fast, Flexible and Free
J. Comp. Chem. 26 (2005) pp. 1701-1719
-------- -------- --- Thank You --- -------- --------


++++ PLEASE READ AND CITE THE FOLLOWING REFERENCE ++++
E. Lindahl and B. Hess and D. van der Spoel
GROMACS 3.0: A package for molecular simulation and trajectory analysis
J. Mol. Mod. 7 (2001) pp. 306-317
-------- -------- --- Thank You --- -------- --------


++++ PLEASE READ AND CITE THE FOLLOWING REFERENCE ++++
H. J. C. Berendsen, D. van der Spoel and R. van Drunen
GROMACS: A message-passing parallel molecular dynamics implementation
Comp. Phys. Comm. 91 (1995) pp. 43-56
-------- -------- --- Thank You --- -------- --------


++++ PLEASE CITE THE DOI FOR THIS VERSION OF GROMACS ++++
https://doi.org/10.5281/zenodo.4576055
-------- -------- --- Thank You --- -------- --------

Input Parameters:
   integrator                     = md
   tinit                          = 0
   dt                             = 0.002
   nsteps                         = 125000
   init-step                      = 0
   simulation-part                = 1
   comm-mode                      = Linear
   nstcomm                        = 100
   bd-fric                        = 0
   ld-seed                        = -1073785017
   emtol                          = 10
   emstep                         = 0.01
   niter                          = 20
   fcstep                         = 0
   nstcgsteep                     = 1000
   nbfgscorr                      = 10
   rtpi                           = 0.05
   nstxout                        = 0
   nstvout                        = 0
   nstfout                        = 0
   nstlog                         = 1000
   nstcalcenergy                  = 100
   nstenergy                      = 1000
   nstxout-compressed             = 1000
   compressed-x-precision         = 1000
   cutoff-scheme                  = Verlet
   nstlist                        = 10
   pbc                            = xyz
   periodic-molecules             = false
   verlet-buffer-tolerance        = 0.005
   rlist                          = 1.051
   coulombtype                    = Cut-off
   coulomb-modifier               = Potential-shift
   rcoulomb-switch                = 0
   rcoulomb                       = 1
   epsilon-r                      = 1
   epsilon-rf                     = inf
   vdw-type                       = Cut-off
   vdw-modifier                   = Potential-shift
   rvdw-switch                    = 0
   rvdw                           = 1
   DispCorr                       = EnerPres
   table-extension                = 1
   fourierspacing                 = 0.12
   fourier-nx                     = 0
   fourier-ny                     = 0
   fourier-nz                     = 0
   pme-order                      = 4
   ewald-rtol                     = 1e-05
   ewald-rtol-lj                  = 0.001
   lj-pme-comb-rule               = Geometric
   ewald-geometry                 = 0
   epsilon-surface                = 0
   tcoupl                         = V-rescale
   nsttcouple                     = 10
   nh-chain-length                = 0
   print-nose-hoover-chain-variables = false
   pcoupl                         = Berendsen
   pcoupltype                     = Semiisotropic
   nstpcouple                     = 10
   tau-p                          = 5
   compressibility (3x3):
      compressibility[    0]={ 4.50000e-05,  0.00000e+00,  0.00000e+00}
      compressibility[    1]={ 0.00000e+00,  4.50000e-05,  0.00000e+00}
      compressibility[    2]={ 0.00000e+00,  0.00000e+00,  0.00000e+00}
   ref-p (3x3):
      ref-p[    0]={ 1.00000e+03,  0.00000e+00,  0.00000e+00}
      ref-p[    1]={ 0.00000e+00,  1.00000e+03,  0.00000e+00}
      ref-p[    2]={ 0.00000e+00,  0.00000e+00,  1.00000e+00}
   refcoord-scaling               = COM
   posres-com (3):
      posres-com[0]= 1.29292e-01
      posres-com[1]= 4.34032e-01
      posres-com[2]= 5.16502e-01
   posres-comB (3):
      posres-comB[0]= 1.29292e-01
      posres-comB[1]= 4.34032e-01
      posres-comB[2]= 5.16502e-01
   QMMM                           = false
   QMconstraints                  = 0
   QMMMscheme                     = 0
   MMChargeScaleFactor            = 1
qm-opts:
   ngQM                           = 0
   constraint-algorithm           = Lincs
   continuation                   = false
   Shake-SOR                      = false
   shake-tol                      = 0.0001
   lincs-order                    = 4
   lincs-iter                     = 1
   lincs-warnangle                = 30
   nwall                          = 0
   wall-type                      = 9-3
   wall-r-linpot                  = -1
   wall-atomtype[0]               = -1
   wall-atomtype[1]               = -1
   wall-density[0]                = 0
   wall-density[1]                = 0
   wall-ewald-zfac                = 3
   pull                           = false
   awh                            = false
   rotation                       = false
   interactiveMD                  = false
   disre                          = No
   disre-weighting                = Conservative
   disre-mixed                    = false
   dr-fc                          = 1000
   dr-tau                         = 0
   nstdisreout                    = 100
   orire-fc                       = 0
   orire-tau                      = 0
   nstorireout                    = 100
   free-energy                    = no
   cos-acceleration               = 0
   deform (3x3):
      deform[    0]={ 0.00000e+00,  0.00000e+00,  0.00000e+00}
      deform[    1]={ 0.00000e+00,  0.00000e+00,  0.00000e+00}
      deform[    2]={ 0.00000e+00,  0.00000e+00,  0.00000e+00}
   simulated-tempering            = false
   swapcoords                     = no
   userint1                       = 0
   userint2                       = 0
   userint3                       = 0
   userint4                       = 0
   userreal1                      = 0
   userreal2                      = 0
   userreal3                      = 0
   userreal4                      = 0
   applied-forces:
     electric-field:
       x:
         E0                       = 0
         omega                    = 0
         t0                       = 0
         sigma                    = 0
       y:
         E0                       = 0
         omega                    = 0
         t0                       = 0
         sigma                    = 0
       z:
         E0                       = 0
         omega                    = 0
         t0                       = 0
         sigma                    = 0
     density-guided-simulation:
       active                     = false
       group                      = protein
       similarity-measure         = inner-product
       atom-spreading-weight      = unity
       force-constant             = 1e+09
       gaussian-transform-spreading-width = 0.2
       gaussian-transform-spreading-range-in-multiples-of-width = 4
       reference-density-filename = reference.mrc
       nst                        = 1
       normalize-densities        = true
       adaptive-force-scaling     = false
       adaptive-force-scaling-time-constant = 4
grpopts:
   nrdf:       34633
   ref-t:         310
   tau-t:         0.5
annealing:          No
annealing-npoints:           0
   acc:	           0           0           0
   nfreeze:           N           N           N
   energygrp-flags[  0]: 0

Changing nstlist from 10 to 40, rlist from 1.051 to 1.245

1 GPU selected for this run.
Mapping of GPU IDs to the 1 GPU task in the 1 rank on this node:
  PP:0
PP tasks will do (non-perturbed) short-ranged interactions on the GPU
PP task will update and constrain coordinates on the CPU
Using 1 MPI thread

Non-default thread affinity set, disabling internal thread affinity

Using 8 OpenMP threads 

System total charge: -60.000
Potential shift: LJ r^-12: -1.000e+00 r^-6: -1.000e+00, Coulomb -1e+00
Generated table with 1122 data points for 1-4 COUL.
Tabscale = 500 points/nm
Generated table with 1122 data points for 1-4 LJ6.
Tabscale = 500 points/nm
Generated table with 1122 data points for 1-4 LJ12.
Tabscale = 500 points/nm

Using GPU 8x8 nonbonded short-range kernels

Using a dual 8x8 pair-list setup updated with dynamic, rolling pruning:
  outer list: updated every 40 steps, buffer 0.245 nm, rlist 1.245 nm
  inner list: updated every  4 steps, buffer 0.019 nm, rlist 1.019 nm
At tolerance 0.005 kJ/mol/ps per atom, equivalent classical 1x1 list would be:
  outer list: updated every 40 steps, buffer 0.328 nm, rlist 1.328 nm
  inner list: updated every  4 steps, buffer 0.029 nm, rlist 1.029 nm

Using geometric Lennard-Jones combination rule

Long Range LJ corr.: <C6> 5.9277e-04

Removing pbc first time

Initializing LINear Constraint Solver

++++ PLEASE READ AND CITE THE FOLLOWING REFERENCE ++++
B. Hess and H. Bekker and H. J. C. Berendsen and J. G. E. M. Fraaije
LINCS: A Linear Constraint Solver for molecular simulations
J. Comp. Chem. 18 (1997) pp. 1463-1472
-------- -------- --- Thank You --- -------- --------

The number of constraints is 17144

++++ PLEASE READ AND CITE THE FOLLOWING REFERENCE ++++
G. Bussi, D. Donadio and M. Parrinello
Canonical sampling through velocity rescaling
J. Chem. Phys. 126 (2007) pp. 014101
-------- -------- --- Thank You --- -------- --------

There are: 17260 Atoms

Constraining the starting coordinates (step 0)

Constraining the coordinates at t0-dt (step 0)
Center of mass motion removal mode is Linear
We have the following groups for center of mass motion removal:
  0:  System
RMS relative constraint deviation after constraining: 1.21e-05
Initial temperature: 309.971 K

Started mdrun on rank 0 Mon May 23 19:26:14 2022

           Step           Time
              0        0.00000

   Energies (kJ/mol)
          Angle Ryckaert-Bell.  Improper Dih.          LJ-14     Coulomb-14
    1.00391e+04    4.62886e+03    1.16145e+02    8.07437e+03   -6.95878e+04
        LJ (SR)  Disper. corr.   Coulomb (SR) Position Rest.      Potential
   -8.96634e+03   -4.66634e+02   -4.25313e+04    1.88196e-02   -9.86936e+04
    Kinetic En.   Total Energy  Conserved En.    Temperature Pres. DC (bar)
    4.46696e+04   -5.40240e+04   -5.40129e+04    3.10254e+02   -4.99591e+00
 Pressure (bar)   Constr. rmsd
   -5.58813e+02    1.19199e-05

           Step           Time
           1000        2.00000

   Energies (kJ/mol)
          Angle Ryckaert-Bell.  Improper Dih.          LJ-14     Coulomb-14
    3.41180e+04    1.11073e+04    5.06087e+02    1.02349e+04   -6.97070e+04
        LJ (SR)  Disper. corr.   Coulomb (SR) Position Rest.      Potential
   -1.01926e+04   -4.72678e+02   -5.85673e+04    1.29163e+03   -8.16817e+04
    Kinetic En.   Total Energy  Conserved En.    Temperature Pres. DC (bar)
    4.57283e+04   -3.59534e+04   -5.26074e+04    3.17608e+02   -5.12475e+00
 Pressure (bar)   Constr. rmsd
   -4.49389e+01    9.81572e-06

           Step           Time
           2000        4.00000

   Energies (kJ/mol)
          Angle Ryckaert-Bell.  Improper Dih.          LJ-14     Coulomb-14
    3.53311e+04    1.12822e+04    5.48055e+02    1.03118e+04   -6.95926e+04
        LJ (SR)  Disper. corr.   Coulomb (SR) Position Rest.      Potential
   -1.13127e+04   -4.78746e+02   -6.32182e+04    1.25856e+03   -8.58705e+04
    Kinetic En.   Total Energy  Conserved En.    Temperature Pres. DC (bar)
    4.54021e+04   -4.04684e+04   -5.25961e+04    3.15342e+02   -5.25575e+00
 Pressure (bar)   Constr. rmsd
   -6.43613e+01    1.03364e-05

           Step           Time
           3000        6.00000

   Energies (kJ/mol)
          Angle Ryckaert-Bell.  Improper Dih.          LJ-14     Coulomb-14
    3.59334e+04    1.08761e+04    5.20864e+02    1.02158e+04   -6.94276e+04
        LJ (SR)  Disper. corr.   Coulomb (SR) Position Rest.      Potential
   -1.20386e+04   -4.84717e+02   -6.53141e+04    1.20248e+03   -8.85164e+04
    Kinetic En.   Total Energy  Conserved En.    Temperature Pres. DC (bar)
    4.48973e+04   -4.36191e+04   -5.25944e+04    3.11836e+02   -5.38624e+00
 Pressure (bar)   Constr. rmsd
   -6.07439e+01    9.88511e-06

           Step           Time
           4000        8.00000

   Energies (kJ/mol)
          Angle Ryckaert-Bell.  Improper Dih.          LJ-14     Coulomb-14
    3.68675e+04    1.07387e+04    5.68919e+02    1.01749e+04   -6.92543e+04
        LJ (SR)  Disper. corr.   Coulomb (SR) Position Rest.      Potential
   -1.34695e+04   -4.90821e+02   -6.63839e+04    1.06333e+03   -9.01851e+04
    Kinetic En.   Total Energy  Conserved En.    Temperature Pres. DC (bar)
    4.50102e+04   -4.51748e+04   -5.25781e+04    3.12620e+02   -5.52134e+00
 Pressure (bar)   Constr. rmsd
   -6.82364e+01    9.78206e-06

           Step           Time
           5000       10.00000

   Energies (kJ/mol)
          Angle Ryckaert-Bell.  Improper Dih.          LJ-14     Coulomb-14
    3.74758e+04    1.04284e+04    5.24999e+02    1.02064e+04   -6.94557e+04
        LJ (SR)  Disper. corr.   Coulomb (SR) Position Rest.      Potential
   -1.41306e+04   -4.96916e+02   -6.69620e+04    1.09344e+03   -9.13161e+04
    Kinetic En.   Total Energy  Conserved En.    Temperature Pres. DC (bar)
    4.46317e+04   -4.66845e+04   -5.24549e+04    3.09991e+02   -5.65787e+00
 Pressure (bar)   Constr. rmsd
   -7.83365e+01    9.69985e-06

           Step           Time
           6000       12.00000

   Energies (kJ/mol)
          Angle Ryckaert-Bell.  Improper Dih.          LJ-14     Coulomb-14
    3.71123e+04    1.03529e+04    5.79059e+02    1.01323e+04   -6.93050e+04
        LJ (SR)  Disper. corr.   Coulomb (SR) Position Rest.      Potential
   -1.49260e+04   -5.03144e+02   -6.81861e+04    1.04577e+03   -9.36979e+04
    Kinetic En.   Total Energy  Conserved En.    Temperature Pres. DC (bar)
    4.47974e+04   -4.89006e+04   -5.23827e+04    3.11142e+02   -5.79914e+00
 Pressure (bar)   Constr. rmsd
   -4.65225e+01    9.77036e-06

           Step           Time
           7000       14.00000

   Energies (kJ/mol)
          Angle Ryckaert-Bell.  Improper Dih.          LJ-14     Coulomb-14
    3.77993e+04    9.85024e+03    5.47636e+02    1.02491e+04   -6.93602e+04
        LJ (SR)  Disper. corr.   Coulomb (SR) Position Rest.      Potential
   -1.53705e+04   -5.09412e+02   -6.83920e+04    1.04859e+03   -9.41372e+04
    Kinetic En.   Total Energy  Conserved En.    Temperature Pres. DC (bar)
    4.40688e+04   -5.00684e+04   -5.23065e+04    3.06082e+02   -5.94304e+00
 Pressure (bar)   Constr. rmsd
   -1.41323e+01    9.40027e-06

           Step           Time
           8000       16.00000

   Energies (kJ/mol)
          Angle Ryckaert-Bell.  Improper Dih.          LJ-14     Coulomb-14
    3.76625e+04    1.00443e+04    5.31562e+02    1.01958e+04   -6.94522e+04
        LJ (SR)  Disper. corr.   Coulomb (SR) Position Rest.      Potential
   -1.58447e+04   -5.15819e+02   -6.93747e+04    1.15948e+03   -9.55939e+04
    Kinetic En.   Total Energy  Conserved En.    Temperature Pres. DC (bar)
    4.42010e+04   -5.13928e+04   -5.22847e+04    3.07000e+02   -6.09198e+00
 Pressure (bar)   Constr. rmsd
   -6.30083e+01    9.36512e-06

           Step           Time
           9000       18.00000

   Energies (kJ/mol)
          Angle Ryckaert-Bell.  Improper Dih.          LJ-14     Coulomb-14
    3.83847e+04    1.02142e+04    5.73794e+02    1.01892e+04   -6.94701e+04
        LJ (SR)  Disper. corr.   Coulomb (SR) Position Rest.      Potential
   -1.63991e+04   -5.22297e+02   -7.00111e+04    1.13421e+03   -9.59065e+04
    Kinetic En.   Total Energy  Conserved En.    Temperature Pres. DC (bar)
    4.49535e+04   -5.09530e+04   -5.22183e+04    3.12226e+02   -6.24442e+00
 Pressure (bar)   Constr. rmsd
   -4.05237e+00    9.80675e-06

           Step           Time
          10000       20.00000

   Energies (kJ/mol)
          Angle Ryckaert-Bell.  Improper Dih.          LJ-14     Coulomb-14
    3.81238e+04    1.02074e+04    5.72356e+02    1.01108e+04   -6.93011e+04
        LJ (SR)  Disper. corr.   Coulomb (SR) Position Rest.      Potential
   -1.65730e+04   -5.28883e+02   -7.05387e+04    1.07045e+03   -9.68569e+04
    Kinetic En.   Total Energy  Conserved En.    Temperature Pres. DC (bar)
    4.49985e+04   -5.18585e+04   -5.21269e+04    3.12538e+02   -6.40135e+00
 Pressure (bar)   Constr. rmsd
   -2.18283e+01    9.73978e-06

           Step           Time
          11000       22.00000

   Energies (kJ/mol)
          Angle Ryckaert-Bell.  Improper Dih.          LJ-14     Coulomb-14
    3.81565e+04    9.79111e+03    5.86763e+02    1.01467e+04   -6.93431e+04
        LJ (SR)  Disper. corr.   Coulomb (SR) Position Rest.      Potential
   -1.70634e+04   -5.35467e+02   -7.08104e+04    9.94322e+02   -9.80770e+04
    Kinetic En.   Total Energy  Conserved En.    Temperature Pres. DC (bar)
    4.45878e+04   -5.34892e+04   -5.20754e+04    3.09686e+02   -6.56018e+00
 Pressure (bar)   Constr. rmsd
    1.31964e+01    9.20909e-06

           Step           Time
          12000       24.00000

   Energies (kJ/mol)
          Angle Ryckaert-Bell.  Improper Dih.          LJ-14     Coulomb-14
    3.80030e+04    1.00293e+04    5.53720e+02    1.02029e+04   -6.93208e+04
        LJ (SR)  Disper. corr.   Coulomb (SR) Position Rest.      Potential
   -1.72511e+04   -5.42116e+02   -7.11510e+04    9.78496e+02   -9.84976e+04
    Kinetic En.   Total Energy  Conserved En.    Temperature Pres. DC (bar)
    4.44648e+04   -5.40328e+04   -5.19779e+04    3.08832e+02   -6.72255e+00
 Pressure (bar)   Constr. rmsd
    3.27914e+00    9.31145e-06

           Step           Time
          13000       26.00000

   Energies (kJ/mol)
          Angle Ryckaert-Bell.  Improper Dih.          LJ-14     Coulomb-14
    3.81795e+04    1.01179e+04    5.59453e+02    1.01408e+04   -6.93237e+04
        LJ (SR)  Disper. corr.   Coulomb (SR) Position Rest.      Potential
   -1.79269e+04   -5.48831e+02   -7.11091e+04    1.05995e+03   -9.88509e+04
    Kinetic En.   Total Energy  Conserved En.    Temperature Pres. DC (bar)
    4.42179e+04   -5.46330e+04   -5.19222e+04    3.07117e+02   -6.88854e+00
 Pressure (bar)   Constr. rmsd
   -4.12975e+01    9.28398e-06

           Step           Time
          14000       28.00000

   Energies (kJ/mol)
          Angle Ryckaert-Bell.  Improper Dih.          LJ-14     Coulomb-14
    3.91308e+04    9.88688e+03    5.83631e+02    1.00848e+04   -6.92759e+04
        LJ (SR)  Disper. corr.   Coulomb (SR) Position Rest.      Potential
   -1.81345e+04   -5.55685e+02   -7.19858e+04    9.82061e+02   -9.92836e+04
    Kinetic En.   Total Energy  Conserved En.    Temperature Pres. DC (bar)
    4.38212e+04   -5.54625e+04   -5.17991e+04    3.04361e+02   -7.06006e+00
 Pressure (bar)   Constr. rmsd
   -8.67443e+01    9.30071e-06

           Step           Time
          15000       30.00000

   Energies (kJ/mol)
          Angle Ryckaert-Bell.  Improper Dih.          LJ-14     Coulomb-14
    3.85707e+04    9.79224e+03    5.81268e+02    1.01031e+04   -6.93144e+04
        LJ (SR)  Disper. corr.   Coulomb (SR) Position Rest.      Potential
   -1.84428e+04   -5.62591e+02   -7.22741e+04    1.01325e+03   -1.00533e+05
    Kinetic En.   Total Energy  Conserved En.    Temperature Pres. DC (bar)
    4.46080e+04   -5.59253e+04   -5.17937e+04    3.09826e+02   -7.23502e+00
 Pressure (bar)   Constr. rmsd
   -1.46734e+02    9.74731e-06

           Step           Time
          16000       32.00000

   Energies (kJ/mol)
          Angle Ryckaert-Bell.  Improper Dih.          LJ-14     Coulomb-14
    3.86888e+04    9.82966e+03    4.96863e+02    1.00933e+04   -6.92577e+04
        LJ (SR)  Disper. corr.   Coulomb (SR) Position Rest.      Potential
   -1.89678e+04   -5.69600e+02   -7.22144e+04    9.97656e+02   -1.00903e+05
    Kinetic En.   Total Energy  Conserved En.    Temperature Pres. DC (bar)
    4.49466e+04   -5.59566e+04   -5.17574e+04    3.12178e+02   -7.41476e+00
 Pressure (bar)   Constr. rmsd
   -3.53839e+01    9.49100e-06

           Step           Time
          17000       34.00000

   Energies (kJ/mol)
          Angle Ryckaert-Bell.  Improper Dih.          LJ-14     Coulomb-14
    3.86238e+04    9.86554e+03    5.47974e+02    1.01828e+04   -6.94568e+04
        LJ (SR)  Disper. corr.   Coulomb (SR) Position Rest.      Potential
   -1.91631e+04   -5.76751e+02   -7.23405e+04    1.00560e+03   -1.01311e+05
    Kinetic En.   Total Energy  Conserved En.    Temperature Pres. DC (bar)
    4.46585e+04   -5.66529e+04   -5.17053e+04    3.10177e+02   -7.60044e+00
 Pressure (bar)   Constr. rmsd
   -3.41162e+01    9.01874e-06

           Step           Time
          18000       36.00000

   Energies (kJ/mol)
          Angle Ryckaert-Bell.  Improper Dih.          LJ-14     Coulomb-14
    3.87126e+04    9.67594e+03    5.97068e+02    1.01739e+04   -6.96825e+04
        LJ (SR)  Disper. corr.   Coulomb (SR) Position Rest.      Potential
   -1.91289e+04   -5.84031e+02   -7.26214e+04    9.52132e+02   -1.01905e+05
    Kinetic En.   Total Energy  Conserved En.    Temperature Pres. DC (bar)
    4.49862e+04   -5.69190e+04   -5.16502e+04    3.12453e+02   -7.79181e+00
 Pressure (bar)   Constr. rmsd
    5.64167e+01    9.17255e-06

           Step           Time
          19000       38.00000

   Energies (kJ/mol)
          Angle Ryckaert-Bell.  Improper Dih.          LJ-14     Coulomb-14
    3.87786e+04    9.40736e+03    5.66879e+02    1.00845e+04   -6.95518e+04
        LJ (SR)  Disper. corr.   Coulomb (SR) Position Rest.      Potential
   -1.96038e+04   -5.91272e+02   -7.26065e+04    1.02629e+03   -1.02490e+05
    Kinetic En.   Total Energy  Conserved En.    Temperature Pres. DC (bar)
    4.43997e+04   -5.80900e+04   -5.15668e+04    3.08380e+02   -7.98452e+00
 Pressure (bar)   Constr. rmsd
   -2.93089e+01    9.33123e-06

           Step           Time
          20000       40.00000

   Energies (kJ/mol)
          Angle Ryckaert-Bell.  Improper Dih.          LJ-14     Coulomb-14
    3.84912e+04    9.43878e+03    5.76335e+02    1.01428e+04   -6.96726e+04
        LJ (SR)  Disper. corr.   Coulomb (SR) Position Rest.      Potential
   -1.97256e+04   -5.98543e+02   -7.28488e+04    9.95656e+02   -1.03201e+05
    Kinetic En.   Total Energy  Conserved En.    Temperature Pres. DC (bar)
    4.51798e+04   -5.80209e+04   -5.15520e+04    3.13798e+02   -8.18039e+00
 Pressure (bar)   Constr. rmsd
   -1.42617e+01    9.74179e-06

           Step           Time
          21000       42.00000

   Energies (kJ/mol)
          Angle Ryckaert-Bell.  Improper Dih.          LJ-14     Coulomb-14
    3.84125e+04    9.51880e+03    5.35250e+02    1.00697e+04   -6.95859e+04
        LJ (SR)  Disper. corr.   Coulomb (SR) Position Rest.      Potential
   -1.96665e+04   -6.05939e+02   -7.29137e+04    1.02941e+03   -1.03206e+05
    Kinetic En.   Total Energy  Conserved En.    Temperature Pres. DC (bar)
    4.47283e+04   -5.84781e+04   -5.15085e+04    3.10662e+02   -8.38208e+00
 Pressure (bar)   Constr. rmsd
   -1.04500e+01    9.18742e-06

           Step           Time
          22000       44.00000

   Energies (kJ/mol)
          Angle Ryckaert-Bell.  Improper Dih.          LJ-14     Coulomb-14
    3.83743e+04    9.39427e+03    5.70252e+02    1.01155e+04   -6.97750e+04
        LJ (SR)  Disper. corr.   Coulomb (SR) Position Rest.      Potential
   -1.98840e+04   -6.13420e+02   -7.28460e+04    1.04677e+03   -1.03617e+05
    Kinetic En.   Total Energy  Conserved En.    Temperature Pres. DC (bar)
    4.48397e+04   -5.87777e+04   -5.14111e+04    3.11435e+02   -8.58857e+00
 Pressure (bar)   Constr. rmsd
    5.65898e+01    9.20030e-06

           Step           Time
          23000       46.00000

   Energies (kJ/mol)
          Angle Ryckaert-Bell.  Improper Dih.          LJ-14     Coulomb-14
    3.86223e+04    9.45128e+03    5.70497e+02    1.02567e+04   -6.95469e+04
        LJ (SR)  Disper. corr.   Coulomb (SR) Position Rest.      Potential
   -1.98891e+04   -6.20963e+02   -7.33349e+04    9.95282e+02   -1.03496e+05
    Kinetic En.   Total Energy  Conserved En.    Temperature Pres. DC (bar)
    4.39755e+04   -5.95203e+04   -5.12960e+04    3.05434e+02   -8.79933e+00
 Pressure (bar)   Constr. rmsd
   -2.00979e+01    9.25388e-06

           Step           Time
          24000       48.00000

   Energies (kJ/mol)
          Angle Ryckaert-Bell.  Improper Dih.          LJ-14     Coulomb-14
    3.87299e+04    9.22587e+03    5.35134e+02    1.00063e+04   -6.95589e+04
        LJ (SR)  Disper. corr.   Coulomb (SR) Position Rest.      Potential
   -2.01504e+04   -6.28723e+02   -7.29703e+04    9.70232e+02   -1.03841e+05
    Kinetic En.   Total Energy  Conserved En.    Temperature Pres. DC (bar)
    4.46565e+04   -5.91843e+04   -5.12528e+04    3.10163e+02   -9.01880e+00
 Pressure (bar)   Constr. rmsd
   -3.24966e+01    8.95811e-06

           Step           Time
          25000       50.00000

   Energies (kJ/mol)
          Angle Ryckaert-Bell.  Improper Dih.          LJ-14     Coulomb-14
    3.86879e+04    9.24265e+03    5.55757e+02    1.00629e+04   -6.94465e+04
        LJ (SR)  Disper. corr.   Coulomb (SR) Position Rest.      Potential
   -2.04743e+04   -6.36392e+02   -7.32037e+04    9.63636e+02   -1.04248e+05
    Kinetic En.   Total Energy  Conserved En.    Temperature Pres. DC (bar)
    4.43823e+04   -5.98658e+04   -5.12180e+04    3.08259e+02   -9.23836e+00
 Pressure (bar)   Constr. rmsd
    5.37045e+01    8.95416e-06

           Step           Time
          26000       52.00000

   Energies (kJ/mol)
          Angle Ryckaert-Bell.  Improper Dih.          LJ-14     Coulomb-14
    3.92937e+04    9.21932e+03    5.67273e+02    1.00166e+04   -6.96614e+04
        LJ (SR)  Disper. corr.   Coulomb (SR) Position Rest.      Potential
   -2.04167e+04   -6.44234e+02   -7.28573e+04    9.81576e+02   -1.03501e+05
    Kinetic En.   Total Energy  Conserved En.    Temperature Pres. DC (bar)
    4.48939e+04   -5.86072e+04   -5.11324e+04    3.11812e+02   -9.46562e+00
 Pressure (bar)   Constr. rmsd
   -6.72717e+01    9.13371e-06

           Step           Time
          27000       54.00000

   Energies (kJ/mol)
          Angle Ryckaert-Bell.  Improper Dih.          LJ-14     Coulomb-14
    3.88624e+04    9.35099e+03    5.84729e+02    1.00975e+04   -6.95579e+04
        LJ (SR)  Disper. corr.   Coulomb (SR) Position Rest.      Potential
   -2.02283e+04   -6.52328e+02   -7.34292e+04    1.02668e+03   -1.03946e+05
    Kinetic En.   Total Energy  Conserved En.    Temperature Pres. DC (bar)
    4.42338e+04   -5.97117e+04   -5.10474e+04    3.07227e+02   -9.70306e+00
 Pressure (bar)   Constr. rmsd
    3.63343e+01    8.87045e-06

           Step           Time
          28000       56.00000

   Energies (kJ/mol)
          Angle Ryckaert-Bell.  Improper Dih.          LJ-14     Coulomb-14
    3.85836e+04    9.46853e+03    6.13887e+02    1.01081e+04   -6.96472e+04
        LJ (SR)  Disper. corr.   Coulomb (SR) Position Rest.      Potential
   -2.08700e+04   -6.60357e+02   -7.37136e+04    9.84338e+02   -1.05133e+05
    Kinetic En.   Total Energy  Conserved En.    Temperature Pres. DC (bar)
    4.47820e+04   -6.03508e+04   -5.09945e+04    3.11035e+02   -9.94150e+00
 Pressure (bar)   Constr. rmsd
    3.62358e+01    9.10852e-06

           Step           Time
          29000       58.00000

   Energies (kJ/mol)
          Angle Ryckaert-Bell.  Improper Dih.          LJ-14     Coulomb-14
    3.85464e+04    9.41242e+03    5.61241e+02    1.00766e+04   -6.97629e+04
        LJ (SR)  Disper. corr.   Coulomb (SR) Position Rest.      Potential
   -2.04144e+04   -6.68512e+02   -7.37357e+04    9.27023e+02   -1.05058e+05
    Kinetic En.   Total Energy  Conserved En.    Temperature Pres. DC (bar)
    4.41720e+04   -6.08859e+04   -5.09379e+04    3.06798e+02   -1.01866e+01
 Pressure (bar)   Constr. rmsd
    1.08533e+00    9.06287e-06

           Step           Time
          30000       60.00000

   Energies (kJ/mol)
          Angle Ryckaert-Bell.  Improper Dih.          LJ-14     Coulomb-14
    3.80579e+04    9.36287e+03    5.63944e+02    1.00473e+04   -6.96698e+04
        LJ (SR)  Disper. corr.   Coulomb (SR) Position Rest.      Potential
   -2.09683e+04   -6.76955e+02   -7.34687e+04    8.54501e+02   -1.05897e+05
    Kinetic En.   Total Energy  Conserved En.    Temperature Pres. DC (bar)
    4.46780e+04   -6.12192e+04   -5.08991e+04    3.10313e+02   -1.04436e+01
 Pressure (bar)   Constr. rmsd
   -7.87888e+01    9.20199e-06

           Step           Time
          31000       62.00000

   Energies (kJ/mol)
          Angle Ryckaert-Bell.  Improper Dih.          LJ-14     Coulomb-14
    3.88147e+04    9.65332e+03    5.86054e+02    1.00581e+04   -6.96104e+04
        LJ (SR)  Disper. corr.   Coulomb (SR) Position Rest.      Potential
   -2.09266e+04   -6.85262e+02   -7.37620e+04    8.41455e+02   -1.05031e+05
    Kinetic En.   Total Energy  Conserved En.    Temperature Pres. DC (bar)
    4.41868e+04   -6.08438e+04   -5.07958e+04    3.06901e+02   -1.06995e+01
 Pressure (bar)   Constr. rmsd
   -1.02877e+02    9.21109e-06

           Step           Time
          32000       64.00000

   Energies (kJ/mol)
          Angle Ryckaert-Bell.  Improper Dih.          LJ-14     Coulomb-14
    3.81829e+04    9.51910e+03    5.87454e+02    1.00166e+04   -6.94963e+04
        LJ (SR)  Disper. corr.   Coulomb (SR) Position Rest.      Potential
   -2.07623e+04   -6.93737e+02   -7.42580e+04    9.88713e+02   -1.05916e+05
    Kinetic En.   Total Energy  Conserved En.    Temperature Pres. DC (bar)
    4.49664e+04   -6.09493e+04   -5.07087e+04    3.12316e+02   -1.09638e+01
 Pressure (bar)   Constr. rmsd
    1.33480e+01    8.97786e-06

           Step           Time
          33000       66.00000

   Energies (kJ/mol)
          Angle Ryckaert-Bell.  Improper Dih.          LJ-14     Coulomb-14
    3.87554e+04    9.45965e+03    5.46249e+02    1.01463e+04   -6.98109e+04
        LJ (SR)  Disper. corr.   Coulomb (SR) Position Rest.      Potential
   -2.09250e+04   -7.02152e+02   -7.40833e+04    1.02538e+03   -1.05588e+05
    Kinetic En.   Total Energy  Conserved En.    Temperature Pres. DC (bar)
    4.51756e+04   -6.04128e+04   -5.06208e+04    3.13768e+02   -1.12295e+01
 Pressure (bar)   Constr. rmsd
    6.57058e+01    9.01402e-06

           Step           Time
          34000       68.00000

   Energies (kJ/mol)
          Angle Ryckaert-Bell.  Improper Dih.          LJ-14     Coulomb-14
    3.89027e+04    9.25730e+03    5.77188e+02    1.00203e+04   -6.95299e+04
        LJ (SR)  Disper. corr.   Coulomb (SR) Position Rest.      Potential
   -2.10849e+04   -7.10827e+02   -7.41949e+04    9.56497e+02   -1.05807e+05
    Kinetic En.   Total Energy  Conserved En.    Temperature Pres. DC (bar)
    4.49763e+04   -6.08303e+04   -5.05946e+04    3.12384e+02   -1.15066e+01
 Pressure (bar)   Constr. rmsd
   -1.66748e+02    9.50987e-06

           Step           Time
          35000       70.00000

   Energies (kJ/mol)
          Angle Ryckaert-Bell.  Improper Dih.          LJ-14     Coulomb-14
    3.90290e+04    9.15344e+03    6.00199e+02    9.94829e+03   -6.97089e+04
        LJ (SR)  Disper. corr.   Coulomb (SR) Position Rest.      Potential
   -2.10275e+04   -7.19518e+02   -7.40241e+04    9.26679e+02   -1.05822e+05
    Kinetic En.   Total Energy  Conserved En.    Temperature Pres. DC (bar)
    4.43386e+04   -6.14838e+04   -5.05340e+04    3.07955e+02   -1.17877e+01
 Pressure (bar)   Constr. rmsd
   -4.39936e+01    9.02003e-06

           Step           Time
          36000       72.00000

   Energies (kJ/mol)
          Angle Ryckaert-Bell.  Improper Dih.          LJ-14     Coulomb-14
    3.82337e+04    9.44234e+03    5.63900e+02    1.01495e+04   -6.98782e+04
        LJ (SR)  Disper. corr.   Coulomb (SR) Position Rest.      Potential
   -2.11703e+04   -7.28465e+02   -7.38524e+04    9.74750e+02   -1.06265e+05
    Kinetic En.   Total Energy  Conserved En.    Temperature Pres. DC (bar)
    4.46224e+04   -6.16427e+04   -5.04721e+04    3.09927e+02   -1.20806e+01
 Pressure (bar)   Constr. rmsd
    3.97626e+01    9.01547e-06

           Step           Time
          37000       74.00000

   Energies (kJ/mol)
          Angle Ryckaert-Bell.  Improper Dih.          LJ-14     Coulomb-14
    3.85278e+04    9.35265e+03    5.37159e+02    1.00314e+04   -6.95706e+04
        LJ (SR)  Disper. corr.   Coulomb (SR) Position Rest.      Potential
   -2.12089e+04   -7.37545e+02   -7.41639e+04    9.46092e+02   -1.06286e+05
    Kinetic En.   Total Energy  Conserved En.    Temperature Pres. DC (bar)
    4.45111e+04   -6.17749e+04   -5.03385e+04    3.09153e+02   -1.23815e+01
 Pressure (bar)   Constr. rmsd
   -2.77089e+01    9.06796e-06

           Step           Time
          38000       76.00000

   Energies (kJ/mol)
          Angle Ryckaert-Bell.  Improper Dih.          LJ-14     Coulomb-14
    3.85579e+04    9.38445e+03    5.42029e+02    1.02575e+04   -6.96223e+04
        LJ (SR)  Disper. corr.   Coulomb (SR) Position Rest.      Potential
   -2.11068e+04   -7.46849e+02   -7.44647e+04    9.71363e+02   -1.06227e+05
    Kinetic En.   Total Energy  Conserved En.    Temperature Pres. DC (bar)
    4.45528e+04   -6.16747e+04   -5.02465e+04    3.09443e+02   -1.26936e+01
 Pressure (bar)   Constr. rmsd
    3.89830e+01    9.05559e-06

           Step           Time
          39000       78.00000

   Energies (kJ/mol)
          Angle Ryckaert-Bell.  Improper Dih.          LJ-14     Coulomb-14
    3.86285e+04    9.56182e+03    5.41900e+02    1.00059e+04   -6.96171e+04
        LJ (SR)  Disper. corr.   Coulomb (SR) Position Rest.      Potential
   -2.13910e+04   -7.56060e+02   -7.42698e+04    9.81136e+02   -1.06315e+05
    Kinetic En.   Total Energy  Conserved En.    Temperature Pres. DC (bar)
    4.45943e+04   -6.17204e+04   -5.02091e+04    3.09731e+02   -1.30065e+01
 Pressure (bar)   Constr. rmsd
   -6.71780e+01    9.10225e-06

           Step           Time
          40000       80.00000

   Energies (kJ/mol)
          Angle Ryckaert-Bell.  Improper Dih.          LJ-14     Coulomb-14
    3.85284e+04    9.65639e+03    5.92236e+02    1.03033e+04   -6.94872e+04
        LJ (SR)  Disper. corr.   Coulomb (SR) Position Rest.      Potential
   -2.13148e+04   -7.65235e+02   -7.48844e+04    1.04971e+03   -1.06322e+05
    Kinetic En.   Total Energy  Conserved En.    Temperature Pres. DC (bar)
    4.43205e+04   -6.20011e+04   -5.01480e+04    3.07830e+02   -1.33220e+01
 Pressure (bar)   Constr. rmsd
    9.62508e+01    8.72380e-06

           Step           Time
          41000       82.00000

   Energies (kJ/mol)
          Angle Ryckaert-Bell.  Improper Dih.          LJ-14     Coulomb-14
    3.88215e+04    9.85491e+03    5.70918e+02    1.02731e+04   -6.96296e+04
        LJ (SR)  Disper. corr.   Coulomb (SR) Position Rest.      Potential
   -2.14920e+04   -7.74645e+02   -7.46284e+04    1.01129e+03   -1.05993e+05
    Kinetic En.   Total Energy  Conserved En.    Temperature Pres. DC (bar)
    4.41811e+04   -6.18119e+04   -5.01281e+04    3.06861e+02   -1.36494e+01
 Pressure (bar)   Constr. rmsd
    1.16016e+02    8.71055e-06

           Step           Time
          42000       84.00000

   Energies (kJ/mol)
          Angle Ryckaert-Bell.  Improper Dih.          LJ-14     Coulomb-14
    3.88417e+04    9.29437e+03    6.13967e+02    1.00187e+04   -6.95011e+04
        LJ (SR)  Disper. corr.   Coulomb (SR) Position Rest.      Potential
   -2.16036e+04   -7.84297e+02   -7.49288e+04    1.04676e+03   -1.07002e+05
    Kinetic En.   Total Energy  Conserved En.    Temperature Pres. DC (bar)
    4.47172e+04   -6.22851e+04   -5.00815e+04    3.10585e+02   -1.39894e+01
 Pressure (bar)   Constr. rmsd
   -5.64710e+01    8.85165e-06

           Step           Time
          43000       86.00000

   Energies (kJ/mol)
          Angle Ryckaert-Bell.  Improper Dih.          LJ-14     Coulomb-14
    3.89050e+04    9.45725e+03    5.65174e+02    1.00835e+04   -6.95373e+04
        LJ (SR)  Disper. corr.   Coulomb (SR) Position Rest.      Potential
   -2.18036e+04   -7.94013e+02   -7.50332e+04    1.04165e+03   -1.07116e+05
    Kinetic En.   Total Energy  Conserved En.    Temperature Pres. DC (bar)
    4.41532e+04   -6.29624e+04   -4.99241e+04    3.06668e+02   -1.43359e+01
 Pressure (bar)   Constr. rmsd
   -9.21343e+01    8.97507e-06

           Step           Time
          44000       88.00000

   Energies (kJ/mol)
          Angle Ryckaert-Bell.  Improper Dih.          LJ-14     Coulomb-14
    3.87128e+04    9.73394e+03    6.54311e+02    1.01765e+04   -6.95793e+04
        LJ (SR)  Disper. corr.   Coulomb (SR) Position Rest.      Potential
   -2.17765e+04   -8.03536e+02   -7.51081e+04    9.64660e+02   -1.07025e+05
    Kinetic En.   Total Energy  Conserved En.    Temperature Pres. DC (bar)
    4.42754e+04   -6.27499e+04   -4.98922e+04    3.07516e+02   -1.46796e+01
 Pressure (bar)   Constr. rmsd
    4.67939e+01    8.88343e-06

           Step           Time
          45000       90.00000

   Energies (kJ/mol)
          Angle Ryckaert-Bell.  Improper Dih.          LJ-14     Coulomb-14
    3.88015e+04    9.71036e+03    5.52596e+02    1.01531e+04   -6.96916e+04
        LJ (SR)  Disper. corr.   Coulomb (SR) Position Rest.      Potential
   -2.22496e+04   -8.13133e+02   -7.51312e+04    9.83675e+02   -1.07684e+05
    Kinetic En.   Total Energy  Conserved En.    Temperature Pres. DC (bar)
    4.42239e+04   -6.34605e+04   -4.97851e+04    3.07158e+02   -1.50301e+01
 Pressure (bar)   Constr. rmsd
    2.34767e+01    9.13133e-06

           Step           Time
          46000       92.00000

   Energies (kJ/mol)
          Angle Ryckaert-Bell.  Improper Dih.          LJ-14     Coulomb-14
    3.85864e+04    9.82585e+03    6.55508e+02    1.01946e+04   -6.96259e+04
        LJ (SR)  Disper. corr.   Coulomb (SR) Position Rest.      Potential
   -2.22448e+04   -8.22702e+02   -7.52939e+04    1.02134e+03   -1.07703e+05
    Kinetic En.   Total Energy  Conserved En.    Temperature Pres. DC (bar)
    4.52913e+04   -6.24122e+04   -4.97887e+04    3.14572e+02   -1.53837e+01
 Pressure (bar)   Constr. rmsd
    7.29169e+01    9.00740e-06

           Step           Time
          47000       94.00000

   Energies (kJ/mol)
          Angle Ryckaert-Bell.  Improper Dih.          LJ-14     Coulomb-14
    3.86984e+04    9.74094e+03    5.67010e+02    1.02225e+04   -6.95169e+04
        LJ (SR)  Disper. corr.   Coulomb (SR) Position Rest.      Potential
   -2.22710e+04   -8.32416e+02   -7.54249e+04    1.04895e+03   -1.07767e+05
    Kinetic En.   Total Energy  Conserved En.    Temperature Pres. DC (bar)
    4.44894e+04   -6.32780e+04   -4.96827e+04    3.09003e+02   -1.57468e+01
 Pressure (bar)   Constr. rmsd
    8.27814e+01    8.97192e-06

           Step           Time
          48000       96.00000

   Energies (kJ/mol)
          Angle Ryckaert-Bell.  Improper Dih.          LJ-14     Coulomb-14
    3.92508e+04    9.64383e+03    6.13111e+02    1.00676e+04   -6.96539e+04
        LJ (SR)  Disper. corr.   Coulomb (SR) Position Rest.      Potential
   -2.23756e+04   -8.42276e+02   -7.54994e+04    1.00046e+03   -1.07795e+05
    Kinetic En.   Total Energy  Conserved En.    Temperature Pres. DC (bar)
    4.50069e+04   -6.27885e+04   -4.96110e+04    3.12597e+02   -1.61198e+01
 Pressure (bar)   Constr. rmsd
   -8.19087e+01    8.95355e-06

           Step           Time
          49000       98.00000

   Energies (kJ/mol)
          Angle Ryckaert-Bell.  Improper Dih.          LJ-14     Coulomb-14
    3.87240e+04    9.76918e+03    5.79348e+02    1.00879e+04   -6.98065e+04
        LJ (SR)  Disper. corr.   Coulomb (SR) Position Rest.      Potential
   -2.25150e+04   -8.52096e+02   -7.48748e+04    9.67424e+02   -1.07920e+05
    Kinetic En.   Total Energy  Conserved En.    Temperature Pres. DC (bar)
    4.44382e+04   -6.34823e+04   -4.94883e+04    3.08647e+02   -1.64956e+01
 Pressure (bar)   Constr. rmsd
   -9.41544e+00    8.94114e-06

           Step           Time
          50000      100.00000

   Energies (kJ/mol)
          Angle Ryckaert-Bell.  Improper Dih.          LJ-14     Coulomb-14
    3.87424e+04    9.69900e+03    6.40083e+02    1.01062e+04   -6.94251e+04
        LJ (SR)  Disper. corr.   Coulomb (SR) Position Rest.      Potential
   -2.27905e+04   -8.62014e+02   -7.54675e+04    1.06840e+03   -1.08289e+05
    Kinetic En.   Total Energy  Conserved En.    Temperature Pres. DC (bar)
    4.47252e+04   -6.35638e+04   -4.94235e+04    3.10641e+02   -1.68795e+01
 Pressure (bar)   Constr. rmsd
    6.59454e+01    8.91362e-06

           Step           Time
          51000      102.00000

   Energies (kJ/mol)
          Angle Ryckaert-Bell.  Improper Dih.          LJ-14     Coulomb-14
    3.94611e+04    9.78074e+03    6.09015e+02    1.00820e+04   -6.97603e+04
        LJ (SR)  Disper. corr.   Coulomb (SR) Position Rest.      Potential
   -2.28372e+04   -8.72118e+02   -7.53802e+04    1.04115e+03   -1.07876e+05
    Kinetic En.   Total Energy  Conserved En.    Temperature Pres. DC (bar)
    4.50398e+04   -6.28360e+04   -4.93186e+04    3.12825e+02   -1.72752e+01
 Pressure (bar)   Constr. rmsd
   -9.58171e+00    9.08737e-06

           Step           Time
          52000      104.00000

   Energies (kJ/mol)
          Angle Ryckaert-Bell.  Improper Dih.          LJ-14     Coulomb-14
    3.87525e+04    9.66869e+03    6.33445e+02    1.01341e+04   -6.95195e+04
        LJ (SR)  Disper. corr.   Coulomb (SR) Position Rest.      Potential
   -2.25485e+04   -8.82131e+02   -7.57605e+04    1.09801e+03   -1.08424e+05
    Kinetic En.   Total Energy  Conserved En.    Temperature Pres. DC (bar)
    4.43227e+04   -6.41012e+04   -4.92754e+04    3.07845e+02   -1.76718e+01
 Pressure (bar)   Constr. rmsd
    2.07532e+01    8.79317e-06

           Step           Time
          53000      106.00000

   Energies (kJ/mol)
          Angle Ryckaert-Bell.  Improper Dih.          LJ-14     Coulomb-14
    3.84437e+04    9.72864e+03    5.91418e+02    1.01609e+04   -6.95735e+04
        LJ (SR)  Disper. corr.   Coulomb (SR) Position Rest.      Potential
   -2.26153e+04   -8.92318e+02   -7.58855e+04    1.14989e+03   -1.08892e+05
    Kinetic En.   Total Energy  Conserved En.    Temperature Pres. DC (bar)
    4.46842e+04   -6.42078e+04   -4.92111e+04    3.10356e+02   -1.80799e+01
 Pressure (bar)   Constr. rmsd
    5.00829e+01    8.98338e-06

           Step           Time
          54000      108.00000

   Energies (kJ/mol)
          Angle Ryckaert-Bell.  Improper Dih.          LJ-14     Coulomb-14
    3.92420e+04    9.62688e+03    5.69714e+02    1.00351e+04   -6.95214e+04
        LJ (SR)  Disper. corr.   Coulomb (SR) Position Rest.      Potential
   -2.28882e+04   -9.02239e+02   -7.57386e+04    1.08519e+03   -1.08492e+05
    Kinetic En.   Total Energy  Conserved En.    Temperature Pres. DC (bar)
    4.47163e+04   -6.37752e+04   -4.91147e+04    3.10579e+02   -1.84819e+01
 Pressure (bar)   Constr. rmsd
    1.42376e-01    9.14312e-06

           Step           Time
          55000      110.00000

   Energies (kJ/mol)
          Angle Ryckaert-Bell.  Improper Dih.          LJ-14     Coulomb-14
    3.83537e+04    9.46372e+03    5.82242e+02    1.00616e+04   -6.95388e+04
        LJ (SR)  Disper. corr.   Coulomb (SR) Position Rest.      Potential
   -2.25783e+04   -9.12315e+02   -7.61029e+04    1.08000e+03   -1.09591e+05
    Kinetic En.   Total Energy  Conserved En.    Temperature Pres. DC (bar)
    4.45075e+04   -6.50836e+04   -4.90663e+04    3.09128e+02   -1.88946e+01
 Pressure (bar)   Constr. rmsd
    6.51238e+01    8.95961e-06

           Step           Time
          56000      112.00000

   Energies (kJ/mol)
          Angle Ryckaert-Bell.  Improper Dih.          LJ-14     Coulomb-14
    3.84861e+04    9.54200e+03    5.80303e+02    1.01608e+04   -6.96516e+04
        LJ (SR)  Disper. corr.   Coulomb (SR) Position Rest.      Potential
   -2.32414e+04   -9.23104e+02   -7.55442e+04    1.09750e+03   -1.09494e+05
    Kinetic En.   Total Energy  Conserved En.    Temperature Pres. DC (bar)
    4.45751e+04   -6.49186e+04   -4.89983e+04    3.09598e+02   -1.93416e+01
 Pressure (bar)   Constr. rmsd
    5.88996e+01    8.76281e-06

           Step           Time
          57000      114.00000

   Energies (kJ/mol)
          Angle Ryckaert-Bell.  Improper Dih.          LJ-14     Coulomb-14
    3.89306e+04    9.66856e+03    6.49050e+02    1.00036e+04   -6.95468e+04
        LJ (SR)  Disper. corr.   Coulomb (SR) Position Rest.      Potential
   -2.27658e+04   -9.33633e+02   -7.60284e+04    1.03760e+03   -1.08985e+05
    Kinetic En.   Total Energy  Conserved En.    Temperature Pres. DC (bar)
    4.42464e+04   -6.47389e+04   -4.88810e+04    3.07315e+02   -1.97829e+01
 Pressure (bar)   Constr. rmsd
    3.21811e+01    8.78662e-06

           Step           Time
          58000      116.00000

   Energies (kJ/mol)
          Angle Ryckaert-Bell.  Improper Dih.          LJ-14     Coulomb-14
    3.89555e+04    9.44818e+03    5.80614e+02    1.00476e+04   -6.95859e+04
        LJ (SR)  Disper. corr.   Coulomb (SR) Position Rest.      Potential
   -2.33780e+04   -9.44548e+02   -7.59788e+04    1.03186e+03   -1.09824e+05
    Kinetic En.   Total Energy  Conserved En.    Temperature Pres. DC (bar)
    4.47349e+04   -6.50886e+04   -4.88692e+04    3.10708e+02   -2.02456e+01
 Pressure (bar)   Constr. rmsd
   -3.86923e+01    9.02711e-06

           Step           Time
          59000      118.00000

   Energies (kJ/mol)
          Angle Ryckaert-Bell.  Improper Dih.          LJ-14     Coulomb-14
    3.90188e+04    9.54065e+03    6.06117e+02    1.01435e+04   -6.95633e+04
        LJ (SR)  Disper. corr.   Coulomb (SR) Position Rest.      Potential
   -2.30154e+04   -9.55458e+02   -7.63827e+04    1.10955e+03   -1.09498e+05
    Kinetic En.   Total Energy  Conserved En.    Temperature Pres. DC (bar)
    4.43115e+04   -6.51868e+04   -4.87902e+04    3.07767e+02   -2.07135e+01
 Pressure (bar)   Constr. rmsd
    1.89890e+01    9.03802e-06

           Step           Time
          60000      120.00000

   Energies (kJ/mol)
          Angle Ryckaert-Bell.  Improper Dih.          LJ-14     Coulomb-14
    3.85408e+04    9.30644e+03    5.71353e+02    1.01389e+04   -6.98255e+04
        LJ (SR)  Disper. corr.   Coulomb (SR) Position Rest.      Potential
   -2.30797e+04   -9.65909e+02   -7.58419e+04    1.09609e+03   -1.10059e+05
    Kinetic En.   Total Energy  Conserved En.    Temperature Pres. DC (bar)
    4.54134e+04   -6.46460e+04   -4.87767e+04    3.15420e+02   -2.11666e+01
 Pressure (bar)   Constr. rmsd
    1.56010e+02    8.85395e-06

           Step           Time
          61000      122.00000

   Energies (kJ/mol)
          Angle Ryckaert-Bell.  Improper Dih.          LJ-14     Coulomb-14
    3.91074e+04    9.29295e+03    6.10154e+02    1.00556e+04   -6.96407e+04
        LJ (SR)  Disper. corr.   Coulomb (SR) Position Rest.      Potential
   -2.33060e+04   -9.76666e+02   -7.57086e+04    1.08867e+03   -1.09477e+05
    Kinetic En.   Total Energy  Conserved En.    Temperature Pres. DC (bar)
    4.46786e+04   -6.47987e+04   -4.86682e+04    3.10317e+02   -2.16382e+01
 Pressure (bar)   Constr. rmsd
   -8.24583e+01    9.06746e-06

           Step           Time
          62000      124.00000

   Energies (kJ/mol)
          Angle Ryckaert-Bell.  Improper Dih.          LJ-14     Coulomb-14
    3.85212e+04    9.41691e+03    5.60280e+02    1.00928e+04   -6.96462e+04
        LJ (SR)  Disper. corr.   Coulomb (SR) Position Rest.      Potential
   -2.35698e+04   -9.87588e+02   -7.59492e+04    1.13817e+03   -1.10423e+05
    Kinetic En.   Total Energy  Conserved En.    Temperature Pres. DC (bar)
    4.44594e+04   -6.59641e+04   -4.86008e+04    3.08794e+02   -2.21223e+01
 Pressure (bar)   Constr. rmsd
    1.25300e+01    8.84740e-06

           Step           Time
          63000      126.00000

   Energies (kJ/mol)
          Angle Ryckaert-Bell.  Improper Dih.          LJ-14     Coulomb-14
    3.90337e+04    9.31198e+03    5.68127e+02    1.01525e+04   -6.96914e+04
        LJ (SR)  Disper. corr.   Coulomb (SR) Position Rest.      Potential
   -2.32546e+04   -9.98636e+02   -7.61861e+04    1.04156e+03   -1.10023e+05
    Kinetic En.   Total Energy  Conserved En.    Temperature Pres. DC (bar)
    4.44296e+04   -6.55933e+04   -4.84506e+04    3.08587e+02   -2.26175e+01
 Pressure (bar)   Constr. rmsd
    1.05245e+02    8.97805e-06

           Step           Time
          64000      128.00000

   Energies (kJ/mol)
          Angle Ryckaert-Bell.  Improper Dih.          LJ-14     Coulomb-14
    3.87169e+04    9.53432e+03    5.93312e+02    1.01268e+04   -6.94956e+04
        LJ (SR)  Disper. corr.   Coulomb (SR) Position Rest.      Potential
   -2.35314e+04   -1.00952e+03   -7.64522e+04    1.04970e+03   -1.10468e+05
    Kinetic En.   Total Energy  Conserved En.    Temperature Pres. DC (bar)
    4.46499e+04   -6.58177e+04   -4.83863e+04    3.10118e+02   -2.31106e+01
 Pressure (bar)   Constr. rmsd
   -2.12233e+01    8.87543e-06

           Step           Time
          65000      130.00000

   Energies (kJ/mol)
          Angle Ryckaert-Bell.  Improper Dih.          LJ-14     Coulomb-14
    3.90258e+04    9.45449e+03    6.06891e+02    1.01298e+04   -6.96760e+04
        LJ (SR)  Disper. corr.   Coulomb (SR) Position Rest.      Potential
   -2.34439e+04   -1.02036e+03   -7.60805e+04    1.06858e+03   -1.09935e+05
    Kinetic En.   Total Energy  Conserved En.    Temperature Pres. DC (bar)
    4.44196e+04   -6.55156e+04   -4.82752e+04    3.08518e+02   -2.36072e+01
 Pressure (bar)   Constr. rmsd
    1.08604e+02    9.01453e-06

           Step           Time
          66000      132.00000

   Energies (kJ/mol)
          Angle Ryckaert-Bell.  Improper Dih.          LJ-14     Coulomb-14
    3.86710e+04    9.48376e+03    5.84735e+02    1.00758e+04   -6.96263e+04
        LJ (SR)  Disper. corr.   Coulomb (SR) Position Rest.      Potential
   -2.34607e+04   -1.03124e+03   -7.63799e+04    1.14426e+03   -1.10539e+05
    Kinetic En.   Total Energy  Conserved En.    Temperature Pres. DC (bar)
    4.47890e+04   -6.57497e+04   -4.82733e+04    3.11083e+02   -2.41107e+01
 Pressure (bar)   Constr. rmsd
    6.50275e+01    8.82179e-06

           Step           Time
          67000      134.00000

   Energies (kJ/mol)
          Angle Ryckaert-Bell.  Improper Dih.          LJ-14     Coulomb-14
    3.90575e+04    9.36476e+03    5.04777e+02    1.01202e+04   -6.95736e+04
        LJ (SR)  Disper. corr.   Coulomb (SR) Position Rest.      Potential
   -2.38605e+04   -1.04188e+03   -7.62362e+04    1.09231e+03   -1.10573e+05
    Kinetic En.   Total Energy  Conserved En.    Temperature Pres. DC (bar)
    4.46257e+04   -6.59470e+04   -4.81367e+04    3.09949e+02   -2.46084e+01
 Pressure (bar)   Constr. rmsd
    9.00088e+01    8.94895e-06

           Step           Time
          68000      136.00000

   Energies (kJ/mol)
          Angle Ryckaert-Bell.  Improper Dih.          LJ-14     Coulomb-14
    3.89420e+04    9.35427e+03    5.65266e+02    1.00932e+04   -6.97021e+04
        LJ (SR)  Disper. corr.   Coulomb (SR) Position Rest.      Potential
   -2.35382e+04   -1.05273e+03   -7.66526e+04    1.12748e+03   -1.10863e+05
    Kinetic En.   Total Energy  Conserved En.    Temperature Pres. DC (bar)
    4.46084e+04   -6.62550e+04   -4.80871e+04    3.09829e+02   -2.51211e+01
 Pressure (bar)   Constr. rmsd
    2.23546e+01    8.87754e-06

           Step           Time
          69000      138.00000

   Energies (kJ/mol)
          Angle Ryckaert-Bell.  Improper Dih.          LJ-14     Coulomb-14
    3.92342e+04    9.60087e+03    5.62905e+02    1.01983e+04   -6.96486e+04
        LJ (SR)  Disper. corr.   Coulomb (SR) Position Rest.      Potential
   -2.38560e+04   -1.06389e+03   -7.65500e+04    1.11397e+03   -1.10408e+05
    Kinetic En.   Total Energy  Conserved En.    Temperature Pres. DC (bar)
    4.50326e+04   -6.53756e+04   -4.79882e+04    3.12775e+02   -2.56537e+01
 Pressure (bar)   Constr. rmsd
   -5.35362e+01    8.95631e-06

           Step           Time
          70000      140.00000

   Energies (kJ/mol)
          Angle Ryckaert-Bell.  Improper Dih.          LJ-14     Coulomb-14
    3.88349e+04    9.44128e+03    5.25677e+02    1.00531e+04   -6.96805e+04
        LJ (SR)  Disper. corr.   Coulomb (SR) Position Rest.      Potential
   -2.35641e+04   -1.07578e+03   -7.62503e+04    1.08900e+03   -1.10627e+05
    Kinetic En.   Total Energy  Conserved En.    Temperature Pres. DC (bar)
    4.50392e+04   -6.55875e+04   -4.79276e+04    3.12821e+02   -2.62274e+01
 Pressure (bar)   Constr. rmsd
   -7.71143e+01    9.11668e-06

           Step           Time
          71000      142.00000

   Energies (kJ/mol)
          Angle Ryckaert-Bell.  Improper Dih.          LJ-14     Coulomb-14
    3.89790e+04    9.63440e+03    4.98989e+02    1.01776e+04   -6.95824e+04
        LJ (SR)  Disper. corr.   Coulomb (SR) Position Rest.      Potential
   -2.40198e+04   -1.08794e+03   -7.65627e+04    1.11253e+03   -1.10850e+05
    Kinetic En.   Total Energy  Conserved En.    Temperature Pres. DC (bar)
    4.49207e+04   -6.59298e+04   -4.77933e+04    3.11998e+02   -2.68212e+01
 Pressure (bar)   Constr. rmsd
    3.51202e+01    8.77259e-06

           Step           Time
          72000      144.00000

   Energies (kJ/mol)
          Angle Ryckaert-Bell.  Improper Dih.          LJ-14     Coulomb-14
    3.90825e+04    9.56088e+03    6.14786e+02    1.00561e+04   -6.95475e+04
        LJ (SR)  Disper. corr.   Coulomb (SR) Position Rest.      Potential
   -2.41206e+04   -1.09939e+03   -7.67057e+04    1.10053e+03   -1.11058e+05
    Kinetic En.   Total Energy  Conserved En.    Temperature Pres. DC (bar)
    4.44702e+04   -6.65882e+04   -4.76676e+04    3.08870e+02   -2.73859e+01
 Pressure (bar)   Constr. rmsd
    8.73776e+01    8.88770e-06

           Step           Time
          73000      146.00000

   Energies (kJ/mol)
          Angle Ryckaert-Bell.  Improper Dih.          LJ-14     Coulomb-14
    3.91128e+04    9.48460e+03    5.15583e+02    1.01791e+04   -6.95138e+04
        LJ (SR)  Disper. corr.   Coulomb (SR) Position Rest.      Potential
   -2.38618e+04   -1.11068e+03   -7.71461e+04    1.15282e+03   -1.11187e+05
    Kinetic En.   Total Energy  Conserved En.    Temperature Pres. DC (bar)
    4.49658e+04   -6.62217e+04   -4.75660e+04    3.12312e+02   -2.79488e+01
 Pressure (bar)   Constr. rmsd
    1.02925e+02    8.86815e-06

           Step           Time
          74000      148.00000

   Energies (kJ/mol)
          Angle Ryckaert-Bell.  Improper Dih.          LJ-14     Coulomb-14
    3.94687e+04    9.42548e+03    5.81572e+02    9.98960e+03   -6.96280e+04
        LJ (SR)  Disper. corr.   Coulomb (SR) Position Rest.      Potential
   -2.42644e+04   -1.12230e+03   -7.73355e+04    1.12093e+03   -1.11764e+05
    Kinetic En.   Total Energy  Conserved En.    Temperature Pres. DC (bar)
    4.47249e+04   -6.70390e+04   -4.74582e+04    3.10639e+02   -2.85336e+01
 Pressure (bar)   Constr. rmsd
    1.24972e+00    8.74261e-06

           Step           Time
          75000      150.00000

   Energies (kJ/mol)
          Angle Ryckaert-Bell.  Improper Dih.          LJ-14     Coulomb-14
    3.85591e+04    9.57287e+03    5.95798e+02    1.00602e+04   -6.96063e+04
        LJ (SR)  Disper. corr.   Coulomb (SR) Position Rest.      Potential
   -2.44089e+04   -1.13417e+03   -7.77228e+04    1.11360e+03   -1.12971e+05
    Kinetic En.   Total Energy  Conserved En.    Temperature Pres. DC (bar)
    4.43912e+04   -6.85794e+04   -4.73971e+04    3.08320e+02   -2.91379e+01
 Pressure (bar)   Constr. rmsd
    1.21002e+02    8.80450e-06

           Step           Time
          76000      152.00000

   Energies (kJ/mol)
          Angle Ryckaert-Bell.  Improper Dih.          LJ-14     Coulomb-14
    3.90809e+04    9.95889e+03    5.54418e+02    1.01365e+04   -6.96032e+04
        LJ (SR)  Disper. corr.   Coulomb (SR) Position Rest.      Potential
   -2.43608e+04   -1.14579e+03   -7.75973e+04    1.09792e+03   -1.11878e+05
    Kinetic En.   Total Energy  Conserved En.    Temperature Pres. DC (bar)
    4.41357e+04   -6.77428e+04   -4.72356e+04    3.06546e+02   -2.97353e+01
 Pressure (bar)   Constr. rmsd
    2.46742e+01    8.78646e-06

           Step           Time
          77000      154.00000

   Energies (kJ/mol)
          Angle Ryckaert-Bell.  Improper Dih.          LJ-14     Coulomb-14
    3.83624e+04    1.00676e+04    5.49809e+02    1.00498e+04   -6.93398e+04
        LJ (SR)  Disper. corr.   Coulomb (SR) Position Rest.      Potential
   -2.46286e+04   -1.15755e+03   -7.79570e+04    1.16795e+03   -1.12885e+05
    Kinetic En.   Total Energy  Conserved En.    Temperature Pres. DC (bar)
    4.48385e+04   -6.80470e+04   -4.71688e+04    3.11427e+02   -3.03461e+01
 Pressure (bar)   Constr. rmsd
   -3.79570e+01    8.73457e-06

           Step           Time
          78000      156.00000

   Energies (kJ/mol)
          Angle Ryckaert-Bell.  Improper Dih.          LJ-14     Coulomb-14
    3.94968e+04    9.68507e+03    6.79182e+02    1.01763e+04   -6.95768e+04
        LJ (SR)  Disper. corr.   Coulomb (SR) Position Rest.      Potential
   -2.47376e+04   -1.16946e+03   -7.75273e+04    1.14465e+03   -1.11829e+05
    Kinetic En.   Total Energy  Conserved En.    Temperature Pres. DC (bar)
    4.51194e+04   -6.67098e+04   -4.69800e+04    3.13378e+02   -3.09707e+01
 Pressure (bar)   Constr. rmsd
    9.79852e+01    8.76536e-06

           Step           Time
          79000      158.00000

   Energies (kJ/mol)
          Angle Ryckaert-Bell.  Improper Dih.          LJ-14     Coulomb-14
    3.90632e+04    9.61421e+03    5.75388e+02    1.01871e+04   -6.96412e+04
        LJ (SR)  Disper. corr.   Coulomb (SR) Position Rest.      Potential
   -2.43069e+04   -1.18116e+03   -7.78089e+04    1.12571e+03   -1.12373e+05
    Kinetic En.   Total Energy  Conserved En.    Temperature Pres. DC (bar)
    4.47758e+04   -6.75967e+04   -4.68629e+04    3.10992e+02   -3.15908e+01
 Pressure (bar)   Constr. rmsd
    1.54989e+02    8.91914e-06

           Step           Time
          80000      160.00000

   Energies (kJ/mol)
          Angle Ryckaert-Bell.  Improper Dih.          LJ-14     Coulomb-14
    3.86910e+04    9.71168e+03    5.83741e+02    1.01302e+04   -6.95123e+04
        LJ (SR)  Disper. corr.   Coulomb (SR) Position Rest.      Potential
   -2.45500e+04   -1.19245e+03   -7.78548e+04    1.22596e+03   -1.12767e+05
    Kinetic En.   Total Energy  Conserved En.    Temperature Pres. DC (bar)
    4.43701e+04   -6.83968e+04   -4.67910e+04    3.08174e+02   -3.21953e+01
 Pressure (bar)   Constr. rmsd
    2.36837e+02    8.53596e-06

           Step           Time
          81000      162.00000

   Energies (kJ/mol)
          Angle Ryckaert-Bell.  Improper Dih.          LJ-14     Coulomb-14
    3.86187e+04    9.79184e+03    4.87829e+02    1.01797e+04   -6.95264e+04
        LJ (SR)  Disper. corr.   Coulomb (SR) Position Rest.      Potential
   -2.46193e+04   -1.20400e+03   -7.77402e+04    1.15637e+03   -1.12855e+05
    Kinetic En.   Total Energy  Conserved En.    Temperature Pres. DC (bar)
    4.44930e+04   -6.83625e+04   -4.67078e+04    3.09028e+02   -3.28193e+01
 Pressure (bar)   Constr. rmsd
    1.80329e+02    8.55232e-06

           Step           Time
          82000      164.00000

   Energies (kJ/mol)
          Angle Ryckaert-Bell.  Improper Dih.          LJ-14     Coulomb-14
    3.87154e+04    9.69974e+03    6.25179e+02    1.01345e+04   -6.95183e+04
        LJ (SR)  Disper. corr.   Coulomb (SR) Position Rest.      Potential
   -2.46782e+04   -1.21448e+03   -7.82315e+04    1.13464e+03   -1.13333e+05
    Kinetic En.   Total Energy  Conserved En.    Temperature Pres. DC (bar)
    4.44116e+04   -6.89214e+04   -4.65964e+04    3.08463e+02   -3.33906e+01
 Pressure (bar)   Constr. rmsd
    3.40095e+02    8.60916e-06

           Step           Time
          83000      166.00000

   Energies (kJ/mol)
          Angle Ryckaert-Bell.  Improper Dih.          LJ-14     Coulomb-14
    3.91614e+04    9.87614e+03    6.05355e+02    1.01315e+04   -6.95593e+04
        LJ (SR)  Disper. corr.   Coulomb (SR) Position Rest.      Potential
   -2.50449e+04   -1.22609e+03   -7.82848e+04    1.22519e+03   -1.13115e+05
    Kinetic En.   Total Energy  Conserved En.    Temperature Pres. DC (bar)
    4.44894e+04   -6.86261e+04   -4.65036e+04    3.09003e+02   -3.40293e+01
 Pressure (bar)   Constr. rmsd
    8.88619e+01    8.74855e-06

           Step           Time
          84000      168.00000

   Energies (kJ/mol)
          Angle Ryckaert-Bell.  Improper Dih.          LJ-14     Coulomb-14
    3.88803e+04    9.77374e+03    5.93050e+02    1.00786e+04   -6.95260e+04
        LJ (SR)  Disper. corr.   Coulomb (SR) Position Rest.      Potential
   -2.48321e+04   -1.23786e+03   -7.80964e+04    1.17100e+03   -1.13196e+05
    Kinetic En.   Total Energy  Conserved En.    Temperature Pres. DC (bar)
    4.41210e+04   -6.90747e+04   -4.63804e+04    3.06444e+02   -3.46832e+01
 Pressure (bar)   Constr. rmsd
    1.27354e+02    8.68048e-06

           Step           Time
          85000      170.00000

   Energies (kJ/mol)
          Angle Ryckaert-Bell.  Improper Dih.          LJ-14     Coulomb-14
    3.88847e+04    9.72112e+03    5.81099e+02    1.01131e+04   -6.95311e+04
        LJ (SR)  Disper. corr.   Coulomb (SR) Position Rest.      Potential
   -2.51215e+04   -1.24917e+03   -7.83729e+04    1.16767e+03   -1.13807e+05
    Kinetic En.   Total Energy  Conserved En.    Temperature Pres. DC (bar)
    4.40912e+04   -6.97158e+04   -4.63190e+04    3.06237e+02   -3.53172e+01
 Pressure (bar)   Constr. rmsd
    1.07374e+02    8.67915e-06

           Step           Time
          86000      172.00000

   Energies (kJ/mol)
          Angle Ryckaert-Bell.  Improper Dih.          LJ-14     Coulomb-14
    3.88606e+04    9.74478e+03    5.68801e+02    1.02235e+04   -6.94455e+04
        LJ (SR)  Disper. corr.   Coulomb (SR) Position Rest.      Potential
   -2.54321e+04   -1.26054e+03   -7.84107e+04    1.18621e+03   -1.13965e+05
    Kinetic En.   Total Energy  Conserved En.    Temperature Pres. DC (bar)
    4.43657e+04   -6.95992e+04   -4.62617e+04    3.08144e+02   -3.59601e+01
 Pressure (bar)   Constr. rmsd
    8.49154e+00    8.94035e-06

           Step           Time
          87000      174.00000

   Energies (kJ/mol)
          Angle Ryckaert-Bell.  Improper Dih.          LJ-14     Coulomb-14
    3.92054e+04    9.66182e+03    5.20189e+02    1.00150e+04   -6.96239e+04
        LJ (SR)  Disper. corr.   Coulomb (SR) Position Rest.      Potential
   -2.54979e+04   -1.27081e+03   -7.82119e+04    1.24284e+03   -1.13959e+05
    Kinetic En.   Total Energy  Conserved En.    Temperature Pres. DC (bar)
    4.47575e+04   -6.92018e+04   -4.61740e+04    3.10865e+02   -3.65461e+01
 Pressure (bar)   Constr. rmsd
    7.19370e+01    9.02400e-06

           Step           Time
          88000      176.00000

   Energies (kJ/mol)
          Angle Ryckaert-Bell.  Improper Dih.          LJ-14     Coulomb-14
    3.94475e+04    9.53107e+03    5.97254e+02    1.01925e+04   -6.95835e+04
        LJ (SR)  Disper. corr.   Coulomb (SR) Position Rest.      Potential
   -2.58313e+04   -1.28127e+03   -7.80820e+04    1.21472e+03   -1.13795e+05
    Kinetic En.   Total Energy  Conserved En.    Temperature Pres. DC (bar)
    4.46981e+04   -6.90969e+04   -4.60185e+04    3.10452e+02   -3.71480e+01
 Pressure (bar)   Constr. rmsd
    2.45126e+02    8.84612e-06

           Step           Time
          89000      178.00000

   Energies (kJ/mol)
          Angle Ryckaert-Bell.  Improper Dih.          LJ-14     Coulomb-14
    3.93758e+04    9.64255e+03    5.96148e+02    1.01263e+04   -6.95378e+04
        LJ (SR)  Disper. corr.   Coulomb (SR) Position Rest.      Potential
   -2.54412e+04   -1.29181e+03   -7.86577e+04    1.20708e+03   -1.13981e+05
    Kinetic En.   Total Energy  Conserved En.    Temperature Pres. DC (bar)
    4.44769e+04   -6.95038e+04   -4.58602e+04    3.08916e+02   -3.77591e+01
 Pressure (bar)   Constr. rmsd
    3.06975e+02    8.65104e-06

           Step           Time
          90000      180.00000

   Energies (kJ/mol)
          Angle Ryckaert-Bell.  Improper Dih.          LJ-14     Coulomb-14
    3.96320e+04    9.77140e+03    6.11343e+02    1.02413e+04   -6.95903e+04
        LJ (SR)  Disper. corr.   Coulomb (SR) Position Rest.      Potential
   -2.57637e+04   -1.30168e+03   -7.84795e+04    1.21964e+03   -1.13660e+05
    Kinetic En.   Total Energy  Conserved En.    Temperature Pres. DC (bar)
    4.46996e+04   -6.89599e+04   -4.57638e+04    3.10463e+02   -3.83362e+01
 Pressure (bar)   Constr. rmsd
    3.80452e+02    8.70559e-06

           Step           Time
          91000      182.00000

   Energies (kJ/mol)
          Angle Ryckaert-Bell.  Improper Dih.          LJ-14     Coulomb-14
    3.96632e+04    1.00449e+04    5.88622e+02    1.02507e+04   -6.93362e+04
        LJ (SR)  Disper. corr.   Coulomb (SR) Position Rest.      Potential
   -2.60082e+04   -1.31044e+03   -7.87608e+04    1.18838e+03   -1.13680e+05
    Kinetic En.   Total Energy  Conserved En.    Temperature Pres. DC (bar)
    4.43920e+04   -6.92879e+04   -4.56504e+04    3.08326e+02   -3.88515e+01
 Pressure (bar)   Constr. rmsd
    3.82280e+02    8.51188e-06

           Step           Time
          92000      184.00000

   Energies (kJ/mol)
          Angle Ryckaert-Bell.  Improper Dih.          LJ-14     Coulomb-14
    3.93079e+04    1.00055e+04    6.33991e+02    1.02018e+04   -6.95319e+04
        LJ (SR)  Disper. corr.   Coulomb (SR) Position Rest.      Potential
   -2.58314e+04   -1.31837e+03   -7.88524e+04    1.22034e+03   -1.14165e+05
    Kinetic En.   Total Energy  Conserved En.    Temperature Pres. DC (bar)
    4.45714e+04   -6.95931e+04   -4.55143e+04    3.09572e+02   -3.93213e+01
 Pressure (bar)   Constr. rmsd
    5.00384e+02    8.49845e-06

           Step           Time
          93000      186.00000

   Energies (kJ/mol)
          Angle Ryckaert-Bell.  Improper Dih.          LJ-14     Coulomb-14
    3.89432e+04    9.73979e+03    5.90955e+02    1.01623e+04   -6.95068e+04
        LJ (SR)  Disper. corr.   Coulomb (SR) Position Rest.      Potential
   -2.61415e+04   -1.32754e+03   -7.83736e+04    1.22468e+03   -1.14689e+05
    Kinetic En.   Total Energy  Conserved En.    Temperature Pres. DC (bar)
    4.47970e+04   -6.98916e+04   -4.55118e+04    3.11139e+02   -3.98683e+01
 Pressure (bar)   Constr. rmsd
    1.95069e+02    8.61992e-06

           Step           Time
          94000      188.00000

   Energies (kJ/mol)
          Angle Ryckaert-Bell.  Improper Dih.          LJ-14     Coulomb-14
    3.94761e+04    9.83437e+03    6.19608e+02    1.01910e+04   -6.95923e+04
        LJ (SR)  Disper. corr.   Coulomb (SR) Position Rest.      Potential
   -2.60217e+04   -1.33670e+03   -7.86462e+04    1.24075e+03   -1.14235e+05
    Kinetic En.   Total Energy  Conserved En.    Temperature Pres. DC (bar)
    4.50409e+04   -6.91942e+04   -4.53769e+04    3.12833e+02   -4.04181e+01
 Pressure (bar)   Constr. rmsd
    3.34995e+02    8.56389e-06

           Step           Time
          95000      190.00000

   Energies (kJ/mol)
          Angle Ryckaert-Bell.  Improper Dih.          LJ-14     Coulomb-14
    3.87140e+04    1.00354e+04    6.20420e+02    1.03431e+04   -6.94932e+04
        LJ (SR)  Disper. corr.   Coulomb (SR) Position Rest.      Potential
   -2.63863e+04   -1.34572e+03   -7.84749e+04    1.27525e+03   -1.14712e+05
    Kinetic En.   Total Energy  Conserved En.    Temperature Pres. DC (bar)
    4.50287e+04   -6.96832e+04   -4.52923e+04    3.12749e+02   -4.09632e+01
 Pressure (bar)   Constr. rmsd
    4.92392e+02    8.50980e-06

           Step           Time
          96000      192.00000

   Energies (kJ/mol)
          Angle Ryckaert-Bell.  Improper Dih.          LJ-14     Coulomb-14
    3.92394e+04    9.93770e+03    6.22593e+02    1.02819e+04   -6.96199e+04
        LJ (SR)  Disper. corr.   Coulomb (SR) Position Rest.      Potential
   -2.62214e+04   -1.35404e+03   -7.86491e+04    1.25554e+03   -1.14507e+05
    Kinetic En.   Total Energy  Conserved En.    Temperature Pres. DC (bar)
    4.43808e+04   -7.01267e+04   -4.51293e+04    3.08248e+02   -4.14695e+01
 Pressure (bar)   Constr. rmsd
    3.40144e+02    8.70381e-06

           Step           Time
          97000      194.00000

   Energies (kJ/mol)
          Angle Ryckaert-Bell.  Improper Dih.          LJ-14     Coulomb-14
    3.98499e+04    9.82403e+03    6.28905e+02    1.01917e+04   -6.94849e+04
        LJ (SR)  Disper. corr.   Coulomb (SR) Position Rest.      Potential
   -2.61474e+04   -1.36198e+03   -7.89316e+04    1.30061e+03   -1.14131e+05
    Kinetic En.   Total Energy  Conserved En.    Temperature Pres. DC (bar)
    4.43734e+04   -6.97573e+04   -4.49873e+04    3.08197e+02   -4.19557e+01
 Pressure (bar)   Constr. rmsd
    2.99729e+02    8.58361e-06

           Step           Time
          98000      196.00000

   Energies (kJ/mol)
          Angle Ryckaert-Bell.  Improper Dih.          LJ-14     Coulomb-14
    3.91209e+04    9.66816e+03    5.97374e+02    1.00996e+04   -6.94819e+04
        LJ (SR)  Disper. corr.   Coulomb (SR) Position Rest.      Potential
   -2.62397e+04   -1.36957e+03   -7.87850e+04    1.15339e+03   -1.15237e+05
    Kinetic En.   Total Energy  Conserved En.    Temperature Pres. DC (bar)
    4.42515e+04   -7.09853e+04   -4.48973e+04    3.07350e+02   -4.24224e+01
 Pressure (bar)   Constr. rmsd
    3.62040e+02    8.57597e-06

           Step           Time
          99000      198.00000

   Energies (kJ/mol)
          Angle Ryckaert-Bell.  Improper Dih.          LJ-14     Coulomb-14
    3.90941e+04    9.98096e+03    6.53542e+02    1.01588e+04   -6.97238e+04
        LJ (SR)  Disper. corr.   Coulomb (SR) Position Rest.      Potential
   -2.64777e+04   -1.37718e+03   -7.86047e+04    1.23293e+03   -1.15063e+05
    Kinetic En.   Total Energy  Conserved En.    Temperature Pres. DC (bar)
    4.49596e+04   -7.01033e+04   -4.47294e+04    3.12269e+02   -4.28934e+01
 Pressure (bar)   Constr. rmsd
    6.29448e+02    8.47991e-06

           Step           Time
         100000      200.00000

   Energies (kJ/mol)
          Angle Ryckaert-Bell.  Improper Dih.          LJ-14     Coulomb-14
    3.96439e+04    9.68204e+03    5.77312e+02    1.02345e+04   -6.96809e+04
        LJ (SR)  Disper. corr.   Coulomb (SR) Position Rest.      Potential
   -2.65825e+04   -1.38394e+03   -7.86915e+04    1.23801e+03   -1.14963e+05
    Kinetic En.   Total Energy  Conserved En.    Temperature Pres. DC (bar)
    4.47006e+04   -7.02624e+04   -4.46016e+04    3.10470e+02   -4.33140e+01
 Pressure (bar)   Constr. rmsd
    4.47829e+02    8.70011e-06

           Step           Time
         101000      202.00000

   Energies (kJ/mol)
          Angle Ryckaert-Bell.  Improper Dih.          LJ-14     Coulomb-14
    3.93570e+04    9.96586e+03    5.66972e+02    1.02476e+04   -6.94784e+04
        LJ (SR)  Disper. corr.   Coulomb (SR) Position Rest.      Potential
   -2.67343e+04   -1.39082e+03   -7.90091e+04    1.16350e+03   -1.15312e+05
    Kinetic En.   Total Energy  Conserved En.    Temperature Pres. DC (bar)
    4.49432e+04   -7.03684e+04   -4.44847e+04    3.12155e+02   -4.37447e+01
 Pressure (bar)   Constr. rmsd
    4.60927e+02    8.28427e-06

           Step           Time
         102000      204.00000

   Energies (kJ/mol)
          Angle Ryckaert-Bell.  Improper Dih.          LJ-14     Coulomb-14
    3.97365e+04    1.00027e+04    6.86701e+02    1.00044e+04   -6.95648e+04
        LJ (SR)  Disper. corr.   Coulomb (SR) Position Rest.      Potential
   -2.66024e+04   -1.39838e+03   -7.91143e+04    1.19330e+03   -1.15056e+05
    Kinetic En.   Total Energy  Conserved En.    Temperature Pres. DC (bar)
    4.45178e+04   -7.05385e+04   -4.43586e+04    3.09200e+02   -4.42194e+01
 Pressure (bar)   Constr. rmsd
    4.10363e+02    8.62810e-06

           Step           Time
         103000      206.00000

   Energies (kJ/mol)
          Angle Ryckaert-Bell.  Improper Dih.          LJ-14     Coulomb-14
    3.93175e+04    1.01432e+04    6.37637e+02    1.02566e+04   -6.95494e+04
        LJ (SR)  Disper. corr.   Coulomb (SR) Position Rest.      Potential
   -2.64470e+04   -1.40522e+03   -7.87170e+04    1.21918e+03   -1.14544e+05
    Kinetic En.   Total Energy  Conserved En.    Temperature Pres. DC (bar)
    4.47947e+04   -6.97497e+04   -4.42507e+04    3.11123e+02   -4.46517e+01
 Pressure (bar)   Constr. rmsd
    5.79775e+02    8.63689e-06

           Step           Time
         104000      208.00000

   Energies (kJ/mol)
          Angle Ryckaert-Bell.  Improper Dih.          LJ-14     Coulomb-14
    3.96591e+04    1.00888e+04    5.52270e+02    1.00929e+04   -6.96009e+04
        LJ (SR)  Disper. corr.   Coulomb (SR) Position Rest.      Potential
   -2.69996e+04   -1.41081e+03   -7.87474e+04    1.17338e+03   -1.15192e+05
    Kinetic En.   Total Energy  Conserved En.    Temperature Pres. DC (bar)
    4.42556e+04   -7.09366e+04   -4.41505e+04    3.07379e+02   -4.50062e+01
 Pressure (bar)   Constr. rmsd
    3.22360e+02    8.58713e-06

           Step           Time
         105000      210.00000

   Energies (kJ/mol)
          Angle Ryckaert-Bell.  Improper Dih.          LJ-14     Coulomb-14
    3.89596e+04    9.96973e+03    6.18445e+02    1.03414e+04   -6.96181e+04
        LJ (SR)  Disper. corr.   Coulomb (SR) Position Rest.      Potential
   -2.66151e+04   -1.41645e+03   -7.87308e+04    1.22454e+03   -1.15267e+05
    Kinetic En.   Total Energy  Conserved En.    Temperature Pres. DC (bar)
    4.49014e+04   -7.03654e+04   -4.40433e+04    3.11864e+02   -4.53656e+01
 Pressure (bar)   Constr. rmsd
    4.87562e+02    8.74613e-06

           Step           Time
         106000      212.00000

   Energies (kJ/mol)
          Angle Ryckaert-Bell.  Improper Dih.          LJ-14     Coulomb-14
    3.91675e+04    9.94717e+03    5.77555e+02    1.01530e+04   -6.95586e+04
        LJ (SR)  Disper. corr.   Coulomb (SR) Position Rest.      Potential
   -2.64600e+04   -1.42124e+03   -7.87674e+04    1.24453e+03   -1.15117e+05
    Kinetic En.   Total Energy  Conserved En.    Temperature Pres. DC (bar)
    4.49213e+04   -7.01962e+04   -4.38983e+04    3.12003e+02   -4.56719e+01
 Pressure (bar)   Constr. rmsd
    5.85708e+02    8.50144e-06

           Step           Time
         107000      214.00000

   Energies (kJ/mol)
          Angle Ryckaert-Bell.  Improper Dih.          LJ-14     Coulomb-14
    3.94987e+04    9.91276e+03    5.88979e+02    1.02264e+04   -6.95664e+04
        LJ (SR)  Disper. corr.   Coulomb (SR) Position Rest.      Potential
   -2.68038e+04   -1.42550e+03   -7.89716e+04    1.22612e+03   -1.15314e+05
    Kinetic En.   Total Energy  Conserved En.    Temperature Pres. DC (bar)
    4.51276e+04   -7.01867e+04   -4.38029e+04    3.13436e+02   -4.59449e+01
 Pressure (bar)   Constr. rmsd
    3.52583e+02    8.59463e-06

           Step           Time
         108000      216.00000

   Energies (kJ/mol)
          Angle Ryckaert-Bell.  Improper Dih.          LJ-14     Coulomb-14
    3.97082e+04    9.93368e+03    5.30425e+02    1.03560e+04   -6.94806e+04
        LJ (SR)  Disper. corr.   Coulomb (SR) Position Rest.      Potential
   -2.67858e+04   -1.42963e+03   -7.91211e+04    1.16952e+03   -1.15119e+05
    Kinetic En.   Total Energy  Conserved En.    Temperature Pres. DC (bar)
    4.50218e+04   -7.00974e+04   -4.36831e+04    3.12701e+02   -4.62107e+01
 Pressure (bar)   Constr. rmsd
    5.64743e+02    8.69796e-06

           Step           Time
         109000      218.00000

   Energies (kJ/mol)
          Angle Ryckaert-Bell.  Improper Dih.          LJ-14     Coulomb-14
    3.94142e+04    1.00034e+04    5.79900e+02    1.03338e+04   -6.94560e+04
        LJ (SR)  Disper. corr.   Coulomb (SR) Position Rest.      Potential
   -2.68525e+04   -1.43342e+03   -7.92003e+04    1.23310e+03   -1.15378e+05
    Kinetic En.   Total Energy  Conserved En.    Temperature Pres. DC (bar)
    4.49794e+04   -7.03985e+04   -4.35601e+04    3.12406e+02   -4.64552e+01
 Pressure (bar)   Constr. rmsd
    5.25641e+02    8.75053e-06

           Step           Time
         110000      220.00000

   Energies (kJ/mol)
          Angle Ryckaert-Bell.  Improper Dih.          LJ-14     Coulomb-14
    3.91504e+04    1.00869e+04    6.79733e+02    1.01870e+04   -6.96212e+04
        LJ (SR)  Disper. corr.   Coulomb (SR) Position Rest.      Potential
   -2.72341e+04   -1.43735e+03   -7.90840e+04    1.20474e+03   -1.16068e+05
    Kinetic En.   Total Energy  Conserved En.    Temperature Pres. DC (bar)
    4.44344e+04   -7.16335e+04   -4.34159e+04    3.08621e+02   -4.67094e+01
 Pressure (bar)   Constr. rmsd
    5.83145e+02    8.55591e-06

           Step           Time
         111000      222.00000

   Energies (kJ/mol)
          Angle Ryckaert-Bell.  Improper Dih.          LJ-14     Coulomb-14
    3.93381e+04    1.01072e+04    5.11426e+02    1.02766e+04   -6.95748e+04
        LJ (SR)  Disper. corr.   Coulomb (SR) Position Rest.      Potential
   -2.71508e+04   -1.44089e+03   -7.92004e+04    1.25927e+03   -1.15874e+05
    Kinetic En.   Total Energy  Conserved En.    Temperature Pres. DC (bar)
    4.46125e+04   -7.12618e+04   -4.33090e+04    3.09858e+02   -4.69389e+01
 Pressure (bar)   Constr. rmsd
    4.94459e+02    8.77271e-06

           Step           Time
         112000      224.00000

   Energies (kJ/mol)
          Angle Ryckaert-Bell.  Improper Dih.          LJ-14     Coulomb-14
    3.92941e+04    9.94772e+03    6.11486e+02    1.02485e+04   -6.95745e+04
        LJ (SR)  Disper. corr.   Coulomb (SR) Position Rest.      Potential
   -2.73609e+04   -1.44439e+03   -7.88753e+04    1.23780e+03   -1.15915e+05
    Kinetic En.   Total Energy  Conserved En.    Temperature Pres. DC (bar)
    4.53484e+04   -7.05671e+04   -4.32014e+04    3.14969e+02   -4.71664e+01
 Pressure (bar)   Constr. rmsd
    5.11457e+02    8.62846e-06

           Step           Time
         113000      226.00000

   Energies (kJ/mol)
          Angle Ryckaert-Bell.  Improper Dih.          LJ-14     Coulomb-14
    3.94726e+04    9.93710e+03    6.82571e+02    1.01435e+04   -6.95740e+04
        LJ (SR)  Disper. corr.   Coulomb (SR) Position Rest.      Potential
   -2.72179e+04   -1.44820e+03   -7.90754e+04    1.15903e+03   -1.15921e+05
    Kinetic En.   Total Energy  Conserved En.    Temperature Pres. DC (bar)
    4.47150e+04   -7.12057e+04   -4.30363e+04    3.10570e+02   -4.74144e+01
 Pressure (bar)   Constr. rmsd
    4.47209e+02    8.46540e-06

           Step           Time
         114000      228.00000

   Energies (kJ/mol)
          Angle Ryckaert-Bell.  Improper Dih.          LJ-14     Coulomb-14
    3.95075e+04    1.00430e+04    6.18410e+02    1.00464e+04   -6.95368e+04
        LJ (SR)  Disper. corr.   Coulomb (SR) Position Rest.      Potential
   -2.72338e+04   -1.45108e+03   -7.90476e+04    1.16136e+03   -1.15893e+05
    Kinetic En.   Total Energy  Conserved En.    Temperature Pres. DC (bar)
    4.45982e+04   -7.12944e+04   -4.28932e+04    3.09758e+02   -4.76026e+01
 Pressure (bar)   Constr. rmsd
    4.69546e+02    8.96259e-06

           Step           Time
         115000      230.00000

   Energies (kJ/mol)
          Angle Ryckaert-Bell.  Improper Dih.          LJ-14     Coulomb-14
    3.92619e+04    9.96198e+03    6.14408e+02    1.02292e+04   -6.95205e+04
        LJ (SR)  Disper. corr.   Coulomb (SR) Position Rest.      Potential
   -2.69785e+04   -1.45440e+03   -7.93711e+04    1.30914e+03   -1.15948e+05
    Kinetic En.   Total Energy  Conserved En.    Temperature Pres. DC (bar)
    4.51336e+04   -7.08143e+04   -4.28111e+04    3.13477e+02   -4.78199e+01
 Pressure (bar)   Constr. rmsd
    7.33487e+02    8.83520e-06

           Step           Time
         116000      232.00000

   Energies (kJ/mol)
          Angle Ryckaert-Bell.  Improper Dih.          LJ-14     Coulomb-14
    3.89836e+04    1.02086e+04    5.65232e+02    1.01765e+04   -6.96499e+04
        LJ (SR)  Disper. corr.   Coulomb (SR) Position Rest.      Potential
   -2.73221e+04   -1.45817e+03   -7.88684e+04    1.27429e+03   -1.16090e+05
    Kinetic En.   Total Energy  Conserved En.    Temperature Pres. DC (bar)
    4.49488e+04   -7.11415e+04   -4.27387e+04    3.12193e+02   -4.80672e+01
 Pressure (bar)   Constr. rmsd
    4.85469e+02    8.41840e-06

           Step           Time
         117000      234.00000

   Energies (kJ/mol)
          Angle Ryckaert-Bell.  Improper Dih.          LJ-14     Coulomb-14
    3.98339e+04    1.01136e+04    6.79680e+02    1.02878e+04   -6.96002e+04
        LJ (SR)  Disper. corr.   Coulomb (SR) Position Rest.      Potential
   -2.76204e+04   -1.46110e+03   -7.90520e+04    1.25025e+03   -1.15568e+05
    Kinetic En.   Total Energy  Conserved En.    Temperature Pres. DC (bar)
    4.44236e+04   -7.11448e+04   -4.25706e+04    3.08546e+02   -4.82602e+01
 Pressure (bar)   Constr. rmsd
    5.79699e+02    8.38908e-06

           Step           Time
         118000      236.00000

   Energies (kJ/mol)
          Angle Ryckaert-Bell.  Improper Dih.          LJ-14     Coulomb-14
    3.90102e+04    1.02122e+04    6.38475e+02    1.02579e+04   -6.96716e+04
        LJ (SR)  Disper. corr.   Coulomb (SR) Position Rest.      Potential
   -2.74060e+04   -1.46473e+03   -7.89283e+04    1.25184e+03   -1.16100e+05
    Kinetic En.   Total Energy  Conserved En.    Temperature Pres. DC (bar)
    4.42799e+04   -7.18201e+04   -4.24085e+04    3.07547e+02   -4.84991e+01
 Pressure (bar)   Constr. rmsd
    3.78836e+02    8.63174e-06

           Step           Time
         119000      238.00000

   Energies (kJ/mol)
          Angle Ryckaert-Bell.  Improper Dih.          LJ-14     Coulomb-14
    3.93876e+04    9.73270e+03    6.48551e+02    1.00540e+04   -6.96816e+04
        LJ (SR)  Disper. corr.   Coulomb (SR) Position Rest.      Potential
   -2.73800e+04   -1.46948e+03   -7.89125e+04    1.20249e+03   -1.16418e+05
    Kinetic En.   Total Energy  Conserved En.    Temperature Pres. DC (bar)
    4.46570e+04   -7.17613e+04   -4.23067e+04    3.10167e+02   -4.88132e+01
 Pressure (bar)   Constr. rmsd
    5.25687e+02    8.45824e-06

           Step           Time
         120000      240.00000

   Energies (kJ/mol)
          Angle Ryckaert-Bell.  Improper Dih.          LJ-14     Coulomb-14
    3.93901e+04    9.99338e+03    6.33498e+02    1.01780e+04   -6.95327e+04
        LJ (SR)  Disper. corr.   Coulomb (SR) Position Rest.      Potential
   -2.72909e+04   -1.47314e+03   -7.90655e+04    1.28327e+03   -1.15884e+05
    Kinetic En.   Total Energy  Conserved En.    Temperature Pres. DC (bar)
    4.43849e+04   -7.14991e+04   -4.22009e+04    3.08277e+02   -4.90561e+01
 Pressure (bar)   Constr. rmsd
    5.13204e+02    8.44179e-06

           Step           Time
         121000      242.00000

   Energies (kJ/mol)
          Angle Ryckaert-Bell.  Improper Dih.          LJ-14     Coulomb-14
    3.93234e+04    9.92270e+03    5.77288e+02    1.00450e+04   -6.95018e+04
        LJ (SR)  Disper. corr.   Coulomb (SR) Position Rest.      Potential
   -2.76603e+04   -1.47653e+03   -7.92862e+04    1.24433e+03   -1.16812e+05
    Kinetic En.   Total Energy  Conserved En.    Temperature Pres. DC (bar)
    4.43678e+04   -7.24443e+04   -4.20833e+04    3.08158e+02   -4.92808e+01
 Pressure (bar)   Constr. rmsd
    4.19070e+02    8.61106e-06

           Step           Time
         122000      244.00000

   Energies (kJ/mol)
          Angle Ryckaert-Bell.  Improper Dih.          LJ-14     Coulomb-14
    3.94015e+04    9.83119e+03    6.33524e+02    1.02931e+04   -6.95934e+04
        LJ (SR)  Disper. corr.   Coulomb (SR) Position Rest.      Potential
   -2.75736e+04   -1.47991e+03   -7.90901e+04    1.17765e+03   -1.16400e+05
    Kinetic En.   Total Energy  Conserved En.    Temperature Pres. DC (bar)
    4.47356e+04   -7.16644e+04   -4.19748e+04    3.10713e+02   -4.95060e+01
 Pressure (bar)   Constr. rmsd
    5.85813e+02    8.46976e-06

           Step           Time
         123000      246.00000

   Energies (kJ/mol)
          Angle Ryckaert-Bell.  Improper Dih.          LJ-14     Coulomb-14
    3.90820e+04    9.99464e+03    6.40968e+02    1.02251e+04   -6.96440e+04
        LJ (SR)  Disper. corr.   Coulomb (SR) Position Rest.      Potential
   -2.74740e+04   -1.48248e+03   -7.90353e+04    1.19327e+03   -1.16500e+05
    Kinetic En.   Total Energy  Conserved En.    Temperature Pres. DC (bar)
    4.47972e+04   -7.17026e+04   -4.18245e+04    3.11140e+02   -4.96774e+01
 Pressure (bar)   Constr. rmsd
    7.63803e+02    8.48297e-06

           Step           Time
         124000      248.00000

   Energies (kJ/mol)
          Angle Ryckaert-Bell.  Improper Dih.          LJ-14     Coulomb-14
    3.93698e+04    9.96613e+03    5.77730e+02    1.00953e+04   -6.96587e+04
        LJ (SR)  Disper. corr.   Coulomb (SR) Position Rest.      Potential
   -2.77517e+04   -1.48543e+03   -7.89058e+04    1.21917e+03   -1.16574e+05
    Kinetic En.   Total Energy  Conserved En.    Temperature Pres. DC (bar)
    4.44357e+04   -7.21378e+04   -4.16324e+04    3.08630e+02   -4.98752e+01
 Pressure (bar)   Constr. rmsd
    3.08471e+02    8.54234e-06

           Step           Time
         125000      250.00000

Writing checkpoint, step 125000 at Mon May 23 19:27:19 2022


   Energies (kJ/mol)
          Angle Ryckaert-Bell.  Improper Dih.          LJ-14     Coulomb-14
    3.93368e+04    9.71727e+03    5.84050e+02    1.01622e+04   -6.97700e+04
        LJ (SR)  Disper. corr.   Coulomb (SR) Position Rest.      Potential
   -2.74405e+04   -1.48755e+03   -7.88746e+04    1.23905e+03   -1.16533e+05
    Kinetic En.   Total Energy  Conserved En.    Temperature Pres. DC (bar)
    4.51664e+04   -7.13668e+04   -4.15065e+04    3.13705e+02   -5.00171e+01
 Pressure (bar)   Constr. rmsd
    7.13618e+02    8.53635e-06


	<======  ###############  ==>
	<====  A V E R A G E S  ====>
	<==  ###############  ======>

	Statistics over 125001 steps using 1251 frames

   Energies (kJ/mol)
          Angle Ryckaert-Bell.  Improper Dih.          LJ-14     Coulomb-14
    3.87341e+04    9.76387e+03    5.80919e+02    1.01430e+04   -6.95697e+04
        LJ (SR)  Disper. corr.   Coulomb (SR) Position Rest.      Potential
   -2.28223e+04   -1.00002e+03   -7.54798e+04    1.11345e+03   -1.08536e+05
    Kinetic En.   Total Energy  Conserved En.    Temperature Pres. DC (bar)
    4.46507e+04   -6.38857e+04   -4.79877e+04    3.10123e+02   -2.51907e+01
 Pressure (bar)   Constr. rmsd
    1.44417e+02    0.00000e+00

          Box-X          Box-Y          Box-Z
    1.00540e+01    1.00540e+01    8.00000e+00

   Total Virial (kJ/mol)
    1.08331e+04    5.60510e+02    8.37008e+01
    5.60509e+02    1.07411e+04   -1.95474e+01
    8.37008e+01   -1.95479e+01    1.64637e+04

   Pressure (bar)
    2.33322e+02   -3.10213e+01    6.16401e-01
   -3.10212e+01    2.36502e+02   -1.92091e+00
    6.16408e-01   -1.92092e+00   -3.65731e+01


	M E G A - F L O P S   A C C O U N T I N G

 NB=Group-cutoff nonbonded kernels    NxN=N-by-N cluster Verlet kernels
 RF=Reaction-Field  VdW=Van der Waals  QSTab=quadratic-spline table
 W3=SPC/TIP3p  W4=TIP4p (single or pairs)
 V&F=Potential and force  V=Potential only  F=Force only

 Computing:                               M-Number         M-Flops  % Flops
-----------------------------------------------------------------------------
 Pair Search distance check            3111.702592       28005.323     0.0
 NxN RF Elec. + LJ [F]              1725266.381696    65560122.504    94.3
 NxN RF Elec. + LJ [V&F]              17440.763392      941801.223     1.4
 1,4 nonbonded interactions            5736.545892      516289.130     0.7
 Shift-X                                 53.954760         323.729     0.0
 Angles                                4121.532972      692417.539     1.0
 Impropers                               78.500628       16328.131     0.0
 RB-Dihedrals                          5547.544380     1370243.462     2.0
 Pos. Restr.                             48.000384        2400.019     0.0
 Virial                                 216.329805        3893.936     0.0
 Stop-CM                                 21.609520         216.095     0.0
 P-Coupling                             215.767260        1294.604     0.0
 Calc-Ekin                              431.534520       11651.432     0.0
 Lincs                                 2143.051432      128583.086     0.2
 Lincs-Mat                            49459.186992      197836.748     0.3
 Constraint-V                          4286.068576       34288.549     0.0
 Constraint-Vir                         214.317144        5143.611     0.0
-----------------------------------------------------------------------------
 Total                                                69510839.122   100.0
-----------------------------------------------------------------------------


     R E A L   C Y C L E   A N D   T I M E   A C C O U N T I N G

On 1 MPI rank, each using 8 OpenMP threads

 Computing:          Num   Num      Call    Wall time         Giga-Cycles
                     Ranks Threads  Count      (s)         total sum    %
-----------------------------------------------------------------------------
 Neighbor search        1    8       3126       3.374         99.775   5.2
 Launch GPU ops.        1    8     125001       2.156         63.739   3.3
 Force                  1    8     125001      40.067       1184.721  61.6
 Wait GPU NB local      1    8     125001       0.275          8.133   0.4
 NB X/F buffer ops.     1    8     246876       2.246         66.404   3.5
 Write traj.            1    8        126       0.152          4.504   0.2
 Update                 1    8     125001       1.078         31.864   1.7
 Constraints            1    8     125003      14.610        431.991  22.5
 Rest                                           1.090         32.234   1.7
-----------------------------------------------------------------------------
 Total                                         65.048       1923.364 100.0
-----------------------------------------------------------------------------

               Core t (s)   Wall t (s)        (%)
       Time:      520.387       65.048      800.0
                 (ns/day)    (hour/ns)
Performance:      332.063        0.072
Finished mdrun on rank 0 Mon May 23 19:27:19 2022

