                      :-) GROMACS - gmx mdrun, 2020.6 (-:

                            GROMACS is written by:
     Emile Apol      Rossen Apostolov      Paul Bauer     Herman J.C. Berendsen
    Par Bjelkmar      Christian Blau   Viacheslav Bolnykh     Kevin Boyd    
 Aldert van Buuren   Rudi van Drunen     Anton Feenstra       Alan Gray     
  Gerrit Groenhof     Anca Hamuraru    Vincent Hindriksen  M. Eric Irrgang  
  Aleksei Iupinov   Christoph Junghans     Joe Jordan     Dimitrios Karkoulis
    Peter Kasson        Jiri Kraus      Carsten Kutzner      Per Larsson    
  Justin A. Lemkul    Viveca Lindahl    Magnus Lundborg     Erik Marklund   
    Pascal Merz     Pieter Meulenhoff    Teemu Murtola       Szilard Pall   
    Sander Pronk      Roland Schulz      Michael Shirts    Alexey Shvetsov  
   Alfons Sijbers     Peter Tieleman      Jon Vincent      Teemu Virolainen 
 Christian Wennberg    Maarten Wolf      Artem Zhmurov   
                           and the project leaders:
        Mark Abraham, Berk Hess, Erik Lindahl, and David van der Spoel

Copyright (c) 1991-2000, University of Groningen, The Netherlands.
Copyright (c) 2001-2019, The GROMACS development team at
Uppsala University, Stockholm University and
the Royal Institute of Technology, Sweden.
check out http://www.gromacs.org for more information.

GROMACS is free software; you can redistribute it and/or modify it
under the terms of the GNU Lesser General Public License
as published by the Free Software Foundation; either version 2.1
of the License, or (at your option) any later version.

GROMACS:      gmx mdrun, version 2020.6
Executable:   /home/group/cubbli/opt/gromacs-2020.6/bin/gmx
Data prefix:  /home/group/cubbli/opt/gromacs-2020.6
Working dir:  /home/local/ksekorsh/Documents/year01/2022SommerStudents/ProLipids2019/Lab2/bilayer
Process ID:   54636
Command line:
  gmx mdrun -v -deffnm system_em -dlb yes

GROMACS version:    2020.6
Verified release checksum is 2f568d8884e039acbc6b68722432516e0628be00c847969b7c905c8b53ef826f
Precision:          single
Memory model:       64 bit
MPI library:        thread_mpi
OpenMP support:     enabled (GMX_OPENMP_MAX_THREADS = 64)
GPU support:        CUDA
SIMD instructions:  AVX2_256
FFT library:        fftw-3.3.8-sse2-avx-avx2-avx2_128
RDTSCP usage:       enabled
TNG support:        enabled
Hwloc support:      hwloc-2.1.0
Tracing support:    disabled
C compiler:         /usr/bin/gcc-10 GNU 10.2.0
C compiler flags:   -mavx2 -mfma -fexcess-precision=fast -funroll-all-loops -O3 -DNDEBUG
C++ compiler:       /usr/bin/g++-10 GNU 10.2.0
C++ compiler flags: -mavx2 -mfma -fexcess-precision=fast -funroll-all-loops -fopenmp -O3 -DNDEBUG
CUDA compiler:      /usr/local/cuda-11.2/bin/nvcc nvcc: NVIDIA (R) Cuda compiler driver;Copyright (c) 2005-2021 NVIDIA Corporation;Built on Sun_Feb_14_21:12:58_PST_2021;Cuda compilation tools, release 11.2, V11.2.152;Build cuda_11.2.r11.2/compiler.29618528_0
CUDA compiler flags:-gencode;arch=compute_35,code=sm_35;-gencode;arch=compute_37,code=sm_37;-gencode;arch=compute_50,code=sm_50;-gencode;arch=compute_52,code=sm_52;-gencode;arch=compute_60,code=sm_60;-gencode;arch=compute_61,code=sm_61;-gencode;arch=compute_70,code=sm_70;-Wno-deprecated-gpu-targets;-gencode;arch=compute_35,code=compute_35;-gencode;arch=compute_50,code=compute_50;-gencode;arch=compute_52,code=compute_52;-gencode;arch=compute_60,code=compute_60;-gencode;arch=compute_61,code=compute_61;-gencode;arch=compute_70,code=compute_70;-gencode;arch=compute_75,code=compute_75;-gencode;arch=compute_80,code=compute_80;-use_fast_math;-D_FORCE_INLINES;-mavx2 -mfma -fexcess-precision=fast -funroll-all-loops -fopenmp -O3 -DNDEBUG
CUDA driver:        11.60
CUDA runtime:       11.20


Running on 1 node with total 8 cores, 16 logical cores, 1 compatible GPU
Hardware detected:
  CPU info:
    Vendor: Intel
    Brand:  Intel(R) Xeon(R) W-2145 CPU @ 3.70GHz
    Family: 6   Model: 85   Stepping: 4
    Features: aes apic avx avx2 avx512f avx512cd avx512bw avx512vl clfsh cmov cx8 cx16 f16c fma hle htt intel lahf mmx msr nonstop_tsc pcid pclmuldq pdcm pdpe1gb popcnt pse rdrnd rdtscp rtm sse2 sse3 sse4.1 sse4.2 ssse3 tdt x2apic
    Number of AVX-512 FMA units: 2
  Hardware topology: Full, with devices
    Sockets, cores, and logical processors:
      Socket  0: [   0   8] [   1   9] [   2  10] [   3  11] [   4  12] [   5  13] [   6  14] [   7  15]
    Numa nodes:
      Node  0 (33300992000 bytes mem):   0   8   1   9   2  10   3  11   4  12   5  13   6  14   7  15
      Latency:
               0
         0  1.00
    Caches:
      L1: 32768 bytes, linesize 64 bytes, assoc. 8, shared 2 ways
      L2: 1048576 bytes, linesize 64 bytes, assoc. 16, shared 2 ways
      L3: 11534336 bytes, linesize 64 bytes, assoc. 11, shared 16 ways
    PCI devices:
      0000:00:17.0  Id: 8086:a282  Class: 0x0106  Numa: 0
      0000:00:1f.6  Id: 8086:15b7  Class: 0x0200  Numa: 0
      0000:17:00.0  Id: 8086:24fd  Class: 0x0280  Numa: 0
      0000:18:00.0  Id: 144d:a808  Class: 0x0108  Numa: 0
      0000:65:00.0  Id: 10de:1e82  Class: 0x0300  Numa: 0
  GPU info:
    Number of GPUs detected: 1
    #0: NVIDIA NVIDIA GeForce RTX 2080, compute cap.: 7.5, ECC:  no, stat: compatible

Highest SIMD level requested by all nodes in run: AVX_512
SIMD instructions selected at compile time:       AVX2_256
This program was compiled for different hardware than you are running on,
which could influence performance. This build might have been configured on a
login node with only a single AVX-512 FMA unit (in which case AVX2 is faster),
while the node you are running on has dual AVX-512 FMA units.

++++ PLEASE READ AND CITE THE FOLLOWING REFERENCE ++++
M. J. Abraham, T. Murtola, R. Schulz, S. Páll, J. C. Smith, B. Hess, E.
Lindahl
GROMACS: High performance molecular simulations through multi-level
parallelism from laptops to supercomputers
SoftwareX 1 (2015) pp. 19-25
-------- -------- --- Thank You --- -------- --------


++++ PLEASE READ AND CITE THE FOLLOWING REFERENCE ++++
S. Páll, M. J. Abraham, C. Kutzner, B. Hess, E. Lindahl
Tackling Exascale Software Challenges in Molecular Dynamics Simulations with
GROMACS
In S. Markidis & E. Laure (Eds.), Solving Software Challenges for Exascale 8759 (2015) pp. 3-27
-------- -------- --- Thank You --- -------- --------


++++ PLEASE READ AND CITE THE FOLLOWING REFERENCE ++++
S. Pronk, S. Páll, R. Schulz, P. Larsson, P. Bjelkmar, R. Apostolov, M. R.
Shirts, J. C. Smith, P. M. Kasson, D. van der Spoel, B. Hess, and E. Lindahl
GROMACS 4.5: a high-throughput and highly parallel open source molecular
simulation toolkit
Bioinformatics 29 (2013) pp. 845-54
-------- -------- --- Thank You --- -------- --------


++++ PLEASE READ AND CITE THE FOLLOWING REFERENCE ++++
B. Hess and C. Kutzner and D. van der Spoel and E. Lindahl
GROMACS 4: Algorithms for highly efficient, load-balanced, and scalable
molecular simulation
J. Chem. Theory Comput. 4 (2008) pp. 435-447
-------- -------- --- Thank You --- -------- --------


++++ PLEASE READ AND CITE THE FOLLOWING REFERENCE ++++
D. van der Spoel, E. Lindahl, B. Hess, G. Groenhof, A. E. Mark and H. J. C.
Berendsen
GROMACS: Fast, Flexible and Free
J. Comp. Chem. 26 (2005) pp. 1701-1719
-------- -------- --- Thank You --- -------- --------


++++ PLEASE READ AND CITE THE FOLLOWING REFERENCE ++++
E. Lindahl and B. Hess and D. van der Spoel
GROMACS 3.0: A package for molecular simulation and trajectory analysis
J. Mol. Mod. 7 (2001) pp. 306-317
-------- -------- --- Thank You --- -------- --------


++++ PLEASE READ AND CITE THE FOLLOWING REFERENCE ++++
H. J. C. Berendsen, D. van der Spoel and R. van Drunen
GROMACS: A message-passing parallel molecular dynamics implementation
Comp. Phys. Comm. 91 (1995) pp. 43-56
-------- -------- --- Thank You --- -------- --------


++++ PLEASE CITE THE DOI FOR THIS VERSION OF GROMACS ++++
https://doi.org/10.5281/zenodo.4576055
-------- -------- --- Thank You --- -------- --------

Input Parameters:
   integrator                     = steep
   tinit                          = 0
   dt                             = 0.001
   nsteps                         = 50000
   init-step                      = 0
   simulation-part                = 1
   comm-mode                      = Linear
   nstcomm                        = 100
   bd-fric                        = 0
   ld-seed                        = -302033930
   emtol                          = 1000
   emstep                         = 0.01
   niter                          = 20
   fcstep                         = 0
   nstcgsteep                     = 1000
   nbfgscorr                      = 10
   rtpi                           = 0.05
   nstxout                        = 0
   nstvout                        = 0
   nstfout                        = 0
   nstlog                         = 1000
   nstcalcenergy                  = 100
   nstenergy                      = 1000
   nstxout-compressed             = 0
   compressed-x-precision         = 1000
   cutoff-scheme                  = Verlet
   nstlist                        = 10
   pbc                            = xyz
   periodic-molecules             = false
   verlet-buffer-tolerance        = 0.005
   rlist                          = 1.05
   coulombtype                    = Cut-off
   coulomb-modifier               = Potential-shift
   rcoulomb-switch                = 0
   rcoulomb                       = 1
   epsilon-r                      = 1
   epsilon-rf                     = inf
   vdw-type                       = Cut-off
   vdw-modifier                   = Potential-shift
   rvdw-switch                    = 0
   rvdw                           = 1
   DispCorr                       = No
   table-extension                = 1
   fourierspacing                 = 0.12
   fourier-nx                     = 0
   fourier-ny                     = 0
   fourier-nz                     = 0
   pme-order                      = 4
   ewald-rtol                     = 1e-05
   ewald-rtol-lj                  = 0.001
   lj-pme-comb-rule               = Geometric
   ewald-geometry                 = 0
   epsilon-surface                = 0
   tcoupl                         = No
   nsttcouple                     = -1
   nh-chain-length                = 0
   print-nose-hoover-chain-variables = false
   pcoupl                         = No
   pcoupltype                     = Isotropic
   nstpcouple                     = -1
   tau-p                          = 1
   compressibility (3x3):
      compressibility[    0]={ 0.00000e+00,  0.00000e+00,  0.00000e+00}
      compressibility[    1]={ 0.00000e+00,  0.00000e+00,  0.00000e+00}
      compressibility[    2]={ 0.00000e+00,  0.00000e+00,  0.00000e+00}
   ref-p (3x3):
      ref-p[    0]={ 0.00000e+00,  0.00000e+00,  0.00000e+00}
      ref-p[    1]={ 0.00000e+00,  0.00000e+00,  0.00000e+00}
      ref-p[    2]={ 0.00000e+00,  0.00000e+00,  0.00000e+00}
   refcoord-scaling               = No
   posres-com (3):
      posres-com[0]= 0.00000e+00
      posres-com[1]= 0.00000e+00
      posres-com[2]= 0.00000e+00
   posres-comB (3):
      posres-comB[0]= 0.00000e+00
      posres-comB[1]= 0.00000e+00
      posres-comB[2]= 0.00000e+00
   QMMM                           = false
   QMconstraints                  = 0
   QMMMscheme                     = 0
   MMChargeScaleFactor            = 1
qm-opts:
   ngQM                           = 0
   constraint-algorithm           = Lincs
   continuation                   = false
   Shake-SOR                      = false
   shake-tol                      = 0.0001
   lincs-order                    = 4
   lincs-iter                     = 1
   lincs-warnangle                = 30
   nwall                          = 0
   wall-type                      = 9-3
   wall-r-linpot                  = -1
   wall-atomtype[0]               = -1
   wall-atomtype[1]               = -1
   wall-density[0]                = 0
   wall-density[1]                = 0
   wall-ewald-zfac                = 3
   pull                           = false
   awh                            = false
   rotation                       = false
   interactiveMD                  = false
   disre                          = No
   disre-weighting                = Conservative
   disre-mixed                    = false
   dr-fc                          = 1000
   dr-tau                         = 0
   nstdisreout                    = 100
   orire-fc                       = 0
   orire-tau                      = 0
   nstorireout                    = 100
   free-energy                    = no
   cos-acceleration               = 0
   deform (3x3):
      deform[    0]={ 0.00000e+00,  0.00000e+00,  0.00000e+00}
      deform[    1]={ 0.00000e+00,  0.00000e+00,  0.00000e+00}
      deform[    2]={ 0.00000e+00,  0.00000e+00,  0.00000e+00}
   simulated-tempering            = false
   swapcoords                     = no
   userint1                       = 0
   userint2                       = 0
   userint3                       = 0
   userint4                       = 0
   userreal1                      = 0
   userreal2                      = 0
   userreal3                      = 0
   userreal4                      = 0
   applied-forces:
     electric-field:
       x:
         E0                       = 0
         omega                    = 0
         t0                       = 0
         sigma                    = 0
       y:
         E0                       = 0
         omega                    = 0
         t0                       = 0
         sigma                    = 0
       z:
         E0                       = 0
         omega                    = 0
         t0                       = 0
         sigma                    = 0
     density-guided-simulation:
       active                     = false
       group                      = protein
       similarity-measure         = inner-product
       atom-spreading-weight      = unity
       force-constant             = 1e+09
       gaussian-transform-spreading-width = 0.2
       gaussian-transform-spreading-range-in-multiples-of-width = 4
       reference-density-filename = reference.mrc
       nst                        = 1
       normalize-densities        = true
       adaptive-force-scaling     = false
       adaptive-force-scaling-time-constant = 4
grpopts:
   nrdf:      103557
   ref-t:           0
   tau-t:           0
annealing:          No
annealing-npoints:           0
   acc:	           0           0           0
   nfreeze:           N           N           N
   energygrp-flags[  0]: 0

1 GPU selected for this run.
Mapping of GPU IDs to the 1 GPU task in the 1 rank on this node:
  PP:0
PP tasks will do (non-perturbed) short-ranged interactions on the GPU
PP task will update and constrain coordinates on the CPU
Using 1 MPI thread

Non-default thread affinity set, disabling internal thread affinity

Using 16 OpenMP threads 

System total charge: -120.000
Potential shift: LJ r^-12: -1.000e+00 r^-6: -1.000e+00, Coulomb -1e+00
Generated table with 1025 data points for 1-4 COUL.
Tabscale = 500 points/nm
Generated table with 1025 data points for 1-4 LJ6.
Tabscale = 500 points/nm
Generated table with 1025 data points for 1-4 LJ12.
Tabscale = 500 points/nm

Using GPU 8x8 nonbonded short-range kernels

Using a 8x8 pair-list setup:
  updated every 10 steps, buffer 0.050 nm, rlist 1.050 nm

Using geometric Lennard-Jones combination rule

Removing pbc first time

Note that activating steepest-descent energy minimization via the integrator .mdp option and the command gmx mdrun may be available in a different form in a future version of GROMACS, e.g. gmx minimize and an .mdp option.
Initiating Steepest Descents
Started Steepest Descents on rank 0 Mon May 23 20:07:21 2022


Steepest Descents:
   Tolerance (Fmax)   =  1.00000e+03
   Number of steps    =        50000
           Step           Time
              0        0.00000

   Energies (kJ/mol)
           Bond          Angle Ryckaert-Bell.  Improper Dih.          LJ-14
    7.76962e+02    7.89562e+04    1.94512e+04    1.17103e+03    2.03350e+04
     Coulomb-14        LJ (SR)   Coulomb (SR)      Potential Pressure (bar)
   -1.39573e+05    1.15799e+07   -1.57684e+05    1.14033e+07    1.04329e+06

           Step           Time
              1        1.00000

   Energies (kJ/mol)
           Bond          Angle Ryckaert-Bell.  Improper Dih.          LJ-14
    8.02607e+02    7.89580e+04    1.94510e+04    1.17103e+03    2.03354e+04
     Coulomb-14        LJ (SR)   Coulomb (SR)      Potential Pressure (bar)
   -1.39572e+05    6.64506e+05   -1.57681e+05    4.87971e+05    6.79011e+04

           Step           Time
              2        2.00000

   Energies (kJ/mol)
           Bond          Angle Ryckaert-Bell.  Improper Dih.          LJ-14
    8.98225e+02    7.89780e+04    1.94510e+04    1.17102e+03    2.03362e+04
     Coulomb-14        LJ (SR)   Coulomb (SR)      Potential Pressure (bar)
   -1.39572e+05    5.18500e+04   -1.57679e+05   -1.24567e+05    1.31276e+04

           Step           Time
              3        3.00000

   Energies (kJ/mol)
           Bond          Angle Ryckaert-Bell.  Improper Dih.          LJ-14
    1.00441e+03    7.89616e+04    1.94497e+04    1.17052e+03    2.03364e+04
     Coulomb-14        LJ (SR)   Coulomb (SR)      Potential Pressure (bar)
   -1.39572e+05   -4.06023e+04   -1.57679e+05   -2.16931e+05    4.85127e+03

           Step           Time
              4        4.00000

   Energies (kJ/mol)
           Bond          Angle Ryckaert-Bell.  Improper Dih.          LJ-14
    1.21291e+03    7.85051e+04    1.94341e+04    1.16437e+03    2.03234e+04
     Coulomb-14        LJ (SR)   Coulomb (SR)      Potential Pressure (bar)
   -1.39571e+05   -5.25586e+04   -1.57697e+05   -2.29186e+05    3.78293e+03

           Step           Time
              5        5.00000

   Energies (kJ/mol)
           Bond          Angle Ryckaert-Bell.  Improper Dih.          LJ-14
    1.30342e+03    7.36494e+04    1.92786e+04    1.10639e+03    2.01665e+04
     Coulomb-14        LJ (SR)   Coulomb (SR)      Potential Pressure (bar)
   -1.39561e+05   -5.46352e+04   -1.57875e+05   -2.36567e+05    3.67160e+03

           Step           Time
              6        6.00000

   Energies (kJ/mol)
           Bond          Angle Ryckaert-Bell.  Improper Dih.          LJ-14
    8.26267e+03    5.12529e+04    1.85182e+04    8.40299e+02    1.92720e+04
     Coulomb-14        LJ (SR)   Coulomb (SR)      Potential Pressure (bar)
   -1.39520e+05   -5.59833e+04   -1.58782e+05   -2.56140e+05    3.65648e+03

           Step           Time
              7        7.00000

   Energies (kJ/mol)
           Bond          Angle Ryckaert-Bell.  Improper Dih.          LJ-14
    2.96382e+03    4.72502e+04    1.82670e+04    7.29796e+02    1.87611e+04
     Coulomb-14        LJ (SR)   Coulomb (SR)      Potential Pressure (bar)
   -1.39579e+05   -5.63819e+04   -1.58537e+05   -2.66526e+05    3.01785e+03

           Step           Time
              8        8.00000

   Energies (kJ/mol)
           Bond          Angle Ryckaert-Bell.  Improper Dih.          LJ-14
    1.01260e+04    3.73784e+04    1.78665e+04    6.34990e+02    1.81700e+04
     Coulomb-14        LJ (SR)   Coulomb (SR)      Potential Pressure (bar)
   -1.39488e+05   -5.70503e+04   -1.59707e+05   -2.72070e+05    2.47546e+03

           Step           Time
              9        9.00000

           Step           Time
             10       10.00000

   Energies (kJ/mol)
           Bond          Angle Ryckaert-Bell.  Improper Dih.          LJ-14
    3.57566e+03    3.64020e+04    1.77851e+04    6.14147e+02    1.79930e+04
     Coulomb-14        LJ (SR)   Coulomb (SR)      Potential Pressure (bar)
   -1.39513e+05   -5.71200e+04   -1.59207e+05   -2.79471e+05    2.45008e+03

           Step           Time
             11       11.00000

           Step           Time
             12       12.00000

   Energies (kJ/mol)
           Bond          Angle Ryckaert-Bell.  Improper Dih.          LJ-14
    7.36633e+03    3.15469e+04    1.75158e+04    5.53220e+02    1.74541e+04
     Coulomb-14        LJ (SR)   Coulomb (SR)      Potential Pressure (bar)
   -1.39435e+05   -5.75870e+04   -1.59754e+05   -2.82340e+05    1.80410e+03

           Step           Time
             13       13.00000

   Energies (kJ/mol)
           Bond          Angle Ryckaert-Bell.  Improper Dih.          LJ-14
    3.55366e+03    2.99420e+04    1.74078e+04    5.42248e+02    1.73301e+04
     Coulomb-14        LJ (SR)   Coulomb (SR)      Potential Pressure (bar)
   -1.39444e+05   -5.76702e+04   -1.59581e+05   -2.87919e+05    1.90699e+03

           Step           Time
             14       14.00000

           Step           Time
             15       15.00000

   Energies (kJ/mol)
           Bond          Angle Ryckaert-Bell.  Improper Dih.          LJ-14
    3.39216e+03    2.84686e+04    1.73514e+04    5.32466e+02    1.72109e+04
     Coulomb-14        LJ (SR)   Coulomb (SR)      Potential Pressure (bar)
   -1.39409e+05   -5.78065e+04   -1.59814e+05   -2.90074e+05    1.79421e+03

           Step           Time
             16       16.00000

   Energies (kJ/mol)
           Bond          Angle Ryckaert-Bell.  Improper Dih.          LJ-14
    3.89553e+03    2.74380e+04    1.72353e+04    5.18432e+02    1.70441e+04
     Coulomb-14        LJ (SR)   Coulomb (SR)      Potential Pressure (bar)
   -1.39405e+05   -5.79566e+04   -1.59769e+05   -2.90999e+05    1.69788e+03

           Step           Time
             17       17.00000

   Energies (kJ/mol)
           Bond          Angle Ryckaert-Bell.  Improper Dih.          LJ-14
    3.77462e+03    2.62212e+04    1.71918e+04    5.11334e+02    1.69482e+04
     Coulomb-14        LJ (SR)   Coulomb (SR)      Potential Pressure (bar)
   -1.39361e+05   -5.80741e+04   -1.60020e+05   -2.92808e+05    1.63958e+03

           Step           Time
             18       18.00000

           Step           Time
             19       19.00000

   Energies (kJ/mol)
           Bond          Angle Ryckaert-Bell.  Improper Dih.          LJ-14
    2.66492e+03    2.56518e+04    1.71407e+04    5.06807e+02    1.68811e+04
     Coulomb-14        LJ (SR)   Coulomb (SR)      Potential Pressure (bar)
   -1.39367e+05   -5.81396e+04   -1.60016e+05   -2.94677e+05    1.63501e+03

           Step           Time
             20       20.00000

   Energies (kJ/mol)
           Bond          Angle Ryckaert-Bell.  Improper Dih.          LJ-14
    3.90972e+03    2.41240e+04    1.70174e+04    4.91311e+02    1.66797e+04
     Coulomb-14        LJ (SR)   Coulomb (SR)      Potential Pressure (bar)
   -1.39317e+05   -5.83597e+04   -1.60221e+05   -2.95676e+05    1.46634e+03

           Step           Time
             21       21.00000

   Energies (kJ/mol)
           Bond          Angle Ryckaert-Bell.  Improper Dih.          LJ-14
    2.80983e+03    2.36708e+04    1.69658e+04    4.87833e+02    1.66173e+04
     Coulomb-14        LJ (SR)   Coulomb (SR)      Potential Pressure (bar)
   -1.39323e+05   -5.84262e+04   -1.60228e+05   -2.97426e+05    1.43097e+03

           Step           Time
             22       22.00000

           Step           Time
             23       23.00000

   Energies (kJ/mol)
           Bond          Angle Ryckaert-Bell.  Improper Dih.          LJ-14
    2.67839e+03    2.31313e+04    1.69335e+04    4.84666e+02    1.65670e+04
     Coulomb-14        LJ (SR)   Coulomb (SR)      Potential Pressure (bar)
   -1.39302e+05   -5.84899e+04   -1.60321e+05   -2.98318e+05    1.43386e+03

           Step           Time
             24       24.00000

   Energies (kJ/mol)
           Bond          Angle Ryckaert-Bell.  Improper Dih.          LJ-14
    3.02795e+03    2.26859e+04    1.68598e+04    4.78439e+02    1.64696e+04
     Coulomb-14        LJ (SR)   Coulomb (SR)      Potential Pressure (bar)
   -1.39300e+05   -5.86019e+04   -1.60357e+05   -2.98737e+05    1.33427e+03

           Step           Time
             25       25.00000

   Energies (kJ/mol)
           Bond          Angle Ryckaert-Bell.  Improper Dih.          LJ-14
    2.83987e+03    2.21710e+04    1.68304e+04    4.75842e+02    1.64280e+04
     Coulomb-14        LJ (SR)   Coulomb (SR)      Potential Pressure (bar)
   -1.39271e+05   -5.86593e+04   -1.60454e+05   -2.99640e+05    1.31880e+03

           Step           Time
             26       26.00000

           Step           Time
             27       27.00000

   Energies (kJ/mol)
           Bond          Angle Ryckaert-Bell.  Improper Dih.          LJ-14
    2.47859e+03    2.19265e+04    1.67985e+04    4.73910e+02    1.63867e+04
     Coulomb-14        LJ (SR)   Coulomb (SR)      Potential Pressure (bar)
   -1.39276e+05   -5.87105e+04   -1.60491e+05   -3.00413e+05    1.31045e+03

           Step           Time
             28       28.00000

   Energies (kJ/mol)
           Bond          Angle Ryckaert-Bell.  Improper Dih.          LJ-14
    2.86259e+03    2.13650e+04    1.67315e+04    4.68880e+02    1.63028e+04
     Coulomb-14        LJ (SR)   Coulomb (SR)      Potential Pressure (bar)
   -1.39246e+05   -5.88203e+04   -1.60582e+05   -3.00918e+05    1.25864e+03

           Step           Time
             29       29.00000

   Energies (kJ/mol)
           Bond          Angle Ryckaert-Bell.  Improper Dih.          LJ-14
    2.54571e+03    2.11645e+04    1.66980e+04    4.67034e+02    1.62612e+04
     Coulomb-14        LJ (SR)   Coulomb (SR)      Potential Pressure (bar)
   -1.39253e+05   -5.88754e+04   -1.60624e+05   -3.01616e+05    1.24560e+03

           Step           Time
             30       30.00000

   Energies (kJ/mol)
           Bond          Angle Ryckaert-Bell.  Improper Dih.          LJ-14
    3.00116e+03    2.08334e+04    1.66539e+04    4.63398e+02    1.62126e+04
     Coulomb-14        LJ (SR)   Coulomb (SR)      Potential Pressure (bar)
   -1.39226e+05   -5.89445e+04   -1.60665e+05   -3.01670e+05    1.19350e+03

           Step           Time
             31       31.00000

   Energies (kJ/mol)
           Bond          Angle Ryckaert-Bell.  Improper Dih.          LJ-14
    2.73278e+03    2.06876e+04    1.66194e+04    4.61767e+02    1.61686e+04
     Coulomb-14        LJ (SR)   Coulomb (SR)      Potential Pressure (bar)
   -1.39235e+05   -5.90033e+04   -1.60721e+05   -3.02289e+05    1.16863e+03

           Step           Time
             32       32.00000

           Step           Time
             33       33.00000

   Energies (kJ/mol)
           Bond          Angle Ryckaert-Bell.  Improper Dih.          LJ-14
    2.41863e+03    2.04124e+04    1.66011e+04    4.60492e+02    1.61508e+04
     Coulomb-14        LJ (SR)   Coulomb (SR)      Potential Pressure (bar)
   -1.39220e+05   -5.90345e+04   -1.60758e+05   -3.02969e+05    1.14627e+03

           Step           Time
             34       34.00000

   Energies (kJ/mol)
           Bond          Angle Ryckaert-Bell.  Improper Dih.          LJ-14
    2.97730e+03    2.01555e+04    1.65194e+04    4.55680e+02    1.60568e+04
     Coulomb-14        LJ (SR)   Coulomb (SR)      Potential Pressure (bar)
   -1.39216e+05   -5.91664e+04   -1.60837e+05   -3.03055e+05    1.09845e+03

           Step           Time
             35       35.00000

   Energies (kJ/mol)
           Bond          Angle Ryckaert-Bell.  Improper Dih.          LJ-14
    2.49076e+03    1.98262e+04    1.65011e+04    4.54500e+02    1.60442e+04
     Coulomb-14        LJ (SR)   Coulomb (SR)      Potential Pressure (bar)
   -1.39194e+05   -5.91951e+04   -1.60878e+05   -3.03950e+05    1.07881e+03

           Step           Time
             36       36.00000

           Step           Time
             37       37.00000

   Energies (kJ/mol)
           Bond          Angle Ryckaert-Bell.  Improper Dih.          LJ-14
    2.44051e+03    1.97339e+04    1.64736e+04    4.53786e+02    1.60127e+04
     Coulomb-14        LJ (SR)   Coulomb (SR)      Potential Pressure (bar)
   -1.39198e+05   -5.92417e+04   -1.60920e+05   -3.04245e+05    1.07759e+03

           Step           Time
             38       38.00000

   Energies (kJ/mol)
           Bond          Angle Ryckaert-Bell.  Improper Dih.          LJ-14
    2.56455e+03    1.95434e+04    1.64428e+04    4.51954e+02    1.59872e+04
     Coulomb-14        LJ (SR)   Coulomb (SR)      Potential Pressure (bar)
   -1.39179e+05   -5.92842e+04   -1.60942e+05   -3.04416e+05    1.05340e+03

           Step           Time
             39       39.00000

   Energies (kJ/mol)
           Bond          Angle Ryckaert-Bell.  Improper Dih.          LJ-14
    2.54206e+03    1.94823e+04    1.64150e+04    4.51065e+02    1.59546e+04
     Coulomb-14        LJ (SR)   Coulomb (SR)      Potential Pressure (bar)
   -1.39185e+05   -5.93348e+04   -1.60992e+05   -3.04667e+05    1.03932e+03

           Step           Time
             40       40.00000

   Energies (kJ/mol)
           Bond          Angle Ryckaert-Bell.  Improper Dih.          LJ-14
    2.75587e+03    1.93235e+04    1.63869e+04    4.49433e+02    1.59369e+04
     Coulomb-14        LJ (SR)   Coulomb (SR)      Potential Pressure (bar)
   -1.39163e+05   -5.93685e+04   -1.61000e+05   -3.04679e+05    9.84669e+02

           Step           Time
             41       41.00000

   Energies (kJ/mol)
           Bond          Angle Ryckaert-Bell.  Improper Dih.          LJ-14
    2.73544e+03    1.92956e+04    1.63596e+04    4.48678e+02    1.59017e+04
     Coulomb-14        LJ (SR)   Coulomb (SR)      Potential Pressure (bar)
   -1.39174e+05   -5.94215e+04   -1.61052e+05   -3.04906e+05    1.01217e+03

           Step           Time
             42       42.00000

           Step           Time
             43       43.00000

   Energies (kJ/mol)
           Bond          Angle Ryckaert-Bell.  Improper Dih.          LJ-14
    2.34837e+03    1.90846e+04    1.63463e+04    4.48035e+02    1.58953e+04
     Coulomb-14        LJ (SR)   Coulomb (SR)      Potential Pressure (bar)
   -1.39161e+05   -5.94386e+04   -1.61079e+05   -3.05556e+05    9.72765e+02

           Step           Time
             44       44.00000

   Energies (kJ/mol)
           Bond          Angle Ryckaert-Bell.  Improper Dih.          LJ-14
    2.80413e+03    1.89429e+04    1.62665e+04    4.45803e+02    1.58184e+04
     Coulomb-14        LJ (SR)   Coulomb (SR)      Potential Pressure (bar)
   -1.39156e+05   -5.95659e+04   -1.61160e+05   -3.05605e+05    9.32326e+02

           Step           Time
             45       45.00000

   Energies (kJ/mol)
           Bond          Angle Ryckaert-Bell.  Improper Dih.          LJ-14
    2.40819e+03    1.87116e+04    1.62518e+04    4.44810e+02    1.58144e+04
     Coulomb-14        LJ (SR)   Coulomb (SR)      Potential Pressure (bar)
   -1.39140e+05   -5.95820e+04   -1.61190e+05   -3.06280e+05    9.09787e+02

           Step           Time
             46       46.00000

           Step           Time
             47       47.00000

   Energies (kJ/mol)
           Bond          Angle Ryckaert-Bell.  Improper Dih.          LJ-14
    2.39467e+03    1.86763e+04    1.62293e+04    4.44458e+02    1.57921e+04
     Coulomb-14        LJ (SR)   Coulomb (SR)      Potential Pressure (bar)
   -1.39142e+05   -5.96208e+04   -1.61229e+05   -3.06455e+05    9.05707e+02

           Step           Time
             48       48.00000

   Energies (kJ/mol)
           Bond          Angle Ryckaert-Bell.  Improper Dih.          LJ-14
    2.46254e+03    1.85657e+04    1.62055e+04    4.42964e+02    1.57792e+04
     Coulomb-14        LJ (SR)   Coulomb (SR)      Potential Pressure (bar)
   -1.39129e+05   -5.96480e+04   -1.61238e+05   -3.06560e+05    8.92454e+02

           Step           Time
             49       49.00000

   Energies (kJ/mol)
           Bond          Angle Ryckaert-Bell.  Improper Dih.          LJ-14
    2.47177e+03    1.85473e+04    1.61825e+04    4.42480e+02    1.57547e+04
     Coulomb-14        LJ (SR)   Coulomb (SR)      Potential Pressure (bar)
   -1.39134e+05   -5.96881e+04   -1.61279e+05   -3.06702e+05    8.79299e+02

           Step           Time
             50       50.00000

   Energies (kJ/mol)
           Bond          Angle Ryckaert-Bell.  Improper Dih.          LJ-14
    2.59339e+03    1.84446e+04    1.61610e+04    4.41657e+02    1.57474e+04
     Coulomb-14        LJ (SR)   Coulomb (SR)      Potential Pressure (bar)
   -1.39119e+05   -5.97108e+04   -1.61277e+05   -3.06719e+05    8.90594e+02

           Step           Time
             51       51.00000

   Energies (kJ/mol)
           Bond          Angle Ryckaert-Bell.  Improper Dih.          LJ-14
    2.63840e+03    1.84602e+04    1.61375e+04    4.41160e+02    1.57199e+04
     Coulomb-14        LJ (SR)   Coulomb (SR)      Potential Pressure (bar)
   -1.39126e+05   -5.97544e+04   -1.61325e+05   -3.06808e+05    8.70743e+02

           Step           Time
             52       52.00000

           Step           Time
             53       53.00000

   Energies (kJ/mol)
           Bond          Angle Ryckaert-Bell.  Improper Dih.          LJ-14
    2.32232e+03    1.83014e+04    1.61264e+04    4.40866e+02    1.57177e+04
     Coulomb-14        LJ (SR)   Coulomb (SR)      Potential Pressure (bar)
   -1.39118e+05   -5.97670e+04   -1.61346e+05   -3.07322e+05    8.34355e+02

           Step           Time
             54       54.00000

           Step           Time
             55       55.00000

   Energies (kJ/mol)
           Bond          Angle Ryckaert-Bell.  Improper Dih.          LJ-14
    2.39253e+03    1.82263e+04    1.60841e+04    4.40021e+02    1.56842e+04
     Coulomb-14        LJ (SR)   Coulomb (SR)      Potential Pressure (bar)
   -1.39114e+05   -5.98299e+04   -1.61395e+05   -3.07511e+05    8.45806e+02

           Step           Time
             56       56.00000

   Energies (kJ/mol)
           Bond          Angle Ryckaert-Bell.  Improper Dih.          LJ-14
    2.33788e+03    1.81435e+04    1.60697e+04    4.39355e+02    1.56783e+04
     Coulomb-14        LJ (SR)   Coulomb (SR)      Potential Pressure (bar)
   -1.39107e+05   -5.98463e+04   -1.61412e+05   -3.07696e+05    8.35393e+02

           Step           Time
             57       57.00000

   Energies (kJ/mol)
           Bond          Angle Ryckaert-Bell.  Improper Dih.          LJ-14
    2.43162e+03    1.81193e+04    1.60401e+04    4.39313e+02    1.56546e+04
     Coulomb-14        LJ (SR)   Coulomb (SR)      Potential Pressure (bar)
   -1.39107e+05   -5.98912e+04   -1.61439e+05   -3.07751e+05    8.20285e+02

           Step           Time
             58       58.00000

   Energies (kJ/mol)
           Bond          Angle Ryckaert-Bell.  Improper Dih.          LJ-14
    2.38284e+03    1.80312e+04    1.60252e+04    4.38767e+02    1.56487e+04
     Coulomb-14        LJ (SR)   Coulomb (SR)      Potential Pressure (bar)
   -1.39098e+05   -5.99086e+04   -1.61454e+05   -3.07934e+05    7.97349e+02

           Step           Time
             59       59.00000

           Step           Time
             60       60.00000

   Energies (kJ/mol)
           Bond          Angle Ryckaert-Bell.  Improper Dih.          LJ-14
    2.31625e+03    1.79990e+04    1.60120e+04    4.38487e+02    1.56377e+04
     Coulomb-14        LJ (SR)   Coulomb (SR)      Potential Pressure (bar)
   -1.39099e+05   -5.99293e+04   -1.61479e+05   -3.08104e+05    8.00801e+02

           Step           Time
             61       61.00000

   Energies (kJ/mol)
           Bond          Angle Ryckaert-Bell.  Improper Dih.          LJ-14
    2.41372e+03    1.79218e+04    1.59776e+04    4.37911e+02    1.56187e+04
     Coulomb-14        LJ (SR)   Coulomb (SR)      Potential Pressure (bar)
   -1.39091e+05   -5.99727e+04   -1.61499e+05   -3.08194e+05    7.84175e+02

           Step           Time
             62       62.00000

   Energies (kJ/mol)
           Bond          Angle Ryckaert-Bell.  Improper Dih.          LJ-14
    2.34167e+03    1.78864e+04    1.59631e+04    4.37538e+02    1.56051e+04
     Coulomb-14        LJ (SR)   Coulomb (SR)      Potential Pressure (bar)
   -1.39093e+05   -5.99984e+04   -1.61527e+05   -3.08385e+05    7.90154e+02

           Step           Time
             63       63.00000

           Step           Time
             64       64.00000

   Energies (kJ/mol)
           Bond          Angle Ryckaert-Bell.  Improper Dih.          LJ-14
    2.31786e+03    1.78382e+04    1.59497e+04    4.37005e+02    1.55995e+04
     Coulomb-14        LJ (SR)   Coulomb (SR)      Potential Pressure (bar)
   -1.39088e+05   -6.00136e+04   -1.61544e+05   -3.08503e+05    7.70054e+02

           Step           Time
             65       65.00000

   Energies (kJ/mol)
           Bond          Angle Ryckaert-Bell.  Improper Dih.          LJ-14
    2.36749e+03    1.78061e+04    1.59235e+04    4.36682e+02    1.55812e+04
     Coulomb-14        LJ (SR)   Coulomb (SR)      Potential Pressure (bar)
   -1.39088e+05   -6.00516e+04   -1.61558e+05   -3.08582e+05    7.68834e+02

           Step           Time
             66       66.00000

   Energies (kJ/mol)
           Bond          Angle Ryckaert-Bell.  Improper Dih.          LJ-14
    2.34838e+03    1.77543e+04    1.59093e+04    4.36016e+02    1.55755e+04
     Coulomb-14        LJ (SR)   Coulomb (SR)      Potential Pressure (bar)
   -1.39081e+05   -6.00673e+04   -1.61582e+05   -3.08707e+05    7.44597e+02

           Step           Time
             67       67.00000

   Energies (kJ/mol)
           Bond          Angle Ryckaert-Bell.  Improper Dih.          LJ-14
    2.42141e+03    1.77405e+04    1.58863e+04    4.35724e+02    1.55588e+04
     Coulomb-14        LJ (SR)   Coulomb (SR)      Potential Pressure (bar)
   -1.39083e+05   -6.01013e+04   -1.61588e+05   -3.08729e+05    7.20028e+02

           Step           Time
             68       68.00000

   Energies (kJ/mol)
           Bond          Angle Ryckaert-Bell.  Improper Dih.          LJ-14
    2.40919e+03    1.76860e+04    1.58716e+04    4.35242e+02    1.55551e+04
     Coulomb-14        LJ (SR)   Coulomb (SR)      Potential Pressure (bar)
   -1.39074e+05   -6.01157e+04   -1.61611e+05   -3.08844e+05    7.16351e+02

           Step           Time
             69       69.00000

           Step           Time
             70       70.00000

   Energies (kJ/mol)
           Bond          Angle Ryckaert-Bell.  Improper Dih.          LJ-14
    2.30203e+03    1.76471e+04    1.58601e+04    4.35075e+02    1.55460e+04
     Coulomb-14        LJ (SR)   Coulomb (SR)      Potential Pressure (bar)
   -1.39077e+05   -6.01350e+04   -1.61629e+05   -3.09051e+05    7.19063e+02

           Step           Time
             71       71.00000

   Energies (kJ/mol)
           Bond          Angle Ryckaert-Bell.  Improper Dih.          LJ-14
    2.43931e+03    1.75879e+04    1.58153e+04    4.33974e+02    1.55235e+04
     Coulomb-14        LJ (SR)   Coulomb (SR)      Potential Pressure (bar)
   -1.39068e+05   -6.01867e+04   -1.61657e+05   -3.09112e+05    6.88701e+02

           Step           Time
             72       72.00000

   Energies (kJ/mol)
           Bond          Angle Ryckaert-Bell.  Improper Dih.          LJ-14
    2.32667e+03    1.75414e+04    1.58029e+04    4.33706e+02    1.55123e+04
     Coulomb-14        LJ (SR)   Coulomb (SR)      Potential Pressure (bar)
   -1.39069e+05   -6.02095e+04   -1.61682e+05   -3.09343e+05    6.92246e+02

           Step           Time
             73       73.00000

           Step           Time
             74       74.00000

   Energies (kJ/mol)
           Bond          Angle Ryckaert-Bell.  Improper Dih.          LJ-14
    2.31716e+03    1.75070e+04    1.57889e+04    4.33257e+02    1.55080e+04
     Coulomb-14        LJ (SR)   Coulomb (SR)      Potential Pressure (bar)
   -1.39065e+05   -6.02237e+04   -1.61698e+05   -3.09433e+05    7.06795e+02

           Step           Time
             75       75.00000

   Energies (kJ/mol)
           Bond          Angle Ryckaert-Bell.  Improper Dih.          LJ-14
    2.35300e+03    1.74909e+04    1.57691e+04    4.33276e+02    1.54954e+04
     Coulomb-14        LJ (SR)   Coulomb (SR)      Potential Pressure (bar)
   -1.39066e+05   -6.02514e+04   -1.61713e+05   -3.09488e+05    6.60699e+02

           Step           Time
             76       76.00000

   Energies (kJ/mol)
           Bond          Angle Ryckaert-Bell.  Improper Dih.          LJ-14
    2.35577e+03    1.74530e+04    1.57549e+04    4.33175e+02    1.54916e+04
     Coulomb-14        LJ (SR)   Coulomb (SR)      Potential Pressure (bar)
   -1.39059e+05   -6.02651e+04   -1.61729e+05   -3.09565e+05    6.91283e+02

           Step           Time
             77       77.00000

   Energies (kJ/mol)
           Bond          Angle Ryckaert-Bell.  Improper Dih.          LJ-14
    2.41346e+03    1.74487e+04    1.57363e+04    4.33234e+02    1.54782e+04
     Coulomb-14        LJ (SR)   Coulomb (SR)      Potential Pressure (bar)
   -1.39063e+05   -6.02929e+04   -1.61740e+05   -3.09587e+05    6.51052e+02

           Step           Time
             78       78.00000

   Energies (kJ/mol)
           Bond          Angle Ryckaert-Bell.  Improper Dih.          LJ-14
    2.43520e+03    1.74112e+04    1.57216e+04    4.33046e+02    1.54768e+04
     Coulomb-14        LJ (SR)   Coulomb (SR)      Potential Pressure (bar)
   -1.39053e+05   -6.03043e+04   -1.61755e+05   -3.09634e+05    6.61881e+02

           Step           Time
             79       79.00000

           Step           Time
             80       80.00000

   Energies (kJ/mol)
           Bond          Angle Ryckaert-Bell.  Improper Dih.          LJ-14
    2.29101e+03    1.73696e+04    1.57119e+04    4.32763e+02    1.54685e+04
     Coulomb-14        LJ (SR)   Coulomb (SR)      Potential Pressure (bar)
   -1.39057e+05   -6.03204e+04   -1.61781e+05   -3.09885e+05    6.52814e+02

           Step           Time
             81       81.00000

   Energies (kJ/mol)
           Bond          Angle Ryckaert-Bell.  Improper Dih.          LJ-14
    2.45366e+03    1.73071e+04    1.56514e+04    4.31317e+02    1.54427e+04
     Coulomb-14        LJ (SR)   Coulomb (SR)      Potential Pressure (bar)
   -1.39047e+05   -6.03822e+04   -1.61812e+05   -3.09955e+05    6.28311e+02

           Step           Time
             82       82.00000

   Energies (kJ/mol)
           Bond          Angle Ryckaert-Bell.  Improper Dih.          LJ-14
    2.31340e+03    1.72630e+04    1.56406e+04    4.30900e+02    1.54329e+04
     Coulomb-14        LJ (SR)   Coulomb (SR)      Potential Pressure (bar)
   -1.39049e+05   -6.04021e+04   -1.61848e+05   -3.10218e+05    6.32321e+02

           Step           Time
             83       83.00000

           Step           Time
             84       84.00000

   Energies (kJ/mol)
           Bond          Angle Ryckaert-Bell.  Improper Dih.          LJ-14
    2.31549e+03    1.72301e+04    1.56273e+04    4.30967e+02    1.54306e+04
     Coulomb-14        LJ (SR)   Coulomb (SR)      Potential Pressure (bar)
   -1.39045e+05   -6.04151e+04   -1.61858e+05   -3.10284e+05    6.09593e+02

           Step           Time
             85       85.00000

   Energies (kJ/mol)
           Bond          Angle Ryckaert-Bell.  Improper Dih.          LJ-14
    2.34124e+03    1.72260e+04    1.56111e+04    4.31070e+02    1.54196e+04
     Coulomb-14        LJ (SR)   Coulomb (SR)      Potential Pressure (bar)
   -1.39048e+05   -6.04379e+04   -1.61874e+05   -3.10331e+05    6.22779e+02

           Step           Time
             86       86.00000

   Energies (kJ/mol)
           Bond          Angle Ryckaert-Bell.  Improper Dih.          LJ-14
    2.35994e+03    1.71914e+04    1.55968e+04    4.30598e+02    1.54187e+04
     Coulomb-14        LJ (SR)   Coulomb (SR)      Potential Pressure (bar)
   -1.39040e+05   -6.04519e+04   -1.61877e+05   -3.10371e+05    5.88530e+02

           Step           Time
             87       87.00000

   Energies (kJ/mol)
           Bond          Angle Ryckaert-Bell.  Improper Dih.          LJ-14
    2.40277e+03    1.72004e+04    1.55804e+04    4.30339e+02    1.54054e+04
     Coulomb-14        LJ (SR)   Coulomb (SR)      Potential Pressure (bar)
   -1.39048e+05   -6.04730e+04   -1.61895e+05   -3.10397e+05    6.15994e+02

           Step           Time
             88       88.00000

           Step           Time
             89       89.00000

   Energies (kJ/mol)
           Bond          Angle Ryckaert-Bell.  Improper Dih.          LJ-14
    2.28212e+03    1.71450e+04    1.55733e+04    4.30326e+02    1.54059e+04
     Coulomb-14        LJ (SR)   Coulomb (SR)      Potential Pressure (bar)
   -1.39041e+05   -6.04805e+04   -1.61914e+05   -3.10599e+05    5.99428e+02


Steepest Descents converged to Fmax < 1000 in 90 steps
Potential Energy  = -3.1059853e+05
Maximum force     =  8.7520093e+02 on atom 591
Norm of force     =  4.1033666e+01
Finished mdrun on rank 0 Mon May 23 20:07:21 2022

